{"C:\\Users\\Azer\\RideMobile\\src\\components\\PaymentMethodSelector.tsx": {"path":"C:\\Users\\Azer\\RideMobile\\src\\components\\PaymentMethodSelector.tsx","statementMap":{"0":{"start":{"line":1,"column":0},"end":{"line":1,"column":26}},"1":{"start":{"line":2,"column":0},"end":{"line":2,"column":66}},"2":{"start":{"line":3,"column":0},"end":{"line":3,"column":null}},"3":{"start":{"line":20,"column":68},"end":{"line":148,"column":1}},"4":{"start":{"line":26,"column":24},"end":{"line":37,"column":3}},"5":{"start":{"line":27,"column":4},"end":{"line":36,"column":5}},"6":{"start":{"line":29,"column":8},"end":{"line":29,"column":22}},"7":{"start":{"line":31,"column":8},"end":{"line":31,"column":24}},"8":{"start":{"line":33,"column":8},"end":{"line":33,"column":29}},"9":{"start":{"line":35,"column":8},"end":{"line":35,"column":30}},"10":{"start":{"line":39,"column":25},"end":{"line":52,"column":3}},"11":{"start":{"line":40,"column":4},"end":{"line":40,"column":39}},"12":{"start":{"line":40,"column":25},"end":{"line":40,"column":39}},"13":{"start":{"line":42,"column":4},"end":{"line":51,"column":5}},"14":{"start":{"line":44,"column":8},"end":{"line":44,"column":25}},"15":{"start":{"line":46,"column":8},"end":{"line":46,"column":25}},"16":{"start":{"line":48,"column":8},"end":{"line":48,"column":25}},"17":{"start":{"line":50,"column":8},"end":{"line":50,"column":22}},"18":{"start":{"line":54,"column":2},"end":{"line":147,"column":4}},"19":{"start":{"line":64,"column":10},"end":{"line":64,"column":null}},"20":{"start":{"line":71,"column":29},"end":{"line":71,"column":69}},"21":{"start":{"line":150,"column":15},"end":{"line":228,"column":2}},"22":{"start":{"line":230,"column":0},"end":{"line":230,"column":37}}},"fnMap":{"0":{"name":"(anonymous_1)","decl":{"start":{"line":20,"column":68},"end":{"line":20,"column":69}},"loc":{"start":{"line":25,"column":5},"end":{"line":148,"column":1}}},"1":{"name":"(anonymous_2)","decl":{"start":{"line":26,"column":24},"end":{"line":26,"column":25}},"loc":{"start":{"line":26,"column":50},"end":{"line":37,"column":3}}},"2":{"name":"(anonymous_3)","decl":{"start":{"line":39,"column":25},"end":{"line":39,"column":26}},"loc":{"start":{"line":39,"column":51},"end":{"line":52,"column":3}}},"3":{"name":"(anonymous_4)","decl":{"start":{"line":63,"column":30},"end":{"line":63,"column":31}},"loc":{"start":{"line":64,"column":10},"end":{"line":64,"column":null}}},"4":{"name":"(anonymous_5)","decl":{"start":{"line":71,"column":23},"end":{"line":71,"column":26}},"loc":{"start":{"line":71,"column":29},"end":{"line":71,"column":69}}}},"branchMap":{"0":{"loc":{"start":{"line":24,"column":2},"end":{"line":24,"column":18}},"type":"default-arg","locations":[{"start":{"line":24,"column":14},"end":{"line":24,"column":18}}]},"1":{"loc":{"start":{"line":27,"column":4},"end":{"line":36,"column":5}},"type":"switch","locations":[{"start":{"line":28,"column":6},"end":{"line":29,"column":22}},{"start":{"line":30,"column":6},"end":{"line":31,"column":24}},{"start":{"line":32,"column":6},"end":{"line":33,"column":29}},{"start":{"line":34,"column":6},"end":{"line":35,"column":30}}]},"2":{"loc":{"start":{"line":40,"column":4},"end":{"line":40,"column":39}},"type":"if","locations":[{"start":{"line":40,"column":4},"end":{"line":40,"column":39}}]},"3":{"loc":{"start":{"line":42,"column":4},"end":{"line":51,"column":5}},"type":"switch","locations":[{"start":{"line":43,"column":6},"end":{"line":44,"column":25}},{"start":{"line":45,"column":6},"end":{"line":46,"column":25}},{"start":{"line":47,"column":6},"end":{"line":48,"column":25}},{"start":{"line":49,"column":6},"end":{"line":50,"column":22}}]},"4":{"loc":{"start":{"line":56,"column":7},"end":{"line":59,"column":null}},"type":"binary-expr","locations":[{"start":{"line":56,"column":7},"end":{"line":56,"column":16}},{"start":{"line":57,"column":8},"end":{"line":57,"column":null}}]},"5":{"loc":{"start":{"line":68,"column":16},"end":{"line":68,"column":54}},"type":"binary-expr","locations":[{"start":{"line":68,"column":16},"end":{"line":68,"column":31}},{"start":{"line":68,"column":35},"end":{"line":68,"column":54}}]},"6":{"loc":{"start":{"line":69,"column":16},"end":{"line":69,"column":70}},"type":"binary-expr","locations":[{"start":{"line":69,"column":16},"end":{"line":69,"column":47}},{"start":{"line":69,"column":51},"end":{"line":69,"column":70}}]},"7":{"loc":{"start":{"line":71,"column":29},"end":{"line":71,"column":69}},"type":"binary-expr","locations":[{"start":{"line":71,"column":29},"end":{"line":71,"column":43}},{"start":{"line":71,"column":47},"end":{"line":71,"column":69}}]},"8":{"loc":{"start":{"line":86,"column":24},"end":{"line":86,"column":62}},"type":"binary-expr","locations":[{"start":{"line":86,"column":24},"end":{"line":86,"column":39}},{"start":{"line":86,"column":43},"end":{"line":86,"column":62}}]},"9":{"loc":{"start":{"line":95,"column":24},"end":{"line":95,"column":62}},"type":"binary-expr","locations":[{"start":{"line":95,"column":24},"end":{"line":95,"column":39}},{"start":{"line":95,"column":43},"end":{"line":95,"column":62}}]},"10":{"loc":{"start":{"line":104,"column":19},"end":{"line":112,"column":null}},"type":"binary-expr","locations":[{"start":{"line":104,"column":19},"end":{"line":104,"column":34}},{"start":{"line":105,"column":20},"end":{"line":109,"column":null}}]},"11":{"loc":{"start":{"line":115,"column":19},"end":{"line":116,"column":null}},"type":"binary-expr","locations":[{"start":{"line":115,"column":19},"end":{"line":115,"column":33}},{"start":{"line":115,"column":37},"end":{"line":115,"column":68}},{"start":{"line":116,"column":20},"end":{"line":116,"column":76}}]},"12":{"loc":{"start":{"line":119,"column":19},"end":{"line":120,"column":null}},"type":"binary-expr","locations":[{"start":{"line":119,"column":19},"end":{"line":119,"column":33}},{"start":{"line":119,"column":37},"end":{"line":119,"column":68}},{"start":{"line":120,"column":20},"end":{"line":120,"column":75}}]},"13":{"loc":{"start":{"line":126,"column":13},"end":{"line":127,"column":null}},"type":"binary-expr","locations":[{"start":{"line":126,"column":13},"end":{"line":126,"column":48}},{"start":{"line":127,"column":14},"end":{"line":127,"column":48}}]}},"s":{"0":1,"1":1,"2":1,"3":1,"4":10,"5":40,"6":19,"7":11,"8":10,"9":0,"10":10,"11":40,"12":21,"13":19,"14":19,"15":0,"16":0,"17":0,"18":10,"19":30,"20":2,"21":1,"22":1},"f":{"0":10,"1":40,"2":40,"3":30,"4":2},"b":{"0":[8],"1":[19,11,10,0],"2":[21],"3":[19,0,0,0],"4":[10,9],"5":[30,20],"6":[30,10],"7":[2,1],"8":[30,20],"9":[30,20],"10":[30,20],"11":[30,10,9],"12":[30,10,1],"13":[30,20]}}
,"C:\\Users\\Azer\\RideMobile\\src\\constants\\index.ts": {"path":"C:\\Users\\Azer\\RideMobile\\src\\constants\\index.ts","statementMap":{"0":{"start":{"line":2,"column":13},"end":{"line":6,"column":11}},"1":{"start":{"line":9,"column":13},"end":{"line":13,"column":11}},"2":{"start":{"line":16,"column":13},"end":{"line":20,"column":11}}},"fnMap":{},"branchMap":{"0":{"loc":{"start":{"line":3,"column":12},"end":{"line":3,"column":74}},"type":"binary-expr","locations":[{"start":{"line":3,"column":12},"end":{"line":3,"column":43}},{"start":{"line":3,"column":47},"end":{"line":3,"column":74}}]},"1":{"loc":{"start":{"line":4,"column":10},"end":{"line":4,"column":65}},"type":"binary-expr","locations":[{"start":{"line":4,"column":10},"end":{"line":4,"column":40}},{"start":{"line":4,"column":44},"end":{"line":4,"column":65}}]},"2":{"loc":{"start":{"line":19,"column":15},"end":{"line":19,"column":53}},"type":"cond-expr","locations":[{"start":{"line":19,"column":25},"end":{"line":19,"column":38}},{"start":{"line":19,"column":41},"end":{"line":19,"column":53}}]}},"s":{"0":0,"1":0,"2":0},"f":{},"b":{"0":[0,0],"1":[0,0],"2":[0,0]}}
,"C:\\Users\\Azer\\RideMobile\\src\\contexts\\AuthContext.tsx": {"path":"C:\\Users\\Azer\\RideMobile\\src\\contexts\\AuthContext.tsx","statementMap":{"0":{"start":{"line":1,"column":0},"end":{"line":1,"column":89}},"1":{"start":{"line":2,"column":0},"end":{"line":2,"column":85}},"2":{"start":{"line":3,"column":0},"end":{"line":3,"column":63}},"3":{"start":{"line":15,"column":20},"end":{"line":15,"column":73}},"4":{"start":{"line":21,"column":57},"end":{"line":156,"column":1}},"5":{"start":{"line":22,"column":26},"end":{"line":22,"column":53}},"6":{"start":{"line":23,"column":36},"end":{"line":23,"column":50}},"7":{"start":{"line":26,"column":2},"end":{"line":28,"column":9}},"8":{"start":{"line":27,"column":4},"end":{"line":27,"column":22}},"9":{"start":{"line":30,"column":26},"end":{"line":60,"column":3}},"10":{"start":{"line":31,"column":4},"end":{"line":59,"column":5}},"11":{"start":{"line":32,"column":6},"end":{"line":32,"column":25}},"12":{"start":{"line":35,"column":21},"end":{"line":35,"column":56}},"13":{"start":{"line":37,"column":6},"end":{"line":51,"column":7}},"14":{"start":{"line":39,"column":28},"end":{"line":39,"column":62}},"15":{"start":{"line":40,"column":8},"end":{"line":48,"column":9}},"16":{"start":{"line":41,"column":10},"end":{"line":41,"column":31}},"17":{"start":{"line":43,"column":10},"end":{"line":43,"column":46}},"18":{"start":{"line":46,"column":10},"end":{"line":46,"column":37}},"19":{"start":{"line":47,"column":10},"end":{"line":47,"column":24}},"20":{"start":{"line":50,"column":8},"end":{"line":50,"column":22}},"21":{"start":{"line":53,"column":6},"end":{"line":53,"column":49}},"22":{"start":{"line":55,"column":6},"end":{"line":55,"column":33}},"23":{"start":{"line":56,"column":6},"end":{"line":56,"column":20}},"24":{"start":{"line":58,"column":6},"end":{"line":58,"column":26}},"25":{"start":{"line":63,"column":38},"end":{"line":84,"column":3}},"26":{"start":{"line":64,"column":4},"end":{"line":83,"column":5}},"27":{"start":{"line":65,"column":6},"end":{"line":65,"column":59}},"28":{"start":{"line":68,"column":24},"end":{"line":68,"column":62}},"29":{"start":{"line":70,"column":6},"end":{"line":80,"column":7}},"30":{"start":{"line":72,"column":24},"end":{"line":72,"column":78}},"31":{"start":{"line":73,"column":8},"end":{"line":77,"column":9}},"32":{"start":{"line":74,"column":10},"end":{"line":74,"column":71}},"33":{"start":{"line":76,"column":10},"end":{"line":76,"column":71}},"34":{"start":{"line":79,"column":8},"end":{"line":79,"column":51}},"35":{"start":{"line":82,"column":6},"end":{"line":82,"column":71}},"36":{"start":{"line":86,"column":16},"end":{"line":100,"column":3}},"37":{"start":{"line":87,"column":4},"end":{"line":99,"column":5}},"38":{"start":{"line":88,"column":6},"end":{"line":88,"column":25}},"39":{"start":{"line":89,"column":23},"end":{"line":89,"column":59}},"40":{"start":{"line":90,"column":6},"end":{"line":90,"column":29}},"41":{"start":{"line":93,"column":6},"end":{"line":93,"column":42}},"42":{"start":{"line":95,"column":6},"end":{"line":95,"column":44}},"43":{"start":{"line":96,"column":6},"end":{"line":96,"column":18}},"44":{"start":{"line":98,"column":6},"end":{"line":98,"column":26}},"45":{"start":{"line":102,"column":19},"end":{"line":116,"column":3}},"46":{"start":{"line":103,"column":4},"end":{"line":115,"column":5}},"47":{"start":{"line":104,"column":6},"end":{"line":104,"column":25}},"48":{"start":{"line":105,"column":23},"end":{"line":105,"column":59}},"49":{"start":{"line":106,"column":6},"end":{"line":106,"column":29}},"50":{"start":{"line":109,"column":6},"end":{"line":109,"column":42}},"51":{"start":{"line":111,"column":6},"end":{"line":111,"column":51}},"52":{"start":{"line":112,"column":6},"end":{"line":112,"column":18}},"53":{"start":{"line":114,"column":6},"end":{"line":114,"column":26}},"54":{"start":{"line":118,"column":17},"end":{"line":129,"column":3}},"55":{"start":{"line":119,"column":4},"end":{"line":128,"column":5}},"56":{"start":{"line":120,"column":6},"end":{"line":120,"column":25}},"57":{"start":{"line":121,"column":6},"end":{"line":121,"column":33}},"58":{"start":{"line":123,"column":6},"end":{"line":123,"column":44}},"59":{"start":{"line":126,"column":6},"end":{"line":126,"column":20}},"60":{"start":{"line":127,"column":6},"end":{"line":127,"column":26}},"61":{"start":{"line":131,"column":22},"end":{"line":139,"column":3}},"62":{"start":{"line":132,"column":4},"end":{"line":138,"column":5}},"63":{"start":{"line":133,"column":26},"end":{"line":133,"column":60}},"64":{"start":{"line":134,"column":6},"end":{"line":134,"column":27}},"65":{"start":{"line":136,"column":6},"end":{"line":136,"column":51}},"66":{"start":{"line":137,"column":6},"end":{"line":137,"column":20}},"67":{"start":{"line":141,"column":33},"end":{"line":149,"column":4}},"68":{"start":{"line":151,"column":2},"end":{"line":155,"column":4}},"69":{"start":{"line":21,"column":13},"end":{"line":21,"column":57}},"70":{"start":{"line":158,"column":23},"end":{"line":164,"column":1}},"71":{"start":{"line":159,"column":18},"end":{"line":159,"column":41}},"72":{"start":{"line":160,"column":2},"end":{"line":162,"column":3}},"73":{"start":{"line":161,"column":4},"end":{"line":161,"column":67}},"74":{"start":{"line":163,"column":2},"end":{"line":163,"column":17}},"75":{"start":{"line":158,"column":13},"end":{"line":158,"column":23}}},"fnMap":{"0":{"name":"(anonymous_0)","decl":{"start":{"line":21,"column":57},"end":{"line":21,"column":58}},"loc":{"start":{"line":21,"column":74},"end":{"line":156,"column":1}}},"1":{"name":"(anonymous_1)","decl":{"start":{"line":26,"column":12},"end":{"line":26,"column":15}},"loc":{"start":{"line":26,"column":17},"end":{"line":28,"column":3}}},"2":{"name":"(anonymous_2)","decl":{"start":{"line":30,"column":26},"end":{"line":30,"column":31}},"loc":{"start":{"line":30,"column":37},"end":{"line":60,"column":3}}},"3":{"name":"(anonymous_3)","decl":{"start":{"line":63,"column":38},"end":{"line":63,"column":43}},"loc":{"start":{"line":63,"column":49},"end":{"line":84,"column":3}}},"4":{"name":"(anonymous_4)","decl":{"start":{"line":86,"column":16},"end":{"line":86,"column":21}},"loc":{"start":{"line":86,"column":56},"end":{"line":100,"column":3}}},"5":{"name":"(anonymous_5)","decl":{"start":{"line":102,"column":19},"end":{"line":102,"column":24}},"loc":{"start":{"line":102,"column":52},"end":{"line":116,"column":3}}},"6":{"name":"(anonymous_6)","decl":{"start":{"line":118,"column":17},"end":{"line":118,"column":22}},"loc":{"start":{"line":118,"column":28},"end":{"line":129,"column":3}}},"7":{"name":"(anonymous_7)","decl":{"start":{"line":131,"column":22},"end":{"line":131,"column":27}},"loc":{"start":{"line":131,"column":33},"end":{"line":139,"column":3}}},"8":{"name":"(anonymous_8)","decl":{"start":{"line":158,"column":23},"end":{"line":158,"column":43}},"loc":{"start":{"line":158,"column":45},"end":{"line":164,"column":1}}}},"branchMap":{"0":{"loc":{"start":{"line":37,"column":6},"end":{"line":51,"column":7}},"type":"if","locations":[{"start":{"line":37,"column":6},"end":{"line":51,"column":7}},{"start":{"line":49,"column":13},"end":{"line":51,"column":7}}]},"1":{"loc":{"start":{"line":40,"column":8},"end":{"line":48,"column":9}},"type":"if","locations":[{"start":{"line":40,"column":8},"end":{"line":48,"column":9}},{"start":{"line":44,"column":15},"end":{"line":48,"column":9}}]},"2":{"loc":{"start":{"line":70,"column":6},"end":{"line":80,"column":7}},"type":"if","locations":[{"start":{"line":70,"column":6},"end":{"line":80,"column":7}},{"start":{"line":78,"column":13},"end":{"line":80,"column":7}}]},"3":{"loc":{"start":{"line":73,"column":8},"end":{"line":77,"column":9}},"type":"if","locations":[{"start":{"line":73,"column":8},"end":{"line":77,"column":9}},{"start":{"line":75,"column":15},"end":{"line":77,"column":9}}]},"4":{"loc":{"start":{"line":160,"column":2},"end":{"line":162,"column":3}},"type":"if","locations":[{"start":{"line":160,"column":2},"end":{"line":162,"column":3}}]}},"s":{"0":1,"1":1,"2":1,"3":1,"4":1,"5":0,"6":0,"7":0,"8":0,"9":0,"10":0,"11":0,"12":0,"13":0,"14":0,"15":0,"16":0,"17":0,"18":0,"19":0,"20":0,"21":0,"22":0,"23":0,"24":0,"25":0,"26":0,"27":0,"28":0,"29":0,"30":0,"31":0,"32":0,"33":0,"34":0,"35":0,"36":0,"37":0,"38":0,"39":0,"40":0,"41":0,"42":0,"43":0,"44":0,"45":0,"46":0,"47":0,"48":0,"49":0,"50":0,"51":0,"52":0,"53":0,"54":0,"55":0,"56":0,"57":0,"58":0,"59":0,"60":0,"61":0,"62":0,"63":0,"64":0,"65":0,"66":0,"67":0,"68":0,"69":1,"70":1,"71":0,"72":0,"73":0,"74":0,"75":1},"f":{"0":0,"1":0,"2":0,"3":0,"4":0,"5":0,"6":0,"7":0,"8":0},"b":{"0":[0,0],"1":[0,0],"2":[0,0],"3":[0,0],"4":[0]}}
,"C:\\Users\\Azer\\RideMobile\\src\\contexts\\NotificationContext.tsx": {"path":"C:\\Users\\Azer\\RideMobile\\src\\contexts\\NotificationContext.tsx","statementMap":{"0":{"start":{"line":1,"column":0},"end":{"line":1,"column":78}},"1":{"start":{"line":2,"column":0},"end":{"line":2,"column":37}},"2":{"start":{"line":3,"column":0},"end":{"line":3,"column":40}},"3":{"start":{"line":4,"column":0},"end":{"line":4,"column":63}},"4":{"start":{"line":11,"column":28},"end":{"line":11,"column":89}},"5":{"start":{"line":13,"column":31},"end":{"line":19,"column":1}},"6":{"start":{"line":14,"column":18},"end":{"line":14,"column":49}},"7":{"start":{"line":15,"column":2},"end":{"line":17,"column":3}},"8":{"start":{"line":16,"column":4},"end":{"line":16,"column":82}},"9":{"start":{"line":18,"column":2},"end":{"line":18,"column":17}},"10":{"start":{"line":13,"column":13},"end":{"line":13,"column":31}},"11":{"start":{"line":25,"column":73},"end":{"line":95,"column":1}},"12":{"start":{"line":26,"column":60},"end":{"line":26,"column":75}},"13":{"start":{"line":27,"column":36},"end":{"line":27,"column":55}},"14":{"start":{"line":28,"column":19},"end":{"line":28,"column":28}},"15":{"start":{"line":30,"column":2},"end":{"line":40,"column":13}},"16":{"start":{"line":31,"column":4},"end":{"line":35,"column":5}},"17":{"start":{"line":32,"column":6},"end":{"line":32,"column":35}},"18":{"start":{"line":34,"column":6},"end":{"line":34,"column":36}},"19":{"start":{"line":37,"column":4},"end":{"line":39,"column":6}},"20":{"start":{"line":38,"column":6},"end":{"line":38,"column":36}},"21":{"start":{"line":42,"column":37},"end":{"line":63,"column":3}},"22":{"start":{"line":43,"column":4},"end":{"line":43,"column":56}},"23":{"start":{"line":45,"column":34},"end":{"line":45,"column":82}},"24":{"start":{"line":46,"column":4},"end":{"line":46,"column":40}},"25":{"start":{"line":49,"column":4},"end":{"line":49,"column":74}},"26":{"start":{"line":52,"column":55},"end":{"line":52,"column":76}},"27":{"start":{"line":55,"column":41},"end":{"line":55,"column":61}},"28":{"start":{"line":57,"column":37},"end":{"line":57,"column":53}},"29":{"start":{"line":59,"column":4},"end":{"line":62,"column":7}},"30":{"start":{"line":65,"column":38},"end":{"line":71,"column":3}},"31":{"start":{"line":66,"column":4},"end":{"line":70,"column":5}},"32":{"start":{"line":67,"column":6},"end":{"line":67,"column":56}},"33":{"start":{"line":68,"column":6},"end":{"line":68,"column":65}},"34":{"start":{"line":69,"column":6},"end":{"line":69,"column":25}},"35":{"start":{"line":73,"column":31},"end":{"line":83,"column":3}},"36":{"start":{"line":74,"column":4},"end":{"line":82,"column":5}},"37":{"start":{"line":75,"column":6},"end":{"line":78,"column":9}},"38":{"start":{"line":80,"column":6},"end":{"line":80,"column":63}},"39":{"start":{"line":81,"column":6},"end":{"line":81,"column":63}},"40":{"start":{"line":85,"column":41},"end":{"line":88,"column":4}},"41":{"start":{"line":90,"column":2},"end":{"line":94,"column":4}},"42":{"start":{"line":25,"column":13},"end":{"line":25,"column":73}}},"fnMap":{"0":{"name":"(anonymous_0)","decl":{"start":{"line":13,"column":31},"end":{"line":13,"column":34}},"loc":{"start":{"line":13,"column":36},"end":{"line":19,"column":1}}},"1":{"name":"(anonymous_1)","decl":{"start":{"line":25,"column":73},"end":{"line":25,"column":74}},"loc":{"start":{"line":25,"column":90},"end":{"line":95,"column":1}}},"2":{"name":"(anonymous_2)","decl":{"start":{"line":30,"column":12},"end":{"line":30,"column":15}},"loc":{"start":{"line":30,"column":17},"end":{"line":40,"column":3}}},"3":{"name":"(anonymous_3)","decl":{"start":{"line":37,"column":11},"end":{"line":37,"column":14}},"loc":{"start":{"line":37,"column":16},"end":{"line":39,"column":5}}},"4":{"name":"(anonymous_4)","decl":{"start":{"line":42,"column":37},"end":{"line":42,"column":40}},"loc":{"start":{"line":42,"column":42},"end":{"line":63,"column":3}}},"5":{"name":"(anonymous_5)","decl":{"start":{"line":65,"column":38},"end":{"line":65,"column":41}},"loc":{"start":{"line":65,"column":43},"end":{"line":71,"column":3}}},"6":{"name":"(anonymous_6)","decl":{"start":{"line":73,"column":31},"end":{"line":73,"column":36}},"loc":{"start":{"line":73,"column":69},"end":{"line":83,"column":3}}}},"branchMap":{"0":{"loc":{"start":{"line":15,"column":2},"end":{"line":17,"column":3}},"type":"if","locations":[{"start":{"line":15,"column":2},"end":{"line":17,"column":3}}]},"1":{"loc":{"start":{"line":31,"column":4},"end":{"line":35,"column":5}},"type":"if","locations":[{"start":{"line":31,"column":4},"end":{"line":35,"column":5}},{"start":{"line":33,"column":11},"end":{"line":35,"column":5}}]},"2":{"loc":{"start":{"line":66,"column":4},"end":{"line":70,"column":5}},"type":"if","locations":[{"start":{"line":66,"column":4},"end":{"line":70,"column":5}}]}},"s":{"0":0,"1":0,"2":0,"3":0,"4":0,"5":0,"6":0,"7":0,"8":0,"9":0,"10":0,"11":0,"12":0,"13":0,"14":0,"15":0,"16":0,"17":0,"18":0,"19":0,"20":0,"21":0,"22":0,"23":0,"24":0,"25":0,"26":0,"27":0,"28":0,"29":0,"30":0,"31":0,"32":0,"33":0,"34":0,"35":0,"36":0,"37":0,"38":0,"39":0,"40":0,"41":0,"42":0},"f":{"0":0,"1":0,"2":0,"3":0,"4":0,"5":0,"6":0},"b":{"0":[0],"1":[0,0],"2":[0]}}
,"C:\\Users\\Azer\\RideMobile\\src\\contexts\\PaymentContext.tsx": {"path":"C:\\Users\\Azer\\RideMobile\\src\\contexts\\PaymentContext.tsx","statementMap":{"0":{"start":{"line":1,"column":0},"end":{"line":1,"column":91}},"1":{"start":{"line":2,"column":0},"end":{"line":2,"column":96}},"2":{"start":{"line":3,"column":0},"end":{"line":3,"column":40}},"3":{"start":{"line":21,"column":23},"end":{"line":21,"column":79}},"4":{"start":{"line":23,"column":26},"end":{"line":29,"column":1}},"5":{"start":{"line":24,"column":18},"end":{"line":24,"column":44}},"6":{"start":{"line":25,"column":2},"end":{"line":27,"column":3}},"7":{"start":{"line":26,"column":4},"end":{"line":26,"column":72}},"8":{"start":{"line":28,"column":2},"end":{"line":28,"column":17}},"9":{"start":{"line":23,"column":13},"end":{"line":23,"column":26}},"10":{"start":{"line":35,"column":63},"end":{"line":170,"column":1}},"11":{"start":{"line":36,"column":19},"end":{"line":36,"column":28}},"12":{"start":{"line":39,"column":60},"end":{"line":40,"column":null}},"13":{"start":{"line":42,"column":36},"end":{"line":43,"column":null}},"14":{"start":{"line":45,"column":56},"end":{"line":45,"column":71}},"15":{"start":{"line":46,"column":54},"end":{"line":46,"column":91}},"16":{"start":{"line":47,"column":46},"end":{"line":47,"column":72}},"17":{"start":{"line":50,"column":30},"end":{"line":57,"column":8}},"18":{"start":{"line":51,"column":4},"end":{"line":54,"column":5}},"19":{"start":{"line":52,"column":6},"end":{"line":52,"column":66}},"20":{"start":{"line":53,"column":6},"end":{"line":53,"column":13}},"21":{"start":{"line":55,"column":4},"end":{"line":55,"column":60}},"22":{"start":{"line":56,"column":4},"end":{"line":56,"column":37}},"23":{"start":{"line":60,"column":29},"end":{"line":115,"column":35}},"24":{"start":{"line":61,"column":4},"end":{"line":63,"column":5}},"25":{"start":{"line":62,"column":6},"end":{"line":62,"column":48}},"26":{"start":{"line":65,"column":4},"end":{"line":67,"column":5}},"27":{"start":{"line":66,"column":6},"end":{"line":66,"column":48}},"28":{"start":{"line":69,"column":4},"end":{"line":69,"column":33}},"29":{"start":{"line":71,"column":4},"end":{"line":114,"column":5}},"30":{"start":{"line":72,"column":6},"end":{"line":72,"column":105}},"31":{"start":{"line":77,"column":6},"end":{"line":101,"column":7}},"32":{"start":{"line":80,"column":10},"end":{"line":88,"column":13}},"33":{"start":{"line":89,"column":10},"end":{"line":89,"column":16}},"34":{"start":{"line":93,"column":10},"end":{"line":93,"column":66}},"35":{"start":{"line":97,"column":10},"end":{"line":97,"column":56}},"36":{"start":{"line":100,"column":10},"end":{"line":100,"column":52}},"37":{"start":{"line":103,"column":6},"end":{"line":103,"column":67}},"38":{"start":{"line":106,"column":6},"end":{"line":106,"column":55}},"39":{"start":{"line":106,"column":32},"end":{"line":106,"column":53}},"40":{"start":{"line":108,"column":6},"end":{"line":108,"column":24}},"41":{"start":{"line":110,"column":6},"end":{"line":110,"column":58}},"42":{"start":{"line":111,"column":6},"end":{"line":111,"column":18}},"43":{"start":{"line":113,"column":6},"end":{"line":113,"column":36}},"44":{"start":{"line":118,"column":30},"end":{"line":128,"column":8}},"45":{"start":{"line":119,"column":4},"end":{"line":127,"column":5}},"46":{"start":{"line":120,"column":6},"end":{"line":120,"column":67}},"47":{"start":{"line":121,"column":22},"end":{"line":121,"column":68}},"48":{"start":{"line":122,"column":6},"end":{"line":122,"column":37}},"49":{"start":{"line":123,"column":6},"end":{"line":123,"column":21}},"50":{"start":{"line":125,"column":6},"end":{"line":125,"column":64}},"51":{"start":{"line":126,"column":6},"end":{"line":126,"column":18}},"52":{"start":{"line":131,"column":32},"end":{"line":141,"column":12}},"53":{"start":{"line":132,"column":4},"end":{"line":132,"column":22}},"54":{"start":{"line":132,"column":15},"end":{"line":132,"column":22}},"55":{"start":{"line":134,"column":4},"end":{"line":140,"column":5}},"56":{"start":{"line":135,"column":6},"end":{"line":135,"column":51}},"57":{"start":{"line":136,"column":22},"end":{"line":136,"column":62}},"58":{"start":{"line":137,"column":6},"end":{"line":137,"column":33}},"59":{"start":{"line":139,"column":6},"end":{"line":139,"column":66}},"60":{"start":{"line":144,"column":27},"end":{"line":149,"column":8}},"61":{"start":{"line":145,"column":4},"end":{"line":145,"column":44}},"62":{"start":{"line":146,"column":4},"end":{"line":146,"column":32}},"63":{"start":{"line":147,"column":4},"end":{"line":147,"column":26}},"64":{"start":{"line":148,"column":4},"end":{"line":148,"column":71}},"65":{"start":{"line":152,"column":36},"end":{"line":163,"column":4}},"66":{"start":{"line":165,"column":2},"end":{"line":169,"column":4}},"67":{"start":{"line":35,"column":13},"end":{"line":35,"column":63}},"68":{"start":{"line":172,"column":0},"end":{"line":172,"column":30}}},"fnMap":{"0":{"name":"(anonymous_0)","decl":{"start":{"line":23,"column":26},"end":{"line":23,"column":49}},"loc":{"start":{"line":23,"column":51},"end":{"line":29,"column":1}}},"1":{"name":"(anonymous_1)","decl":{"start":{"line":35,"column":63},"end":{"line":35,"column":64}},"loc":{"start":{"line":35,"column":80},"end":{"line":170,"column":1}}},"2":{"name":"(anonymous_2)","decl":{"start":{"line":50,"column":42},"end":{"line":50,"column":43}},"loc":{"start":{"line":50,"column":68},"end":{"line":57,"column":3}}},"3":{"name":"(anonymous_3)","decl":{"start":{"line":60,"column":41},"end":{"line":60,"column":46}},"loc":{"start":{"line":60,"column":112},"end":{"line":115,"column":3}}},"4":{"name":"(anonymous_4)","decl":{"start":{"line":106,"column":24},"end":{"line":106,"column":28}},"loc":{"start":{"line":106,"column":32},"end":{"line":106,"column":53}}},"5":{"name":"(anonymous_5)","decl":{"start":{"line":118,"column":42},"end":{"line":118,"column":47}},"loc":{"start":{"line":118,"column":101},"end":{"line":128,"column":3}}},"6":{"name":"(anonymous_6)","decl":{"start":{"line":131,"column":44},"end":{"line":131,"column":49}},"loc":{"start":{"line":131,"column":55},"end":{"line":141,"column":3}}},"7":{"name":"(anonymous_7)","decl":{"start":{"line":144,"column":39},"end":{"line":144,"column":42}},"loc":{"start":{"line":144,"column":44},"end":{"line":149,"column":3}}}},"branchMap":{"0":{"loc":{"start":{"line":25,"column":2},"end":{"line":27,"column":3}},"type":"if","locations":[{"start":{"line":25,"column":2},"end":{"line":27,"column":3}}]},"1":{"loc":{"start":{"line":51,"column":4},"end":{"line":54,"column":5}},"type":"if","locations":[{"start":{"line":51,"column":4},"end":{"line":54,"column":5}}]},"2":{"loc":{"start":{"line":61,"column":4},"end":{"line":63,"column":5}},"type":"if","locations":[{"start":{"line":61,"column":4},"end":{"line":63,"column":5}}]},"3":{"loc":{"start":{"line":65,"column":4},"end":{"line":67,"column":5}},"type":"if","locations":[{"start":{"line":65,"column":4},"end":{"line":67,"column":5}}]},"4":{"loc":{"start":{"line":77,"column":6},"end":{"line":101,"column":7}},"type":"switch","locations":[{"start":{"line":78,"column":8},"end":{"line":89,"column":16}},{"start":{"line":91,"column":8},"end":{"line":93,"column":66}},{"start":{"line":95,"column":8},"end":{"line":97,"column":56}},{"start":{"line":99,"column":8},"end":{"line":100,"column":52}}]},"5":{"loc":{"start":{"line":132,"column":4},"end":{"line":132,"column":22}},"type":"if","locations":[{"start":{"line":132,"column":4},"end":{"line":132,"column":22}}]}},"s":{"0":1,"1":1,"2":1,"3":1,"4":1,"5":11,"6":11,"7":0,"8":11,"9":1,"10":1,"11":12,"12":12,"13":12,"14":12,"15":12,"16":12,"17":12,"18":1,"19":0,"20":0,"21":1,"22":1,"23":12,"24":4,"25":0,"26":4,"27":1,"28":3,"29":3,"30":3,"31":3,"32":3,"33":2,"34":0,"35":0,"36":0,"37":2,"38":2,"39":2,"40":2,"41":1,"42":1,"43":3,"44":12,"45":1,"46":1,"47":1,"48":1,"49":1,"50":0,"51":0,"52":12,"53":0,"54":0,"55":0,"56":0,"57":0,"58":0,"59":0,"60":12,"61":0,"62":0,"63":0,"64":0,"65":12,"66":12,"67":1,"68":1},"f":{"0":11,"1":12,"2":1,"3":4,"4":2,"5":1,"6":0,"7":0},"b":{"0":[0],"1":[0],"2":[0],"3":[1],"4":[3,0,0,0],"5":[0]}}
,"C:\\Users\\Azer\\RideMobile\\src\\contexts\\SocketContext.tsx": {"path":"C:\\Users\\Azer\\RideMobile\\src\\contexts\\SocketContext.tsx","statementMap":{"0":{"start":{"line":1,"column":0},"end":{"line":1,"column":78}},"1":{"start":{"line":2,"column":0},"end":{"line":2,"column":46}},"2":{"start":{"line":3,"column":0},"end":{"line":3,"column":40}},"3":{"start":{"line":23,"column":22},"end":{"line":23,"column":77}},"4":{"start":{"line":25,"column":25},"end":{"line":31,"column":1}},"5":{"start":{"line":26,"column":18},"end":{"line":26,"column":43}},"6":{"start":{"line":27,"column":2},"end":{"line":29,"column":3}},"7":{"start":{"line":28,"column":4},"end":{"line":28,"column":70}},"8":{"start":{"line":30,"column":2},"end":{"line":30,"column":17}},"9":{"start":{"line":25,"column":13},"end":{"line":25,"column":25}},"10":{"start":{"line":37,"column":61},"end":{"line":230,"column":1}},"11":{"start":{"line":38,"column":30},"end":{"line":38,"column":59}},"12":{"start":{"line":39,"column":40},"end":{"line":39,"column":55}},"13":{"start":{"line":40,"column":28},"end":{"line":40,"column":57}},"14":{"start":{"line":41,"column":19},"end":{"line":41,"column":28}},"15":{"start":{"line":43,"column":2},"end":{"line":53,"column":13}},"16":{"start":{"line":44,"column":4},"end":{"line":48,"column":5}},"17":{"start":{"line":45,"column":6},"end":{"line":45,"column":25}},"18":{"start":{"line":47,"column":6},"end":{"line":47,"column":25}},"19":{"start":{"line":50,"column":4},"end":{"line":52,"column":6}},"20":{"start":{"line":51,"column":6},"end":{"line":51,"column":25}},"21":{"start":{"line":55,"column":27},"end":{"line":129,"column":3}},"22":{"start":{"line":56,"column":4},"end":{"line":128,"column":5}},"23":{"start":{"line":57,"column":21},"end":{"line":57,"column":79}},"24":{"start":{"line":59,"column":29},"end":{"line":65,"column":8}},"25":{"start":{"line":67,"column":6},"end":{"line":78,"column":9}},"26":{"start":{"line":68,"column":8},"end":{"line":68,"column":43}},"27":{"start":{"line":69,"column":8},"end":{"line":69,"column":29}},"28":{"start":{"line":70,"column":8},"end":{"line":70,"column":23}},"29":{"start":{"line":73,"column":8},"end":{"line":73,"column":85}},"30":{"start":{"line":74,"column":8},"end":{"line":77,"column":11}},"31":{"start":{"line":80,"column":6},"end":{"line":83,"column":9}},"32":{"start":{"line":81,"column":8},"end":{"line":81,"column":43}},"33":{"start":{"line":82,"column":8},"end":{"line":82,"column":30}},"34":{"start":{"line":85,"column":6},"end":{"line":89,"column":9}},"35":{"start":{"line":86,"column":8},"end":{"line":86,"column":55}},"36":{"start":{"line":87,"column":8},"end":{"line":87,"column":30}},"37":{"start":{"line":88,"column":8},"end":{"line":88,"column":30}},"38":{"start":{"line":92,"column":6},"end":{"line":94,"column":9}},"39":{"start":{"line":93,"column":8},"end":{"line":93,"column":54}},"40":{"start":{"line":96,"column":6},"end":{"line":98,"column":9}},"41":{"start":{"line":97,"column":8},"end":{"line":97,"column":56}},"42":{"start":{"line":100,"column":6},"end":{"line":102,"column":9}},"43":{"start":{"line":101,"column":8},"end":{"line":101,"column":55}},"44":{"start":{"line":104,"column":6},"end":{"line":106,"column":9}},"45":{"start":{"line":105,"column":8},"end":{"line":105,"column":46}},"46":{"start":{"line":108,"column":6},"end":{"line":110,"column":9}},"47":{"start":{"line":109,"column":8},"end":{"line":109,"column":47}},"48":{"start":{"line":112,"column":6},"end":{"line":114,"column":9}},"49":{"start":{"line":113,"column":8},"end":{"line":113,"column":52}},"50":{"start":{"line":116,"column":6},"end":{"line":118,"column":9}},"51":{"start":{"line":117,"column":8},"end":{"line":117,"column":46}},"52":{"start":{"line":120,"column":6},"end":{"line":122,"column":9}},"53":{"start":{"line":121,"column":8},"end":{"line":121,"column":48}},"54":{"start":{"line":124,"column":6},"end":{"line":124,"column":32}},"55":{"start":{"line":126,"column":6},"end":{"line":126,"column":57}},"56":{"start":{"line":127,"column":6},"end":{"line":127,"column":46}},"57":{"start":{"line":131,"column":27},"end":{"line":138,"column":3}},"58":{"start":{"line":132,"column":4},"end":{"line":137,"column":5}},"59":{"start":{"line":133,"column":6},"end":{"line":133,"column":26}},"60":{"start":{"line":134,"column":6},"end":{"line":134,"column":22}},"61":{"start":{"line":135,"column":6},"end":{"line":135,"column":28}},"62":{"start":{"line":136,"column":6},"end":{"line":136,"column":21}},"63":{"start":{"line":141,"column":23},"end":{"line":145,"column":3}},"64":{"start":{"line":142,"column":4},"end":{"line":144,"column":5}},"65":{"start":{"line":143,"column":6},"end":{"line":143,"column":40}},"66":{"start":{"line":147,"column":27},"end":{"line":151,"column":3}},"67":{"start":{"line":148,"column":4},"end":{"line":150,"column":5}},"68":{"start":{"line":149,"column":6},"end":{"line":149,"column":44}},"69":{"start":{"line":153,"column":25},"end":{"line":157,"column":3}},"70":{"start":{"line":154,"column":4},"end":{"line":156,"column":5}},"71":{"start":{"line":155,"column":6},"end":{"line":155,"column":42}},"72":{"start":{"line":159,"column":25},"end":{"line":163,"column":3}},"73":{"start":{"line":160,"column":4},"end":{"line":162,"column":5}},"74":{"start":{"line":161,"column":6},"end":{"line":161,"column":42}},"75":{"start":{"line":165,"column":26},"end":{"line":169,"column":3}},"76":{"start":{"line":166,"column":4},"end":{"line":168,"column":5}},"77":{"start":{"line":167,"column":6},"end":{"line":167,"column":43}},"78":{"start":{"line":172,"column":19},"end":{"line":177,"column":3}},"79":{"start":{"line":173,"column":4},"end":{"line":176,"column":5}},"80":{"start":{"line":174,"column":6},"end":{"line":174,"column":79}},"81":{"start":{"line":175,"column":6},"end":{"line":175,"column":44}},"82":{"start":{"line":179,"column":29},"end":{"line":184,"column":3}},"83":{"start":{"line":180,"column":4},"end":{"line":183,"column":5}},"84":{"start":{"line":181,"column":6},"end":{"line":181,"column":64}},"85":{"start":{"line":182,"column":6},"end":{"line":182,"column":50}},"86":{"start":{"line":186,"column":26},"end":{"line":191,"column":3}},"87":{"start":{"line":187,"column":4},"end":{"line":190,"column":5}},"88":{"start":{"line":188,"column":6},"end":{"line":188,"column":57}},"89":{"start":{"line":189,"column":6},"end":{"line":189,"column":43}},"90":{"start":{"line":193,"column":25},"end":{"line":198,"column":3}},"91":{"start":{"line":194,"column":4},"end":{"line":197,"column":5}},"92":{"start":{"line":195,"column":6},"end":{"line":195,"column":53}},"93":{"start":{"line":196,"column":6},"end":{"line":196,"column":44}},"94":{"start":{"line":200,"column":25},"end":{"line":205,"column":3}},"95":{"start":{"line":201,"column":4},"end":{"line":204,"column":5}},"96":{"start":{"line":202,"column":6},"end":{"line":202,"column":65}},"97":{"start":{"line":203,"column":6},"end":{"line":203,"column":52}},"98":{"start":{"line":207,"column":35},"end":{"line":223,"column":4}},"99":{"start":{"line":225,"column":2},"end":{"line":229,"column":4}},"100":{"start":{"line":37,"column":13},"end":{"line":37,"column":61}}},"fnMap":{"0":{"name":"(anonymous_0)","decl":{"start":{"line":25,"column":25},"end":{"line":25,"column":28}},"loc":{"start":{"line":25,"column":30},"end":{"line":31,"column":1}}},"1":{"name":"(anonymous_1)","decl":{"start":{"line":37,"column":61},"end":{"line":37,"column":62}},"loc":{"start":{"line":37,"column":78},"end":{"line":230,"column":1}}},"2":{"name":"(anonymous_2)","decl":{"start":{"line":43,"column":12},"end":{"line":43,"column":15}},"loc":{"start":{"line":43,"column":17},"end":{"line":53,"column":3}}},"3":{"name":"(anonymous_3)","decl":{"start":{"line":50,"column":11},"end":{"line":50,"column":14}},"loc":{"start":{"line":50,"column":16},"end":{"line":52,"column":5}}},"4":{"name":"(anonymous_4)","decl":{"start":{"line":55,"column":27},"end":{"line":55,"column":30}},"loc":{"start":{"line":55,"column":32},"end":{"line":129,"column":3}}},"5":{"name":"(anonymous_5)","decl":{"start":{"line":67,"column":35},"end":{"line":67,"column":38}},"loc":{"start":{"line":67,"column":40},"end":{"line":78,"column":7}}},"6":{"name":"(anonymous_6)","decl":{"start":{"line":80,"column":38},"end":{"line":80,"column":41}},"loc":{"start":{"line":80,"column":43},"end":{"line":83,"column":7}}},"7":{"name":"(anonymous_7)","decl":{"start":{"line":85,"column":41},"end":{"line":85,"column":42}},"loc":{"start":{"line":85,"column":49},"end":{"line":89,"column":7}}},"8":{"name":"(anonymous_8)","decl":{"start":{"line":92,"column":38},"end":{"line":92,"column":39}},"loc":{"start":{"line":92,"column":47},"end":{"line":94,"column":7}}},"9":{"name":"(anonymous_9)","decl":{"start":{"line":96,"column":42},"end":{"line":96,"column":43}},"loc":{"start":{"line":96,"column":51},"end":{"line":98,"column":7}}},"10":{"name":"(anonymous_10)","decl":{"start":{"line":100,"column":40},"end":{"line":100,"column":41}},"loc":{"start":{"line":100,"column":49},"end":{"line":102,"column":7}}},"11":{"name":"(anonymous_11)","decl":{"start":{"line":104,"column":40},"end":{"line":104,"column":41}},"loc":{"start":{"line":104,"column":49},"end":{"line":106,"column":7}}},"12":{"name":"(anonymous_12)","decl":{"start":{"line":108,"column":41},"end":{"line":108,"column":42}},"loc":{"start":{"line":108,"column":50},"end":{"line":110,"column":7}}},"13":{"name":"(anonymous_13)","decl":{"start":{"line":112,"column":42},"end":{"line":112,"column":43}},"loc":{"start":{"line":112,"column":51},"end":{"line":114,"column":7}}},"14":{"name":"(anonymous_14)","decl":{"start":{"line":116,"column":39},"end":{"line":116,"column":40}},"loc":{"start":{"line":116,"column":48},"end":{"line":118,"column":7}}},"15":{"name":"(anonymous_15)","decl":{"start":{"line":120,"column":41},"end":{"line":120,"column":42}},"loc":{"start":{"line":120,"column":50},"end":{"line":122,"column":7}}},"16":{"name":"(anonymous_16)","decl":{"start":{"line":131,"column":27},"end":{"line":131,"column":30}},"loc":{"start":{"line":131,"column":32},"end":{"line":138,"column":3}}},"17":{"name":"(anonymous_17)","decl":{"start":{"line":141,"column":23},"end":{"line":141,"column":24}},"loc":{"start":{"line":141,"column":57},"end":{"line":145,"column":3}}},"18":{"name":"(anonymous_18)","decl":{"start":{"line":147,"column":27},"end":{"line":147,"column":28}},"loc":{"start":{"line":147,"column":61},"end":{"line":151,"column":3}}},"19":{"name":"(anonymous_19)","decl":{"start":{"line":153,"column":25},"end":{"line":153,"column":26}},"loc":{"start":{"line":153,"column":59},"end":{"line":157,"column":3}}},"20":{"name":"(anonymous_20)","decl":{"start":{"line":159,"column":25},"end":{"line":159,"column":26}},"loc":{"start":{"line":159,"column":59},"end":{"line":163,"column":3}}},"21":{"name":"(anonymous_21)","decl":{"start":{"line":165,"column":26},"end":{"line":165,"column":27}},"loc":{"start":{"line":165,"column":60},"end":{"line":169,"column":3}}},"22":{"name":"(anonymous_22)","decl":{"start":{"line":172,"column":19},"end":{"line":172,"column":20}},"loc":{"start":{"line":172,"column":61},"end":{"line":177,"column":3}}},"23":{"name":"(anonymous_23)","decl":{"start":{"line":179,"column":29},"end":{"line":179,"column":30}},"loc":{"start":{"line":179,"column":51},"end":{"line":184,"column":3}}},"24":{"name":"(anonymous_24)","decl":{"start":{"line":186,"column":26},"end":{"line":186,"column":27}},"loc":{"start":{"line":186,"column":44},"end":{"line":191,"column":3}}},"25":{"name":"(anonymous_25)","decl":{"start":{"line":193,"column":25},"end":{"line":193,"column":26}},"loc":{"start":{"line":193,"column":53},"end":{"line":198,"column":3}}},"26":{"name":"(anonymous_26)","decl":{"start":{"line":200,"column":25},"end":{"line":200,"column":26}},"loc":{"start":{"line":200,"column":70},"end":{"line":205,"column":3}}}},"branchMap":{"0":{"loc":{"start":{"line":27,"column":2},"end":{"line":29,"column":3}},"type":"if","locations":[{"start":{"line":27,"column":2},"end":{"line":29,"column":3}}]},"1":{"loc":{"start":{"line":44,"column":4},"end":{"line":48,"column":5}},"type":"if","locations":[{"start":{"line":44,"column":4},"end":{"line":48,"column":5}},{"start":{"line":46,"column":11},"end":{"line":48,"column":5}}]},"2":{"loc":{"start":{"line":57,"column":21},"end":{"line":57,"column":79}},"type":"binary-expr","locations":[{"start":{"line":57,"column":21},"end":{"line":57,"column":51}},{"start":{"line":57,"column":55},"end":{"line":57,"column":79}}]},"3":{"loc":{"start":{"line":132,"column":4},"end":{"line":137,"column":5}},"type":"if","locations":[{"start":{"line":132,"column":4},"end":{"line":137,"column":5}}]},"4":{"loc":{"start":{"line":142,"column":4},"end":{"line":144,"column":5}},"type":"if","locations":[{"start":{"line":142,"column":4},"end":{"line":144,"column":5}}]},"5":{"loc":{"start":{"line":148,"column":4},"end":{"line":150,"column":5}},"type":"if","locations":[{"start":{"line":148,"column":4},"end":{"line":150,"column":5}}]},"6":{"loc":{"start":{"line":154,"column":4},"end":{"line":156,"column":5}},"type":"if","locations":[{"start":{"line":154,"column":4},"end":{"line":156,"column":5}}]},"7":{"loc":{"start":{"line":160,"column":4},"end":{"line":162,"column":5}},"type":"if","locations":[{"start":{"line":160,"column":4},"end":{"line":162,"column":5}}]},"8":{"loc":{"start":{"line":166,"column":4},"end":{"line":168,"column":5}},"type":"if","locations":[{"start":{"line":166,"column":4},"end":{"line":168,"column":5}}]},"9":{"loc":{"start":{"line":173,"column":4},"end":{"line":176,"column":5}},"type":"if","locations":[{"start":{"line":173,"column":4},"end":{"line":176,"column":5}}]},"10":{"loc":{"start":{"line":180,"column":4},"end":{"line":183,"column":5}},"type":"if","locations":[{"start":{"line":180,"column":4},"end":{"line":183,"column":5}}]},"11":{"loc":{"start":{"line":187,"column":4},"end":{"line":190,"column":5}},"type":"if","locations":[{"start":{"line":187,"column":4},"end":{"line":190,"column":5}}]},"12":{"loc":{"start":{"line":194,"column":4},"end":{"line":197,"column":5}},"type":"if","locations":[{"start":{"line":194,"column":4},"end":{"line":197,"column":5}}]},"13":{"loc":{"start":{"line":201,"column":4},"end":{"line":204,"column":5}},"type":"if","locations":[{"start":{"line":201,"column":4},"end":{"line":204,"column":5}}]}},"s":{"0":0,"1":0,"2":0,"3":0,"4":0,"5":0,"6":0,"7":0,"8":0,"9":0,"10":0,"11":0,"12":0,"13":0,"14":0,"15":0,"16":0,"17":0,"18":0,"19":0,"20":0,"21":0,"22":0,"23":0,"24":0,"25":0,"26":0,"27":0,"28":0,"29":0,"30":0,"31":0,"32":0,"33":0,"34":0,"35":0,"36":0,"37":0,"38":0,"39":0,"40":0,"41":0,"42":0,"43":0,"44":0,"45":0,"46":0,"47":0,"48":0,"49":0,"50":0,"51":0,"52":0,"53":0,"54":0,"55":0,"56":0,"57":0,"58":0,"59":0,"60":0,"61":0,"62":0,"63":0,"64":0,"65":0,"66":0,"67":0,"68":0,"69":0,"70":0,"71":0,"72":0,"73":0,"74":0,"75":0,"76":0,"77":0,"78":0,"79":0,"80":0,"81":0,"82":0,"83":0,"84":0,"85":0,"86":0,"87":0,"88":0,"89":0,"90":0,"91":0,"92":0,"93":0,"94":0,"95":0,"96":0,"97":0,"98":0,"99":0,"100":0},"f":{"0":0,"1":0,"2":0,"3":0,"4":0,"5":0,"6":0,"7":0,"8":0,"9":0,"10":0,"11":0,"12":0,"13":0,"14":0,"15":0,"16":0,"17":0,"18":0,"19":0,"20":0,"21":0,"22":0,"23":0,"24":0,"25":0,"26":0},"b":{"0":[0],"1":[0,0],"2":[0,0],"3":[0],"4":[0],"5":[0],"6":[0],"7":[0],"8":[0],"9":[0],"10":[0],"11":[0],"12":[0],"13":[0]}}
,"C:\\Users\\Azer\\RideMobile\\src\\navigation\\AppNavigator.tsx": {"path":"C:\\Users\\Azer\\RideMobile\\src\\navigation\\AppNavigator.tsx","statementMap":{"0":{"start":{"line":1,"column":0},"end":{"line":1,"column":26}},"1":{"start":{"line":2,"column":0},"end":{"line":2,"column":63}},"2":{"start":{"line":3,"column":0},"end":{"line":3,"column":76}},"3":{"start":{"line":4,"column":0},"end":{"line":4,"column":50}},"4":{"start":{"line":5,"column":0},"end":{"line":5,"column":59}},"5":{"start":{"line":6,"column":0},"end":{"line":6,"column":67}},"6":{"start":{"line":8,"column":0},"end":{"line":8,"column":56}},"7":{"start":{"line":12,"column":0},"end":{"line":12,"column":54}},"8":{"start":{"line":13,"column":0},"end":{"line":13,"column":60}},"9":{"start":{"line":14,"column":0},"end":{"line":14,"column":61}},"10":{"start":{"line":15,"column":0},"end":{"line":15,"column":55}},"11":{"start":{"line":16,"column":0},"end":{"line":16,"column":53}},"12":{"start":{"line":17,"column":0},"end":{"line":17,"column":57}},"13":{"start":{"line":18,"column":0},"end":{"line":18,"column":53}},"14":{"start":{"line":19,"column":0},"end":{"line":19,"column":69}},"15":{"start":{"line":20,"column":0},"end":{"line":20,"column":67}},"16":{"start":{"line":21,"column":0},"end":{"line":21,"column":66}},"17":{"start":{"line":22,"column":0},"end":{"line":22,"column":67}},"18":{"start":{"line":23,"column":0},"end":{"line":23,"column":67}},"19":{"start":{"line":24,"column":0},"end":{"line":24,"column":73}},"20":{"start":{"line":25,"column":0},"end":{"line":25,"column":59}},"21":{"start":{"line":26,"column":0},"end":{"line":26,"column":65}},"22":{"start":{"line":28,"column":14},"end":{"line":28,"column":62}},"23":{"start":{"line":30,"column":31},"end":{"line":139,"column":1}},"24":{"start":{"line":31,"column":30},"end":{"line":31,"column":39}},"25":{"start":{"line":32,"column":16},"end":{"line":32,"column":29}},"26":{"start":{"line":33,"column":17},"end":{"line":33,"column":66}},"27":{"start":{"line":33,"column":37},"end":{"line":33,"column":56}},"28":{"start":{"line":36,"column":2},"end":{"line":42,"column":3}},"29":{"start":{"line":37,"column":4},"end":{"line":41,"column":6}},"30":{"start":{"line":44,"column":2},"end":{"line":138,"column":4}},"31":{"start":{"line":141,"column":21},"end":{"line":149,"column":4}},"32":{"start":{"line":142,"column":2},"end":{"line":149,"column":4}},"33":{"start":{"line":151,"column":0},"end":{"line":151,"column":28}}},"fnMap":{"0":{"name":"(anonymous_1)","decl":{"start":{"line":30,"column":31},"end":{"line":30,"column":34}},"loc":{"start":{"line":30,"column":36},"end":{"line":139,"column":1}}},"1":{"name":"(anonymous_2)","decl":{"start":{"line":33,"column":31},"end":{"line":33,"column":34}},"loc":{"start":{"line":33,"column":37},"end":{"line":33,"column":56}}},"2":{"name":"(anonymous_3)","decl":{"start":{"line":141,"column":21},"end":{"line":141,"column":22}},"loc":{"start":{"line":142,"column":2},"end":{"line":149,"column":4}}}},"branchMap":{"0":{"loc":{"start":{"line":36,"column":2},"end":{"line":42,"column":3}},"type":"if","locations":[{"start":{"line":36,"column":2},"end":{"line":42,"column":3}}]},"1":{"loc":{"start":{"line":48,"column":11},"end":{"line":133,"column":null}},"type":"cond-expr","locations":[{"start":{"line":50,"column":12},"end":{"line":118,"column":null}},{"start":{"line":122,"column":12},"end":{"line":132,"column":null}}]},"2":{"loc":{"start":{"line":51,"column":15},"end":{"line":62,"column":null}},"type":"cond-expr","locations":[{"start":{"line":52,"column":16},"end":{"line":55,"column":null}},{"start":{"line":58,"column":16},"end":{"line":61,"column":null}}]},"3":{"loc":{"start":{"line":77,"column":37},"end":{"line":77,"column":80}},"type":"cond-expr","locations":[{"start":{"line":77,"column":62},"end":{"line":77,"column":70}},{"start":{"line":77,"column":73},"end":{"line":77,"column":80}}]}},"s":{"0":0,"1":0,"2":0,"3":0,"4":0,"5":0,"6":0,"7":0,"8":0,"9":0,"10":0,"11":0,"12":0,"13":0,"14":0,"15":0,"16":0,"17":0,"18":0,"19":0,"20":0,"21":0,"22":0,"23":0,"24":0,"25":0,"26":0,"27":0,"28":0,"29":0,"30":0,"31":0,"32":0,"33":0},"f":{"0":0,"1":0,"2":0},"b":{"0":[0],"1":[0,0],"2":[0,0],"3":[0,0]}}
,"C:\\Users\\Azer\\RideMobile\\src\\screens\\DashboardScreen.tsx": {"path":"C:\\Users\\Azer\\RideMobile\\src\\screens\\DashboardScreen.tsx","statementMap":{"0":{"start":{"line":1,"column":0},"end":{"line":1,"column":26}},"1":{"start":{"line":2,"column":0},"end":{"line":2,"column":67}},"2":{"start":{"line":3,"column":0},"end":{"line":3,"column":70}},"3":{"start":{"line":4,"column":0},"end":{"line":4,"column":50}},"4":{"start":{"line":6,"column":0},"end":{"line":6,"column":55}},"5":{"start":{"line":9,"column":56},"end":{"line":286,"column":1}},"6":{"start":{"line":10,"column":27},"end":{"line":10,"column":36}},"7":{"start":{"line":11,"column":16},"end":{"line":11,"column":29}},"8":{"start":{"line":12,"column":17},"end":{"line":12,"column":66}},"9":{"start":{"line":12,"column":37},"end":{"line":12,"column":56}},"10":{"start":{"line":14,"column":23},"end":{"line":41,"column":3}},"11":{"start":{"line":15,"column":4},"end":{"line":40,"column":5}},"12":{"start":{"line":16,"column":6},"end":{"line":37,"column":8}},"13":{"start":{"line":28,"column":14},"end":{"line":33,"column":15}},"14":{"start":{"line":29,"column":16},"end":{"line":29,"column":31}},"15":{"start":{"line":31,"column":16},"end":{"line":31,"column":54}},"16":{"start":{"line":32,"column":16},"end":{"line":32,"column":78}},"17":{"start":{"line":39,"column":6},"end":{"line":39,"column":44}},"18":{"start":{"line":43,"column":29},"end":{"line":49,"column":3}},"19":{"start":{"line":44,"column":4},"end":{"line":48,"column":6}},"20":{"start":{"line":51,"column":32},"end":{"line":57,"column":3}},"21":{"start":{"line":52,"column":4},"end":{"line":56,"column":6}},"22":{"start":{"line":59,"column":28},"end":{"line":65,"column":3}},"23":{"start":{"line":60,"column":4},"end":{"line":64,"column":6}},"24":{"start":{"line":67,"column":31},"end":{"line":73,"column":3}},"25":{"start":{"line":68,"column":4},"end":{"line":72,"column":6}},"26":{"start":{"line":75,"column":2},"end":{"line":77,"column":3}},"27":{"start":{"line":76,"column":4},"end":{"line":76,"column":16}},"28":{"start":{"line":79,"column":19},"end":{"line":79,"column":56}},"29":{"start":{"line":81,"column":2},"end":{"line":285,"column":4}},"30":{"start":{"line":94,"column":73},"end":{"line":94,"column":84}},"31":{"start":{"line":142,"column":31},"end":{"line":142,"column":64}},"32":{"start":{"line":172,"column":31},"end":{"line":172,"column":58}},"33":{"start":{"line":288,"column":21},"end":{"line":429,"column":4}},"34":{"start":{"line":289,"column":2},"end":{"line":429,"column":4}},"35":{"start":{"line":431,"column":0},"end":{"line":431,"column":31}}},"fnMap":{"0":{"name":"(anonymous_1)","decl":{"start":{"line":9,"column":56},"end":{"line":9,"column":57}},"loc":{"start":{"line":9,"column":75},"end":{"line":286,"column":1}}},"1":{"name":"(anonymous_2)","decl":{"start":{"line":12,"column":31},"end":{"line":12,"column":34}},"loc":{"start":{"line":12,"column":37},"end":{"line":12,"column":56}}},"2":{"name":"(anonymous_3)","decl":{"start":{"line":14,"column":23},"end":{"line":14,"column":28}},"loc":{"start":{"line":14,"column":34},"end":{"line":41,"column":3}}},"3":{"name":"(anonymous_4)","decl":{"start":{"line":27,"column":21},"end":{"line":27,"column":26}},"loc":{"start":{"line":27,"column":32},"end":{"line":34,"column":13}}},"4":{"name":"(anonymous_5)","decl":{"start":{"line":43,"column":29},"end":{"line":43,"column":32}},"loc":{"start":{"line":43,"column":34},"end":{"line":49,"column":3}}},"5":{"name":"(anonymous_6)","decl":{"start":{"line":51,"column":32},"end":{"line":51,"column":35}},"loc":{"start":{"line":51,"column":37},"end":{"line":57,"column":3}}},"6":{"name":"(anonymous_7)","decl":{"start":{"line":59,"column":28},"end":{"line":59,"column":31}},"loc":{"start":{"line":59,"column":33},"end":{"line":65,"column":3}}},"7":{"name":"(anonymous_8)","decl":{"start":{"line":67,"column":31},"end":{"line":67,"column":34}},"loc":{"start":{"line":67,"column":36},"end":{"line":73,"column":3}}},"8":{"name":"(anonymous_9)","decl":{"start":{"line":94,"column":58},"end":{"line":94,"column":59}},"loc":{"start":{"line":94,"column":73},"end":{"line":94,"column":84}}},"9":{"name":"(anonymous_10)","decl":{"start":{"line":142,"column":25},"end":{"line":142,"column":28}},"loc":{"start":{"line":142,"column":31},"end":{"line":142,"column":64}}},"10":{"name":"(anonymous_11)","decl":{"start":{"line":172,"column":25},"end":{"line":172,"column":28}},"loc":{"start":{"line":172,"column":31},"end":{"line":172,"column":58}}},"11":{"name":"(anonymous_12)","decl":{"start":{"line":252,"column":27},"end":{"line":252,"column":30}},"loc":{"start":{"line":252,"column":32},"end":{"line":252,"column":77}}},"12":{"name":"(anonymous_13)","decl":{"start":{"line":288,"column":21},"end":{"line":288,"column":22}},"loc":{"start":{"line":289,"column":2},"end":{"line":429,"column":4}}}},"branchMap":{"0":{"loc":{"start":{"line":75,"column":2},"end":{"line":77,"column":3}},"type":"if","locations":[{"start":{"line":75,"column":2},"end":{"line":77,"column":3}}]},"1":{"loc":{"start":{"line":94,"column":21},"end":{"line":94,"column":161}},"type":"cond-expr","locations":[{"start":{"line":94,"column":33},"end":{"line":94,"column":124}},{"start":{"line":94,"column":127},"end":{"line":94,"column":161}}]},"2":{"loc":{"start":{"line":98,"column":17},"end":{"line":98,"column":36}},"type":"binary-expr","locations":[{"start":{"line":98,"column":17},"end":{"line":98,"column":26}},{"start":{"line":98,"column":30},"end":{"line":98,"column":36}}]},"3":{"loc":{"start":{"line":105,"column":41},"end":{"line":105,"column":88}},"type":"cond-expr","locations":[{"start":{"line":105,"column":52},"end":{"line":105,"column":69}},{"start":{"line":105,"column":72},"end":{"line":105,"column":88}}]},"4":{"loc":{"start":{"line":108,"column":17},"end":{"line":108,"column":46}},"type":"cond-expr","locations":[{"start":{"line":108,"column":28},"end":{"line":108,"column":36}},{"start":{"line":108,"column":39},"end":{"line":108,"column":46}}]},"5":{"loc":{"start":{"line":113,"column":11},"end":{"line":119,"column":null}},"type":"binary-expr","locations":[{"start":{"line":113,"column":11},"end":{"line":113,"column":19}},{"start":{"line":114,"column":12},"end":{"line":118,"column":null}}]},"6":{"loc":{"start":{"line":128,"column":13},"end":{"line":128,"column":66}},"type":"cond-expr","locations":[{"start":{"line":128,"column":24},"end":{"line":128,"column":42}},{"start":{"line":128,"column":45},"end":{"line":128,"column":66}}]},"7":{"loc":{"start":{"line":131,"column":13},"end":{"line":133,"column":79}},"type":"cond-expr","locations":[{"start":{"line":132,"column":16},"end":{"line":132,"column":65}},{"start":{"line":133,"column":16},"end":{"line":133,"column":79}}]},"8":{"loc":{"start":{"line":136,"column":11},"end":{"line":195,"column":null}},"type":"cond-expr","locations":[{"start":{"line":137,"column":12},"end":{"line":164,"column":null}},{"start":{"line":167,"column":12},"end":{"line":194,"column":null}}]},"9":{"loc":{"start":{"line":204,"column":13},"end":{"line":204,"column":58}},"type":"cond-expr","locations":[{"start":{"line":204,"column":24},"end":{"line":204,"column":39}},{"start":{"line":204,"column":42},"end":{"line":204,"column":58}}]},"10":{"loc":{"start":{"line":207,"column":11},"end":{"line":257,"column":null}},"type":"cond-expr","locations":[{"start":{"line":208,"column":12},"end":{"line":232,"column":null}},{"start":{"line":235,"column":12},"end":{"line":256,"column":null}}]},"11":{"loc":{"start":{"line":240,"column":45},"end":{"line":240,"column":89}},"type":"binary-expr","locations":[{"start":{"line":240,"column":45},"end":{"line":240,"column":61}},{"start":{"line":240,"column":65},"end":{"line":240,"column":89}}]},"12":{"loc":{"start":{"line":241,"column":53},"end":{"line":241,"column":101}},"type":"binary-expr","locations":[{"start":{"line":241,"column":53},"end":{"line":241,"column":69}},{"start":{"line":241,"column":73},"end":{"line":241,"column":101}}]},"13":{"loc":{"start":{"line":243,"column":19},"end":{"line":243,"column":59}},"type":"cond-expr","locations":[{"start":{"line":243,"column":37},"end":{"line":243,"column":47}},{"start":{"line":243,"column":50},"end":{"line":243,"column":59}}]},"14":{"loc":{"start":{"line":247,"column":15},"end":{"line":255,"column":null}},"type":"binary-expr","locations":[{"start":{"line":247,"column":15},"end":{"line":247,"column":31}},{"start":{"line":248,"column":16},"end":{"line":252,"column":null}}]},"15":{"loc":{"start":{"line":273,"column":7},"end":{"line":281,"column":null}},"type":"binary-expr","locations":[{"start":{"line":273,"column":7},"end":{"line":273,"column":14}},{"start":{"line":274,"column":2},"end":{"line":280,"column":null}}]}},"s":{"0":0,"1":0,"2":0,"3":0,"4":0,"5":0,"6":0,"7":0,"8":0,"9":0,"10":0,"11":0,"12":0,"13":0,"14":0,"15":0,"16":0,"17":0,"18":0,"19":0,"20":0,"21":0,"22":0,"23":0,"24":0,"25":0,"26":0,"27":0,"28":0,"29":0,"30":0,"31":0,"32":0,"33":0,"34":0,"35":0},"f":{"0":0,"1":0,"2":0,"3":0,"4":0,"5":0,"6":0,"7":0,"8":0,"9":0,"10":0,"11":0,"12":0},"b":{"0":[0],"1":[0,0],"2":[0,0],"3":[0,0],"4":[0,0],"5":[0,0],"6":[0,0],"7":[0,0],"8":[0,0],"9":[0,0],"10":[0,0],"11":[0,0],"12":[0,0],"13":[0,0],"14":[0,0],"15":[0,0]}}
,"C:\\Users\\Azer\\RideMobile\\src\\screens\\ProfileScreen.tsx": {"path":"C:\\Users\\Azer\\RideMobile\\src\\screens\\ProfileScreen.tsx","statementMap":{"0":{"start":{"line":1,"column":0},"end":{"line":1,"column":26}},"1":{"start":{"line":2,"column":0},"end":{"line":2,"column":74}},"2":{"start":{"line":3,"column":0},"end":{"line":3,"column":null}},"3":{"start":{"line":11,"column":0},"end":{"line":11,"column":50}},"4":{"start":{"line":13,"column":0},"end":{"line":13,"column":55}},"5":{"start":{"line":16,"column":52},"end":{"line":199,"column":1}},"6":{"start":{"line":17,"column":19},"end":{"line":17,"column":28}},"7":{"start":{"line":18,"column":16},"end":{"line":18,"column":29}},"8":{"start":{"line":19,"column":17},"end":{"line":19,"column":66}},"9":{"start":{"line":19,"column":37},"end":{"line":19,"column":56}},"10":{"start":{"line":21,"column":26},"end":{"line":21,"column":58}},"11":{"start":{"line":22,"column":28},"end":{"line":22,"column":61}},"12":{"start":{"line":23,"column":28},"end":{"line":23,"column":46}},"13":{"start":{"line":24,"column":36},"end":{"line":24,"column":57}},"14":{"start":{"line":26,"column":21},"end":{"line":29,"column":3}},"15":{"start":{"line":28,"column":4},"end":{"line":28,"column":24}},"16":{"start":{"line":31,"column":23},"end":{"line":35,"column":3}},"17":{"start":{"line":32,"column":4},"end":{"line":32,"column":30}},"18":{"start":{"line":33,"column":4},"end":{"line":33,"column":32}},"19":{"start":{"line":34,"column":4},"end":{"line":34,"column":24}},"20":{"start":{"line":37,"column":2},"end":{"line":198,"column":4}},"21":{"start":{"line":47,"column":29},"end":{"line":47,"column":36}},"22":{"start":{"line":149,"column":35},"end":{"line":149,"column":53}},"23":{"start":{"line":201,"column":21},"end":{"line":317,"column":4}},"24":{"start":{"line":202,"column":2},"end":{"line":317,"column":4}},"25":{"start":{"line":319,"column":0},"end":{"line":319,"column":29}}},"fnMap":{"0":{"name":"(anonymous_1)","decl":{"start":{"line":16,"column":52},"end":{"line":16,"column":53}},"loc":{"start":{"line":16,"column":71},"end":{"line":199,"column":1}}},"1":{"name":"(anonymous_2)","decl":{"start":{"line":19,"column":31},"end":{"line":19,"column":34}},"loc":{"start":{"line":19,"column":37},"end":{"line":19,"column":56}}},"2":{"name":"(anonymous_3)","decl":{"start":{"line":26,"column":21},"end":{"line":26,"column":24}},"loc":{"start":{"line":26,"column":26},"end":{"line":29,"column":3}}},"3":{"name":"(anonymous_4)","decl":{"start":{"line":31,"column":23},"end":{"line":31,"column":26}},"loc":{"start":{"line":31,"column":28},"end":{"line":35,"column":3}}},"4":{"name":"(anonymous_5)","decl":{"start":{"line":47,"column":21},"end":{"line":47,"column":25}},"loc":{"start":{"line":47,"column":29},"end":{"line":47,"column":36}}},"5":{"name":"(anonymous_6)","decl":{"start":{"line":55,"column":23},"end":{"line":55,"column":26}},"loc":{"start":{"line":55,"column":28},"end":{"line":55,"column":55}}},"6":{"name":"(anonymous_7)","decl":{"start":{"line":149,"column":29},"end":{"line":149,"column":32}},"loc":{"start":{"line":149,"column":35},"end":{"line":149,"column":53}}},"7":{"name":"(anonymous_8)","decl":{"start":{"line":201,"column":21},"end":{"line":201,"column":22}},"loc":{"start":{"line":202,"column":2},"end":{"line":317,"column":4}}}},"branchMap":{"0":{"loc":{"start":{"line":21,"column":41},"end":{"line":21,"column":57}},"type":"binary-expr","locations":[{"start":{"line":21,"column":41},"end":{"line":21,"column":51}},{"start":{"line":21,"column":55},"end":{"line":21,"column":57}}]},"1":{"loc":{"start":{"line":22,"column":43},"end":{"line":22,"column":60}},"type":"binary-expr","locations":[{"start":{"line":22,"column":43},"end":{"line":22,"column":54}},{"start":{"line":22,"column":58},"end":{"line":22,"column":60}}]},"2":{"loc":{"start":{"line":32,"column":12},"end":{"line":32,"column":28}},"type":"binary-expr","locations":[{"start":{"line":32,"column":12},"end":{"line":32,"column":22}},{"start":{"line":32,"column":26},"end":{"line":32,"column":28}}]},"3":{"loc":{"start":{"line":33,"column":13},"end":{"line":33,"column":30}},"type":"binary-expr","locations":[{"start":{"line":33,"column":13},"end":{"line":33,"column":24}},{"start":{"line":33,"column":28},"end":{"line":33,"column":30}}]},"4":{"loc":{"start":{"line":45,"column":21},"end":{"line":50,"column":37}},"type":"binary-expr","locations":[{"start":{"line":45,"column":21},"end":{"line":50,"column":30}},{"start":{"line":50,"column":34},"end":{"line":50,"column":37}}]},"5":{"loc":{"start":{"line":122,"column":21},"end":{"line":122,"column":80}},"type":"cond-expr","locations":[{"start":{"line":122,"column":46},"end":{"line":122,"column":61}},{"start":{"line":122,"column":64},"end":{"line":122,"column":80}}]},"6":{"loc":{"start":{"line":129,"column":17},"end":{"line":154,"column":null}},"type":"cond-expr","locations":[{"start":{"line":130,"column":18},"end":{"line":144,"column":null}},{"start":{"line":147,"column":18},"end":{"line":151,"column":null}}]}},"s":{"0":0,"1":0,"2":0,"3":0,"4":0,"5":0,"6":0,"7":0,"8":0,"9":0,"10":0,"11":0,"12":0,"13":0,"14":0,"15":0,"16":0,"17":0,"18":0,"19":0,"20":0,"21":0,"22":0,"23":0,"24":0,"25":0},"f":{"0":0,"1":0,"2":0,"3":0,"4":0,"5":0,"6":0,"7":0},"b":{"0":[0,0],"1":[0,0],"2":[0,0],"3":[0,0],"4":[0,0],"5":[0,0],"6":[0,0]}}
,"C:\\Users\\Azer\\RideMobile\\src\\screens\\RequestRideScreen.tsx": {"path":"C:\\Users\\Azer\\RideMobile\\src\\screens\\RequestRideScreen.tsx","statementMap":{"0":{"start":{"line":1,"column":0},"end":{"line":1,"column":26}},"1":{"start":{"line":2,"column":0},"end":{"line":2,"column":115}},"2":{"start":{"line":3,"column":0},"end":{"line":3,"column":69}},"3":{"start":{"line":4,"column":0},"end":{"line":4,"column":null}},"4":{"start":{"line":11,"column":0},"end":{"line":11,"column":50}},"5":{"start":{"line":13,"column":0},"end":{"line":13,"column":55}},"6":{"start":{"line":16,"column":19},"end":{"line":16,"column":43}},"7":{"start":{"line":18,"column":20},"end":{"line":33,"column":2}},"8":{"start":{"line":35,"column":21},"end":{"line":41,"column":2}},"9":{"start":{"line":43,"column":60},"end":{"line":167,"column":1}},"10":{"start":{"line":44,"column":19},"end":{"line":44,"column":28}},"11":{"start":{"line":45,"column":16},"end":{"line":45,"column":29}},"12":{"start":{"line":46,"column":17},"end":{"line":46,"column":66}},"13":{"start":{"line":46,"column":37},"end":{"line":46,"column":56}},"14":{"start":{"line":48,"column":24},"end":{"line":53,"column":9}},"15":{"start":{"line":48,"column":53},"end":{"line":53,"column":4}},"16":{"start":{"line":55,"column":25},"end":{"line":57,"column":3}},"17":{"start":{"line":56,"column":4},"end":{"line":56,"column":31}},"18":{"start":{"line":59,"column":2},"end":{"line":166,"column":4}},"19":{"start":{"line":72,"column":71},"end":{"line":72,"column":102}},"20":{"start":{"line":77,"column":29},"end":{"line":77,"column":36}},"21":{"start":{"line":91,"column":51},"end":{"line":91,"column":88}},"22":{"start":{"line":95,"column":87},"end":{"line":95,"column":114}},"23":{"start":{"line":112,"column":68},"end":{"line":112,"column":95}},"24":{"start":{"line":121,"column":12},"end":{"line":121,"column":46}},"25":{"start":{"line":121,"column":86},"end":{"line":121,"column":114}},"26":{"start":{"line":137,"column":14},"end":{"line":137,"column":48}},"27":{"start":{"line":154,"column":74},"end":{"line":154,"column":111}},"28":{"start":{"line":156,"column":73},"end":{"line":156,"column":110}},"29":{"start":{"line":159,"column":81},"end":{"line":159,"column":108}},"30":{"start":{"line":169,"column":21},"end":{"line":379,"column":4}},"31":{"start":{"line":170,"column":2},"end":{"line":379,"column":4}},"32":{"start":{"line":381,"column":0},"end":{"line":381,"column":33}}},"fnMap":{"0":{"name":"(anonymous_10)","decl":{"start":{"line":43,"column":60},"end":{"line":43,"column":61}},"loc":{"start":{"line":43,"column":79},"end":{"line":167,"column":1}}},"1":{"name":"(anonymous_11)","decl":{"start":{"line":46,"column":31},"end":{"line":46,"column":34}},"loc":{"start":{"line":46,"column":37},"end":{"line":46,"column":56}}},"2":{"name":"(anonymous_12)","decl":{"start":{"line":48,"column":46},"end":{"line":48,"column":49}},"loc":{"start":{"line":48,"column":53},"end":{"line":53,"column":4}}},"3":{"name":"(anonymous_13)","decl":{"start":{"line":55,"column":25},"end":{"line":55,"column":26}},"loc":{"start":{"line":55,"column":73},"end":{"line":57,"column":3}}},"4":{"name":"(anonymous_14)","decl":{"start":{"line":72,"column":65},"end":{"line":72,"column":68}},"loc":{"start":{"line":72,"column":71},"end":{"line":72,"column":102}}},"5":{"name":"(anonymous_15)","decl":{"start":{"line":77,"column":21},"end":{"line":77,"column":25}},"loc":{"start":{"line":77,"column":29},"end":{"line":77,"column":36}}},"6":{"name":"(anonymous_16)","decl":{"start":{"line":91,"column":45},"end":{"line":91,"column":48}},"loc":{"start":{"line":91,"column":51},"end":{"line":91,"column":88}}},"7":{"name":"(anonymous_17)","decl":{"start":{"line":95,"column":81},"end":{"line":95,"column":84}},"loc":{"start":{"line":95,"column":87},"end":{"line":95,"column":114}}},"8":{"name":"(anonymous_18)","decl":{"start":{"line":112,"column":62},"end":{"line":112,"column":65}},"loc":{"start":{"line":112,"column":68},"end":{"line":112,"column":95}}},"9":{"name":"(anonymous_19)","decl":{"start":{"line":120,"column":28},"end":{"line":120,"column":34}},"loc":{"start":{"line":121,"column":12},"end":{"line":121,"column":46}}},"10":{"name":"(anonymous_20)","decl":{"start":{"line":121,"column":80},"end":{"line":121,"column":83}},"loc":{"start":{"line":121,"column":86},"end":{"line":121,"column":114}}},"11":{"name":"(anonymous_21)","decl":{"start":{"line":136,"column":29},"end":{"line":136,"column":35}},"loc":{"start":{"line":137,"column":14},"end":{"line":137,"column":48}}},"12":{"name":"(anonymous_22)","decl":{"start":{"line":154,"column":68},"end":{"line":154,"column":71}},"loc":{"start":{"line":154,"column":74},"end":{"line":154,"column":111}}},"13":{"name":"(anonymous_23)","decl":{"start":{"line":156,"column":67},"end":{"line":156,"column":70}},"loc":{"start":{"line":156,"column":73},"end":{"line":156,"column":110}}},"14":{"name":"(anonymous_24)","decl":{"start":{"line":159,"column":75},"end":{"line":159,"column":78}},"loc":{"start":{"line":159,"column":81},"end":{"line":159,"column":108}}},"15":{"name":"(anonymous_25)","decl":{"start":{"line":169,"column":21},"end":{"line":169,"column":22}},"loc":{"start":{"line":170,"column":2},"end":{"line":379,"column":4}}}},"branchMap":{"0":{"loc":{"start":{"line":75,"column":21},"end":{"line":80,"column":37}},"type":"binary-expr","locations":[{"start":{"line":75,"column":21},"end":{"line":80,"column":30}},{"start":{"line":80,"column":34},"end":{"line":80,"column":37}}]},"1":{"loc":{"start":{"line":84,"column":48},"end":{"line":84,"column":84}},"type":"binary-expr","locations":[{"start":{"line":84,"column":48},"end":{"line":84,"column":73}},{"start":{"line":84,"column":77},"end":{"line":84,"column":84}}]}},"s":{"0":0,"1":0,"2":0,"3":0,"4":0,"5":0,"6":0,"7":0,"8":0,"9":0,"10":0,"11":0,"12":0,"13":0,"14":0,"15":0,"16":0,"17":0,"18":0,"19":0,"20":0,"21":0,"22":0,"23":0,"24":0,"25":0,"26":0,"27":0,"28":0,"29":0,"30":0,"31":0,"32":0},"f":{"0":0,"1":0,"2":0,"3":0,"4":0,"5":0,"6":0,"7":0,"8":0,"9":0,"10":0,"11":0,"12":0,"13":0,"14":0,"15":0},"b":{"0":[0,0],"1":[0,0]}}
,"C:\\Users\\Azer\\RideMobile\\src\\screens\\SettingsScreen.tsx": {"path":"C:\\Users\\Azer\\RideMobile\\src\\screens\\SettingsScreen.tsx","statementMap":{"0":{"start":{"line":1,"column":0},"end":{"line":1,"column":26}},"1":{"start":{"line":2,"column":0},"end":{"line":2,"column":74}},"2":{"start":{"line":3,"column":0},"end":{"line":3,"column":null}},"3":{"start":{"line":13,"column":0},"end":{"line":13,"column":50}},"4":{"start":{"line":15,"column":0},"end":{"line":15,"column":55}},"5":{"start":{"line":18,"column":54},"end":{"line":240,"column":1}},"6":{"start":{"line":19,"column":27},"end":{"line":19,"column":36}},"7":{"start":{"line":20,"column":16},"end":{"line":20,"column":29}},"8":{"start":{"line":21,"column":17},"end":{"line":21,"column":66}},"9":{"start":{"line":21,"column":37},"end":{"line":21,"column":56}},"10":{"start":{"line":23,"column":58},"end":{"line":23,"column":78}},"11":{"start":{"line":24,"column":48},"end":{"line":24,"column":68}},"12":{"start":{"line":26,"column":23},"end":{"line":32,"column":3}},"13":{"start":{"line":27,"column":4},"end":{"line":31,"column":5}},"14":{"start":{"line":28,"column":6},"end":{"line":28,"column":21}},"15":{"start":{"line":30,"column":6},"end":{"line":30,"column":44}},"16":{"start":{"line":34,"column":28},"end":{"line":36,"column":3}},"17":{"start":{"line":35,"column":4},"end":{"line":35,"column":35}},"18":{"start":{"line":38,"column":2},"end":{"line":239,"column":4}},"19":{"start":{"line":53,"column":31},"end":{"line":53,"column":38}},"20":{"start":{"line":85,"column":31},"end":{"line":85,"column":75}},"21":{"start":{"line":86,"column":32},"end":{"line":86,"column":77}},"22":{"start":{"line":93,"column":31},"end":{"line":93,"column":74}},"23":{"start":{"line":94,"column":32},"end":{"line":94,"column":77}},"24":{"start":{"line":95,"column":29},"end":{"line":95,"column":66}},"25":{"start":{"line":101,"column":31},"end":{"line":101,"column":70}},"26":{"start":{"line":102,"column":32},"end":{"line":102,"column":77}},"27":{"start":{"line":103,"column":29},"end":{"line":103,"column":63}},"28":{"start":{"line":109,"column":31},"end":{"line":109,"column":68}},"29":{"start":{"line":110,"column":32},"end":{"line":110,"column":77}},"30":{"start":{"line":111,"column":29},"end":{"line":111,"column":63}},"31":{"start":{"line":117,"column":31},"end":{"line":117,"column":66}},"32":{"start":{"line":118,"column":32},"end":{"line":118,"column":77}},"33":{"start":{"line":119,"column":29},"end":{"line":119,"column":62}},"34":{"start":{"line":134,"column":31},"end":{"line":134,"column":67}},"35":{"start":{"line":136,"column":16},"end":{"line":138,"column":null}},"36":{"start":{"line":146,"column":31},"end":{"line":146,"column":73}},"37":{"start":{"line":148,"column":16},"end":{"line":150,"column":null}},"38":{"start":{"line":158,"column":31},"end":{"line":158,"column":72}},"39":{"start":{"line":159,"column":32},"end":{"line":159,"column":77}},"40":{"start":{"line":175,"column":31},"end":{"line":175,"column":74}},"41":{"start":{"line":176,"column":32},"end":{"line":176,"column":77}},"42":{"start":{"line":177,"column":29},"end":{"line":177,"column":59}},"43":{"start":{"line":183,"column":31},"end":{"line":183,"column":70}},"44":{"start":{"line":184,"column":32},"end":{"line":184,"column":77}},"45":{"start":{"line":185,"column":29},"end":{"line":185,"column":59}},"46":{"start":{"line":191,"column":31},"end":{"line":191,"column":75}},"47":{"start":{"line":192,"column":32},"end":{"line":192,"column":77}},"48":{"start":{"line":193,"column":29},"end":{"line":193,"column":59}},"49":{"start":{"line":207,"column":31},"end":{"line":207,"column":76}},"50":{"start":{"line":208,"column":32},"end":{"line":208,"column":77}},"51":{"start":{"line":214,"column":31},"end":{"line":214,"column":77}},"52":{"start":{"line":215,"column":32},"end":{"line":215,"column":77}},"53":{"start":{"line":241,"column":21},"end":{"line":319,"column":4}},"54":{"start":{"line":242,"column":2},"end":{"line":319,"column":4}},"55":{"start":{"line":321,"column":0},"end":{"line":321,"column":30}}},"fnMap":{"0":{"name":"(anonymous_1)","decl":{"start":{"line":18,"column":54},"end":{"line":18,"column":55}},"loc":{"start":{"line":18,"column":73},"end":{"line":240,"column":1}}},"1":{"name":"(anonymous_2)","decl":{"start":{"line":21,"column":31},"end":{"line":21,"column":34}},"loc":{"start":{"line":21,"column":37},"end":{"line":21,"column":56}}},"2":{"name":"(anonymous_3)","decl":{"start":{"line":26,"column":23},"end":{"line":26,"column":28}},"loc":{"start":{"line":26,"column":34},"end":{"line":32,"column":3}}},"3":{"name":"(anonymous_4)","decl":{"start":{"line":34,"column":28},"end":{"line":34,"column":31}},"loc":{"start":{"line":34,"column":33},"end":{"line":36,"column":3}}},"4":{"name":"(anonymous_5)","decl":{"start":{"line":53,"column":23},"end":{"line":53,"column":27}},"loc":{"start":{"line":53,"column":31},"end":{"line":53,"column":38}}},"5":{"name":"(anonymous_6)","decl":{"start":{"line":85,"column":20},"end":{"line":85,"column":21}},"loc":{"start":{"line":85,"column":31},"end":{"line":85,"column":75}}},"6":{"name":"(anonymous_7)","decl":{"start":{"line":86,"column":21},"end":{"line":86,"column":22}},"loc":{"start":{"line":86,"column":32},"end":{"line":86,"column":77}}},"7":{"name":"(anonymous_8)","decl":{"start":{"line":93,"column":20},"end":{"line":93,"column":21}},"loc":{"start":{"line":93,"column":31},"end":{"line":93,"column":74}}},"8":{"name":"(anonymous_9)","decl":{"start":{"line":94,"column":21},"end":{"line":94,"column":22}},"loc":{"start":{"line":94,"column":32},"end":{"line":94,"column":77}}},"9":{"name":"(anonymous_10)","decl":{"start":{"line":95,"column":23},"end":{"line":95,"column":26}},"loc":{"start":{"line":95,"column":29},"end":{"line":95,"column":66}}},"10":{"name":"(anonymous_11)","decl":{"start":{"line":101,"column":20},"end":{"line":101,"column":21}},"loc":{"start":{"line":101,"column":31},"end":{"line":101,"column":70}}},"11":{"name":"(anonymous_12)","decl":{"start":{"line":102,"column":21},"end":{"line":102,"column":22}},"loc":{"start":{"line":102,"column":32},"end":{"line":102,"column":77}}},"12":{"name":"(anonymous_13)","decl":{"start":{"line":103,"column":23},"end":{"line":103,"column":26}},"loc":{"start":{"line":103,"column":29},"end":{"line":103,"column":63}}},"13":{"name":"(anonymous_14)","decl":{"start":{"line":109,"column":20},"end":{"line":109,"column":21}},"loc":{"start":{"line":109,"column":31},"end":{"line":109,"column":68}}},"14":{"name":"(anonymous_15)","decl":{"start":{"line":110,"column":21},"end":{"line":110,"column":22}},"loc":{"start":{"line":110,"column":32},"end":{"line":110,"column":77}}},"15":{"name":"(anonymous_16)","decl":{"start":{"line":111,"column":23},"end":{"line":111,"column":26}},"loc":{"start":{"line":111,"column":29},"end":{"line":111,"column":63}}},"16":{"name":"(anonymous_17)","decl":{"start":{"line":117,"column":20},"end":{"line":117,"column":21}},"loc":{"start":{"line":117,"column":31},"end":{"line":117,"column":66}}},"17":{"name":"(anonymous_18)","decl":{"start":{"line":118,"column":21},"end":{"line":118,"column":22}},"loc":{"start":{"line":118,"column":32},"end":{"line":118,"column":77}}},"18":{"name":"(anonymous_19)","decl":{"start":{"line":119,"column":23},"end":{"line":119,"column":26}},"loc":{"start":{"line":119,"column":29},"end":{"line":119,"column":62}}},"19":{"name":"(anonymous_20)","decl":{"start":{"line":134,"column":20},"end":{"line":134,"column":21}},"loc":{"start":{"line":134,"column":31},"end":{"line":134,"column":67}}},"20":{"name":"(anonymous_21)","decl":{"start":{"line":135,"column":21},"end":{"line":135,"column":24}},"loc":{"start":{"line":136,"column":16},"end":{"line":138,"column":null}}},"21":{"name":"(anonymous_22)","decl":{"start":{"line":146,"column":20},"end":{"line":146,"column":21}},"loc":{"start":{"line":146,"column":31},"end":{"line":146,"column":73}}},"22":{"name":"(anonymous_23)","decl":{"start":{"line":147,"column":21},"end":{"line":147,"column":24}},"loc":{"start":{"line":148,"column":16},"end":{"line":150,"column":null}}},"23":{"name":"(anonymous_24)","decl":{"start":{"line":158,"column":20},"end":{"line":158,"column":21}},"loc":{"start":{"line":158,"column":31},"end":{"line":158,"column":72}}},"24":{"name":"(anonymous_25)","decl":{"start":{"line":159,"column":21},"end":{"line":159,"column":22}},"loc":{"start":{"line":159,"column":32},"end":{"line":159,"column":77}}},"25":{"name":"(anonymous_26)","decl":{"start":{"line":160,"column":23},"end":{"line":160,"column":26}},"loc":{"start":{"line":160,"column":28},"end":{"line":160,"column":61}}},"26":{"name":"(anonymous_27)","decl":{"start":{"line":175,"column":20},"end":{"line":175,"column":21}},"loc":{"start":{"line":175,"column":31},"end":{"line":175,"column":74}}},"27":{"name":"(anonymous_28)","decl":{"start":{"line":176,"column":21},"end":{"line":176,"column":22}},"loc":{"start":{"line":176,"column":32},"end":{"line":176,"column":77}}},"28":{"name":"(anonymous_29)","decl":{"start":{"line":177,"column":23},"end":{"line":177,"column":26}},"loc":{"start":{"line":177,"column":29},"end":{"line":177,"column":59}}},"29":{"name":"(anonymous_30)","decl":{"start":{"line":183,"column":20},"end":{"line":183,"column":21}},"loc":{"start":{"line":183,"column":31},"end":{"line":183,"column":70}}},"30":{"name":"(anonymous_31)","decl":{"start":{"line":184,"column":21},"end":{"line":184,"column":22}},"loc":{"start":{"line":184,"column":32},"end":{"line":184,"column":77}}},"31":{"name":"(anonymous_32)","decl":{"start":{"line":185,"column":23},"end":{"line":185,"column":26}},"loc":{"start":{"line":185,"column":29},"end":{"line":185,"column":59}}},"32":{"name":"(anonymous_33)","decl":{"start":{"line":191,"column":20},"end":{"line":191,"column":21}},"loc":{"start":{"line":191,"column":31},"end":{"line":191,"column":75}}},"33":{"name":"(anonymous_34)","decl":{"start":{"line":192,"column":21},"end":{"line":192,"column":22}},"loc":{"start":{"line":192,"column":32},"end":{"line":192,"column":77}}},"34":{"name":"(anonymous_35)","decl":{"start":{"line":193,"column":23},"end":{"line":193,"column":26}},"loc":{"start":{"line":193,"column":29},"end":{"line":193,"column":59}}},"35":{"name":"(anonymous_36)","decl":{"start":{"line":207,"column":20},"end":{"line":207,"column":21}},"loc":{
[...]
,"C:\\Users\\Azer\\RideMobile\\src\\services\\ride.ts": {"path":"C:\\Users\\Azer\\RideMobile\\src\\services\\ride.ts","statementMap":{"0":{"start":{"line":1,"column":0},"end":{"line":1,"column":31}},"1":{"start":{"line":71,"column":4},"end":{"line":95,"column":5}},"2":{"start":{"line":73,"column":22},"end":{"line":73,"column":49}},"3":{"start":{"line":74,"column":22},"end":{"line":74,"column":49}},"4":{"start":{"line":76,"column":18},"end":{"line":76,"column":163}},"5":{"start":{"line":77,"column":6},"end":{"line":77,"column":60}},"6":{"start":{"line":79,"column":23},"end":{"line":79,"column":58}},"7":{"start":{"line":80,"column":6},"end":{"line":80,"column":56}},"8":{"start":{"line":83,"column":6},"end":{"line":86,"column":7}},"9":{"start":{"line":84,"column":8},"end":{"line":84,"column":85}},"10":{"start":{"line":85,"column":8},"end":{"line":85,"column":57}},"11":{"start":{"line":88,"column":6},"end":{"line":88,"column":22}},"12":{"start":{"line":90,"column":6},"end":{"line":90,"column":61}},"13":{"start":{"line":91,"column":6},"end":{"line":91,"column":61}},"14":{"start":{"line":93,"column":6},"end":{"line":93,"column":71}},"15":{"start":{"line":94,"column":6},"end":{"line":94,"column":55}},"16":{"start":{"line":100,"column":4},"end":{"line":155,"column":5}},"17":{"start":{"line":101,"column":6},"end":{"line":101,"column":95}},"18":{"start":{"line":104,"column":26},"end":{"line":112,"column":8}},"19":{"start":{"line":114,"column":6},"end":{"line":114,"column":92}},"20":{"start":{"line":116,"column":23},"end":{"line":116,"column":73}},"21":{"start":{"line":117,"column":6},"end":{"line":117,"column":22}},"22":{"start":{"line":119,"column":6},"end":{"line":119,"column":53}},"23":{"start":{"line":120,"column":6},"end":{"line":120,"column":61}},"24":{"start":{"line":123,"column":6},"end":{"line":123,"column":55}},"25":{"start":{"line":124,"column":29},"end":{"line":152,"column":8}},"26":{"start":{"line":154,"column":6},"end":{"line":154,"column":22}},"27":{"start":{"line":160,"column":4},"end":{"line":166,"column":5}},"28":{"start":{"line":161,"column":23},"end":{"line":161,"column":69}},"29":{"start":{"line":162,"column":6},"end":{"line":162,"column":22}},"30":{"start":{"line":164,"column":6},"end":{"line":164,"column":59}},"31":{"start":{"line":165,"column":6},"end":{"line":165,"column":52}},"32":{"start":{"line":171,"column":4},"end":{"line":203,"column":5}},"33":{"start":{"line":172,"column":6},"end":{"line":172,"column":89}},"34":{"start":{"line":175,"column":24},"end":{"line":175,"column":38}},"35":{"start":{"line":178,"column":6},"end":{"line":181,"column":7}},"36":{"start":{"line":179,"column":8},"end":{"line":179,"column":75}},"37":{"start":{"line":180,"column":8},"end":{"line":180,"column":15}},"38":{"start":{"line":184,"column":6},"end":{"line":187,"column":7}},"39":{"start":{"line":185,"column":8},"end":{"line":185,"column":56}},"40":{"start":{"line":186,"column":8},"end":{"line":186,"column":15}},"41":{"start":{"line":189,"column":6},"end":{"line":189,"column":79}},"42":{"start":{"line":190,"column":6},"end":{"line":190,"column":70}},"43":{"start":{"line":191,"column":6},"end":{"line":191,"column":51}},"44":{"start":{"line":193,"column":6},"end":{"line":193,"column":53}},"45":{"start":{"line":194,"column":6},"end":{"line":194,"column":73}},"46":{"start":{"line":197,"column":24},"end":{"line":197,"column":38}},"47":{"start":{"line":198,"column":6},"end":{"line":200,"column":7}},"48":{"start":{"line":199,"column":8},"end":{"line":199,"column":15}},"49":{"start":{"line":202,"column":6},"end":{"line":202,"column":47}},"50":{"start":{"line":208,"column":4},"end":{"line":214,"column":5}},"51":{"start":{"line":209,"column":23},"end":{"line":209,"column":61}},"52":{"start":{"line":210,"column":6},"end":{"line":210,"column":22}},"53":{"start":{"line":212,"column":6},"end":{"line":212,"column":59}},"54":{"start":{"line":213,"column":6},"end":{"line":213,"column":16}},"55":{"start":{"line":219,"column":4},"end":{"line":224,"column":5}},"56":{"start":{"line":220,"column":6},"end":{"line":220,"column":54}},"57":{"start":{"line":222,"column":6},"end":{"line":222,"column":53}},"58":{"start":{"line":223,"column":6},"end":{"line":223,"column":47}},"59":{"start":{"line":229,"column":4},"end":{"line":235,"column":5}},"60":{"start":{"line":230,"column":23},"end":{"line":230,"column":71}},"61":{"start":{"line":231,"column":6},"end":{"line":231,"column":22}},"62":{"start":{"line":233,"column":6},"end":{"line":233,"column":62}},"63":{"start":{"line":234,"column":6},"end":{"line":234,"column":55}},"64":{"start":{"line":240,"column":4},"end":{"line":298,"column":5}},"65":{"start":{"line":242,"column":23},"end":{"line":242,"column":78}},"66":{"start":{"line":246,"column":33},"end":{"line":268,"column":8}},"67":{"start":{"line":270,"column":20},"end":{"line":270,"column":83}},"68":{"start":{"line":273,"column":26},"end":{"line":273,"column":71}},"69":{"start":{"line":276,"column":6},"end":{"line":276,"column":65}},"70":{"start":{"line":279,"column":26},"end":{"line":279,"column":47}},"71":{"start":{"line":280,"column":26},"end":{"line":280,"column":63}},"72":{"start":{"line":281,"column":24},"end":{"line":281,"column":78}},"73":{"start":{"line":283,"column":6},"end":{"line":285,"column":7}},"74":{"start":{"line":284,"column":8},"end":{"line":284,"column":52}},"75":{"start":{"line":287,"column":6},"end":{"line":289,"column":7}},"76":{"start":{"line":288,"column":8},"end":{"line":288,"column":54}},"77":{"start":{"line":292,"column":6},"end":{"line":292,"column":58}},"78":{"start":{"line":294,"column":6},"end":{"line":294,"column":27}},"79":{"start":{"line":296,"column":6},"end":{"line":296,"column":54}},"80":{"start":{"line":297,"column":6},"end":{"line":297,"column":19}},"81":{"start":{"line":310,"column":21},"end":{"line":310,"column":76}},"82":{"start":{"line":311,"column":31},"end":{"line":315,"column":6}},"83":{"start":{"line":317,"column":18},"end":{"line":317,"column":81}},"84":{"start":{"line":318,"column":21},"end":{"line":318,"column":35}},"85":{"start":{"line":319,"column":25},"end":{"line":319,"column":51}},"86":{"start":{"line":320,"column":16},"end":{"line":320,"column":39}},"87":{"start":{"line":323,"column":4},"end":{"line":323,"column":47}},"88":{"start":{"line":325,"column":61},"end":{"line":325,"column":63}},"89":{"start":{"line":326,"column":24},"end":{"line":326,"column":45}},"90":{"start":{"line":327,"column":24},"end":{"line":327,"column":61}},"91":{"start":{"line":328,"column":22},"end":{"line":328,"column":76}},"92":{"start":{"line":330,"column":4},"end":{"line":333,"column":5}},"93":{"start":{"line":331,"column":6},"end":{"line":331,"column":46}},"94":{"start":{"line":332,"column":6},"end":{"line":332,"column":42}},"95":{"start":{"line":335,"column":4},"end":{"line":338,"column":5}},"96":{"start":{"line":336,"column":6},"end":{"line":336,"column":50}},"97":{"start":{"line":337,"column":6},"end":{"line":337,"column":44}},"98":{"start":{"line":340,"column":4},"end":{"line":340,"column":40}},"99":{"start":{"line":342,"column":4},"end":{"line":349,"column":6}},"100":{"start":{"line":354,"column":14},"end":{"line":354,"column":18}},"101":{"start":{"line":355,"column":17},"end":{"line":355,"column":73}},"102":{"start":{"line":356,"column":17},"end":{"line":356,"column":75}},"103":{"start":{"line":359,"column":6},"end":{"line":361,"column":41}},"104":{"start":{"line":363,"column":14},"end":{"line":363,"column":58}},"105":{"start":{"line":364,"column":21},"end":{"line":364,"column":26}},"106":{"start":{"line":366,"column":4},"end":{"line":366,"column":20}},"107":{"start":{"line":370,"column":4},"end":{"line":370,"column":35}},"108":{"start":{"line":375,"column":4},"end":{"line":430,"column":6}},"109":{"start":{"line":434,"column":0},"end":{"line":434,"column":33}}},"fnMap":{"0":{"name":"(anonymous_1)","decl":{"start":{"line":64,"column":2},"end":{"line":64,"column":7}},"loc":{"start":{"line":69,"column":22},"end":{"line":96,"column":3}}},"1":{"name":"(anonymous_2)","decl":{"start":{"line":99,"column":2},"end":{"line":99,"column":7}},"loc":{"start":{"line":99,"column":44},"end":{"line":156,"column":3}}},"2":{"name":"(anonymous_3)","decl":{"start":{"line":159,"column":2},"end":{"line":159,"column":7}},"loc":{"start":{"line":159,"column":37},"end":{"line":167,"column":3}}},"3":{"name":"(anonymous_4)","decl":{"start":{"line":170,"column":2},"end":{"line":170,"column":7}},"loc":{"start":{"line":170,"column":59},"end":{"line":204,"column":3}}},"4":{"name":"(anonymous_5)","decl":{"start":{"line":207,"column":2},"end":{"line":207,"column":7}},"loc":{"start":{"line":207,"column":22},"end":{"line":215,"column":3}}},"5":{"name":"(anonymous_6)","decl":{"start":{"line":218,"column":2},"end":{"line":218,"column":7}},"loc":{"start":{"line":218,"column":42},"end":{"line":225,"column":3}}},"6":{"name":"(anonymous_7)","decl":{"start":{"line":228,"column":2},"end":{"line":228,"column":7}},"loc":{"start":{"line":228,"column":40},"end":{"line":236,"column":3}}},"7":{"name":"(anonymous_8)","decl":{"start":{"line":239,"column":2},"end":{"line":239,"column":7}},"loc":{"start":{"line":239,"column":99},"end":{"line":299,"column":3}}},"8":{"name":"(anonymous_9)","decl":{"start":{"line":302,"column":2},"end":{"line":302,"column":7}},"loc":{"start":{"line":302,"column":102},"end":{"line":350,"column":3}}},"9":{"name":"(anonymous_10)","decl":{"start":{"line":353,"column":10},"end":{"line":353,"column":27}},"loc":{"start":{"line":353,"column":70},"end":{"line":367,"column":3}}},"10":{"name":"(anonymous_11)","decl":{"start":{"line":369,"column":10},"end":{"line":369,"column":26}},"loc":{"start":{"line":369,"column":42},"end":{"line":371,"column":3}}},"11":{"name":"(anonymous_12)","decl":{"start":{"line":374,"column":10},"end":{"line":374,"column":24}},"loc":{"start":{"line":374,"column":60},"end":{"line":431,"column":3}}}},"branchMap":{"0":{"loc":{"start":{"line":69,"column":4},"end":{"line":69,"column":22}},"type":"default-arg","locations":[{"start":{"line":69,"column":21},"end":{"line":69,"column":22}}]},"1":{"loc":{"start":{"line":73,"column":22},"end":{"line":73,"column":49}},"type":"binary-expr","locations":[{"start":{"line":73,"column":22},"end":{"line":73,"column":36}},{"start":{"line":73,"column":40},"end":{"line":73,"column":49}}]},"2":{"loc":{"start":{"line":74,"column":22},"end":{"line":74,"column":49}},"type":"binary-expr","locations":[{"start":{"line":74,"column":22},"end":{"line":74,"column":36}},{"start":{"line":74,"column":40},"end":{"line":74,"column":49}}]},"3":{"loc":{"start":{"line":83,"column":6},"end":{"line":86,"column":7}},"type":"if","locations":[{"start":{"line":83,"column":6},"end":{"line":86,"column":7}}]},"4":{"loc":{"start":{"line":83,"column":10},"end":{"line":83,"column":44}},"type":"binary-expr","locations":[{"start":{"line":83,"column":10},"end":{"line":83,"column":19}},{"start":{"line":83,"column":23},"end":{"line":83,"column":44}}]},"5":{"loc":{"start":{"line":132,"column":23},"end":{"line":132,"column":54}},"type":"binary-expr","locations":[{"start":{"line":132,"column":23},"end":{"line":132,"column":48}},{"start":{"line":132,"column":52},"end":{"line":132,"column":54}}]},"6":{"loc":{"start":{"line":133,"column":20},"end":{"line":133,"column":51}},"type":"binary-expr","locations":[{"start":{"line":133,"column":20},"end":{"line":133,"column":45}},{"start":{"line":133,"column":49},"end":{"line":133,"column":51}}]},"7":{"loc":{"start":{"line":178,"column":6},"end":{"line":181,"column":7}},"type":"if","locations":[{"start":{"line":178,"column":6},"end":{"line":181,"column":7}}]},"8":{"loc":{"start":{"line":178,"column":10},"end":{"line":178,"column":73}},"type":"binary-expr","locations":[{"start":{"line":178,"column":10},"end":{"line":178,"column":20}},{"start":{"line":178,"column":24},"end":{"line":178,"column":49}},{"start":{"line":178,"column":53},"end":{"line":178,"column":73}}]},"9":{"loc":{"start":{"line":184,"column":6},"end":{"line":187,"column":7}},"type":"if","locations":[{"start":{"line":184,"column":6},"end":{"line":187,"column":7}}]},"10":{"loc":{"start":{"line":198,"column":6},"end":{"line":200,"column":7}},"type":"if","locations":[{"start":{"line":198,"column":6},"end":{"line":200,"column":7}}]},"11":{"loc":{"start":{"line":198,"column":10},"end":{"line":198,"column":57}},"type":"binary-expr","locations":[{"start":{"line":198,"column":10},"end":{"line":198,"column":19}},{"start":{"line":198,"column":23},"end":{"line":198,"column":57}}]},"12":{"loc":{"start":{"line":280,"column":26},"end":{"line":280,"column":63}},"type":"binary-expr","locations":[{"start":{"line":280,"column":26},"end":{"line":280,"column":43}},{"start":{"line":280,"column":47},"end":{"line":280,"column":63}}]},"13":{"loc":{"start":{"line":281,"column":24},"end":{"line":281,"column":78}},"type":"binary-expr","locations":[{"start":{"line":281,"column":24},"end":{"line":281,"column":49}},{"start":{"line":281,"column":53},"end":{"line":281,"column":78}}]},"14":{"loc":{"start":{"line":283,"column":6},"end":{"line":285,"column":7}},"type":"if","locations":[{"start":{"line":283,"column":6},"end":{"line":285,"column":7}}]},"15":{"loc":{"start":{"line":287,"column":6},"end":{"line":289,"column":7}},"type":"if","locations":[{"start":{"line":287,"column":6},"end":{"line":289,"column":7}}]},"16":{"loc":{"start":{"line":327,"column":24},"end":{"line":327,"column":61}},"type":"binary-expr","locations":[{"start":{"line":327,"column":24},"end":{"line":327,"column":41}},{"start":{"line":327,"column":45},"end":{"line":327,"column":61}}]},"17":{"loc":{"start":{"line":328,"column":22},"end":{"line":328,"column":76}},"type":"binary-expr","locations":[{"start":{"line":328,"column":22},"end":{"line":328,"column":47}},{"start":{"line":328,"column":51},"end":{"line":328,"column":76}}]},"18":{"loc":{"start":{"line":330,"column":4},"end":{"line":333,"column":5}},"type":"if","locations":[{"start":{"line":330,"column":4},"end":{"line":333,"column":5}}]},"19":{"loc":{"start":{"line":335,"column":4},"end":{"line":338,"column":5}},"type":"if","locations":[{"start":{"line":335,"column":4},"end":{"line":338,"column":5}}]}},"s":{"0":0,"1":0,"2":0,"3":0,"4":0,"5":0,"6":0,"7":0,"8":0,"9":0,"10":0,"11":0,"12":0,"13":0,"14":0,"15":0,"16":0,"17":0,"18":0,"19":0,"20":0,"21":0,"22":0,"23":0,"24":0,"25":0,"26":0,"27":0,"28":0,"29":0,"30":0,"31":0,"32":0,"33":0,"34":0,"35":0,"36":0,"37":0,"38":0,"39":0,"40":0,"41":0,"42":0,"43":0,"44":0,"45":0,"46":0,"47":0,"48":0,"49":0,"50":0,"51":0,"52":0,"53":0,"54":0,"55":0,"56":0,"57":0,"58":0,"59":0,"60":0,"61":0,"62":0,"63":0,"64":0,"65":0,"66":0,"67":0,"68":0,"69":0,"70":0,"71":0,"72":0,"73":0,"74":0,"75":0,"76":0,"77":0,"78":0,"79":0,"80":0,"81":0,"82":0,"83":0,"84":0,"85":0,"86":0,"87":0,"88":0,"89":0,"90":0,"91":0,"92":0,"93":0,"94":0,"95":0,"96":0,"97":0,"98":0,"99":0,"100":0,"101":0,"102":0,"103":0,"104":0,"105":0,"106":0,"107":0,"108":0,"109":0},"f":{"0":0,"1":0,"2":0,"3":0,"4":0,"5":0,"6":0,"7":0,"8":0,"9":0,"10":0,"11":0},"b":{"0":[0],"1":[0,0],"2":[0,0],"3":[0],"4":[0,0],"5":[0,0],"6":[0,0],"7":[0],"8":[0,0,0],"9":[0],"10":[0],"11":[0,0],"12":[0,0],"13":[0,0],"14":[0],"15":[0],"16":[0,0],"17":[0,0],"18":[0],"19":[0]}}
,"C:\\Users\\Azer\\RideMobile\\src\\theme\\index.ts": {"path":"C:\\Users\\Azer\\RideMobile\\src\\theme\\index.ts","statementMap":{"0":{"start":{"line":1,"column":0},"end":{"line":1,"column":61}},"1":{"start":{"line":2,"column":0},"end":{"line":2,"column":108}},"2":{"start":{"line":5,"column":16},"end":{"line":18,"column":11}},"3":{"start":{"line":20,"column":23},"end":{"line":20,"column":48}},"4":{"start":{"line":22,"column":13},"end":{"line":44,"column":2}},"5":{"start":{"line":48,"column":13},"end":{"line":59,"column":2}},"6":{"start":{"line":61,"column":23},"end":{"line":61,"column":49}},"7":{"start":{"line":61,"column":39},"end":{"line":61,"column":49}},"8":{"start":{"line":61,"column":13},"end":{"line":61,"column":23}},"9":{"start":{"line":63,"column":13},"end":{"line":70,"column":11}},"10":{"start":{"line":72,"column":13},"end":{"line":76,"column":11}},"11":{"start":{"line":78,"column":27},"end":{"line":78,"column":53}},"12":{"start":{"line":78,"column":33},"end":{"line":78,"column":53}},"13":{"start":{"line":78,"column":13},"end":{"line":78,"column":27}},"14":{"start":{"line":80,"column":13},"end":{"line":85,"column":11}}},"fnMap":{"0":{"name":"(anonymous_0)","decl":{"start":{"line":61,"column":23},"end":{"line":61,"column":24}},"loc":{"start":{"line":61,"column":39},"end":{"line":61,"column":49}}},"1":{"name":"(anonymous_1)","decl":{"start":{"line":78,"column":27},"end":{"line":78,"column":30}},"loc":{"start":{"line":78,"column":33},"end":{"line":78,"column":53}}}},"branchMap":{"0":{"loc":{"start":{"line":61,"column":24},"end":{"line":61,"column":34}},"type":"default-arg","locations":[{"start":{"line":61,"column":33},"end":{"line":61,"column":34}}]}},"s":{"0":0,"1":0,"2":0,"3":0,"4":0,"5":0,"6":0,"7":0,"8":0,"9":0,"10":0,"11":0,"12":0,"13":0,"14":0},"f":{"0":0,"1":0},"b":{"0":[0]}}
,"C:\\Users\\Azer\\RideMobile\\src\\utils\\index.ts": {"path":"C:\\Users\\Azer\\RideMobile\\src\\utils\\index.ts","statementMap":{"0":{"start":{"line":2,"column":29},"end":{"line":5,"column":1}},"1":{"start":{"line":3,"column":21},"end":{"line":3,"column":49}},"2":{"start":{"line":4,"column":2},"end":{"line":4,"column":53}},"3":{"start":{"line":2,"column":13},"end":{"line":2,"column":29}},"4":{"start":{"line":8,"column":30},"end":{"line":13,"column":1}},"5":{"start":{"line":9,"column":2},"end":{"line":12,"column":20}},"6":{"start":{"line":8,"column":13},"end":{"line":8,"column":30}},"7":{"start":{"line":16,"column":30},"end":{"line":22,"column":1}},"8":{"start":{"line":17,"column":2},"end":{"line":19,"column":3}},"9":{"start":{"line":18,"column":4},"end":{"line":18,"column":46}},"10":{"start":{"line":20,"column":13},"end":{"line":20,"column":36}},"11":{"start":{"line":21,"column":2},"end":{"line":21,"column":30}},"12":{"start":{"line":16,"column":13},"end":{"line":16,"column":30}}},"fnMap":{"0":{"name":"(anonymous_0)","decl":{"start":{"line":2,"column":29},"end":{"line":2,"column":30}},"loc":{"start":{"line":2,"column":56},"end":{"line":5,"column":1}}},"1":{"name":"(anonymous_1)","decl":{"start":{"line":8,"column":30},"end":{"line":8,"column":31}},"loc":{"start":{"line":8,"column":75},"end":{"line":13,"column":1}}},"2":{"name":"(anonymous_2)","decl":{"start":{"line":16,"column":30},"end":{"line":16,"column":31}},"loc":{"start":{"line":16,"column":67},"end":{"line":22,"column":1}}}},"branchMap":{"0":{"loc":{"start":{"line":8,"column":47},"end":{"line":8,"column":63}},"type":"default-arg","locations":[{"start":{"line":8,"column":58},"end":{"line":8,"column":63}}]},"1":{"loc":{"start":{"line":17,"column":2},"end":{"line":19,"column":3}},"type":"if","locations":[{"start":{"line":17,"column":2},"end":{"line":19,"column":3}}]}},"s":{"0":0,"1":0,"2":0,"3":0,"4":0,"5":0,"6":0,"7":0,"8":0,"9":0,"10":0,"11":0,"12":0},"f":{"0":0,"1":0,"2":0},"b":{"0":[0],"1":[0]}}
}
