{"C:\\Users\\Azer\\RideMobile\\src\\components\\PaymentMethodSelector.tsx": {"path":"C:\\Users\\Azer\\RideMobile\\src\\components\\PaymentMethodSelector.tsx","statementMap":{"0":{"start":{"line":1,"column":0},"end":{"line":1,"column":26}},"1":{"start":{"line":2,"column":0},"end":{"line":2,"column":66}},"2":{"start":{"line":3,"column":0},"end":{"line":3,"column":null}},"3":{"start":{"line":20,"column":68},"end":{"line":148,"column":1}},"4":{"start":{"line":26,"column":24},"end":{"line":37,"column":3}},"5":{"start":{"line":27,"column":4},"end":{"line":36,"column":5}},"6":{"start":{"line":29,"column":8},"end":{"line":29,"column":22}},"7":{"start":{"line":31,"column":8},"end":{"line":31,"column":24}},"8":{"start":{"line":33,"column":8},"end":{"line":33,"column":29}},"9":{"start":{"line":35,"column":8},"end":{"line":35,"column":30}},"10":{"start":{"line":39,"column":25},"end":{"line":52,"column":3}},"11":{"start":{"line":40,"column":4},"end":{"line":40,"column":39}},"12":{"start":{"line":40,"column":25},"end":{"line":40,"column":39}},"13":{"start":{"line":42,"column":4},"end":{"line":51,"column":5}},"14":{"start":{"line":44,"column":8},"end":{"line":44,"column":25}},"15":{"start":{"line":46,"column":8},"end":{"line":46,"column":25}},"16":{"start":{"line":48,"column":8},"end":{"line":48,"column":25}},"17":{"start":{"line":50,"column":8},"end":{"line":50,"column":22}},"18":{"start":{"line":54,"column":2},"end":{"line":147,"column":4}},"19":{"start":{"line":64,"column":10},"end":{"line":64,"column":null}},"20":{"start":{"line":71,"column":29},"end":{"line":71,"column":69}},"21":{"start":{"line":150,"column":15},"end":{"line":228,"column":2}},"22":{"start":{"line":230,"column":0},"end":{"line":230,"column":37}}},"fnMap":{"0":{"name":"(anonymous_1)","decl":{"start":{"line":20,"column":68},"end":{"line":20,"column":69}},"loc":{"start":{"line":25,"column":5},"end":{"line":148,"column":1}}},"1":{"name":"(anonymous_2)","decl":{"start":{"line":26,"column":24},"end":{"line":26,"column":25}},"loc":{"start":{"line":26,"column":50},"end":{"line":37,"column":3}}},"2":{"name":"(anonymous_3)","decl":{"start":{"line":39,"column":25},"end":{"line":39,"column":26}},"loc":{"start":{"line":39,"column":51},"end":{"line":52,"column":3}}},"3":{"name":"(anonymous_4)","decl":{"start":{"line":63,"column":30},"end":{"line":63,"column":31}},"loc":{"start":{"line":64,"column":10},"end":{"line":64,"column":null}}},"4":{"name":"(anonymous_5)","decl":{"start":{"line":71,"column":23},"end":{"line":71,"column":26}},"loc":{"start":{"line":71,"column":29},"end":{"line":71,"column":69}}}},"branchMap":{"0":{"loc":{"start":{"line":24,"column":2},"end":{"line":24,"column":18}},"type":"default-arg","locations":[{"start":{"line":24,"column":14},"end":{"line":24,"column":18}}]},"1":{"loc":{"start":{"line":27,"column":4},"end":{"line":36,"column":5}},"type":"switch","locations":[{"start":{"line":28,"column":6},"end":{"line":29,"column":22}},{"start":{"line":30,"column":6},"end":{"line":31,"column":24}},{"start":{"line":32,"column":6},"end":{"line":33,"column":29}},{"start":{"line":34,"column":6},"end":{"line":35,"column":30}}]},"2":{"loc":{"start":{"line":40,"column":4},"end":{"line":40,"column":39}},"type":"if","locations":[{"start":{"line":40,"column":4},"end":{"line":40,"column":39}},{"start":{},"end":{}}]},"3":{"loc":{"start":{"line":42,"column":4},"end":{"line":51,"column":5}},"type":"switch","locations":[{"start":{"line":43,"column":6},"end":{"line":44,"column":25}},{"start":{"line":45,"column":6},"end":{"line":46,"column":25}},{"start":{"line":47,"column":6},"end":{"line":48,"column":25}},{"start":{"line":49,"column":6},"end":{"line":50,"column":22}}]},"4":{"loc":{"start":{"line":56,"column":7},"end":{"line":59,"column":null}},"type":"binary-expr","locations":[{"start":{"line":56,"column":7},"end":{"line":56,"column":16}},{"start":{"line":57,"column":8},"end":{"line":57,"column":null}}]},"5":{"loc":{"start":{"line":68,"column":16},"end":{"line":68,"column":54}},"type":"binary-expr","locations":[{"start":{"line":68,"column":16},"end":{"line":68,"column":31}},{"start":{"line":68,"column":35},"end":{"line":68,"column":54}}]},"6":{"loc":{"start":{"line":69,"column":16},"end":{"line":69,"column":70}},"type":"binary-expr","locations":[{"start":{"line":69,"column":16},"end":{"line":69,"column":47}},{"start":{"line":69,"column":51},"end":{"line":69,"column":70}}]},"7":{"loc":{"start":{"line":71,"column":29},"end":{"line":71,"column":69}},"type":"binary-expr","locations":[{"start":{"line":71,"column":29},"end":{"line":71,"column":43}},{"start":{"line":71,"column":47},"end":{"line":71,"column":69}}]},"8":{"loc":{"start":{"line":86,"column":24},"end":{"line":86,"column":62}},"type":"binary-expr","locations":[{"start":{"line":86,"column":24},"end":{"line":86,"column":39}},{"start":{"line":86,"column":43},"end":{"line":86,"column":62}}]},"9":{"loc":{"start":{"line":95,"column":24},"end":{"line":95,"column":62}},"type":"binary-expr","locations":[{"start":{"line":95,"column":24},"end":{"line":95,"column":39}},{"start":{"line":95,"column":43},"end":{"line":95,"column":62}}]},"10":{"loc":{"start":{"line":104,"column":19},"end":{"line":112,"column":null}},"type":"binary-expr","locations":[{"start":{"line":104,"column":19},"end":{"line":104,"column":34}},{"start":{"line":105,"column":20},"end":{"line":109,"column":null}}]},"11":{"loc":{"start":{"line":115,"column":19},"end":{"line":116,"column":null}},"type":"binary-expr","locations":[{"start":{"line":115,"column":19},"end":{"line":115,"column":33}},{"start":{"line":115,"column":37},"end":{"line":115,"column":68}},{"start":{"line":116,"column":20},"end":{"line":116,"column":76}}]},"12":{"loc":{"start":{"line":119,"column":19},"end":{"line":120,"column":null}},"type":"binary-expr","locations":[{"start":{"line":119,"column":19},"end":{"line":119,"column":33}},{"start":{"line":119,"column":37},"end":{"line":119,"column":68}},{"start":{"line":120,"column":20},"end":{"line":120,"column":75}}]},"13":{"loc":{"start":{"line":126,"column":13},"end":{"line":127,"column":null}},"type":"binary-expr","locations":[{"start":{"line":126,"column":13},"end":{"line":126,"column":48}},{"start":{"line":127,"column":14},"end":{"line":127,"column":48}}]}},"s":{"0":1,"1":1,"2":1,"3":1,"4":18,"5":72,"6":36,"7":18,"8":18,"9":0,"10":18,"11":72,"12":36,"13":36,"14":36,"15":0,"16":0,"17":0,"18":18,"19":54,"20":0,"21":1,"22":1},"f":{"0":18,"1":72,"2":72,"3":54,"4":0},"b":{"0":[14],"1":[36,18,18,0],"2":[36,36],"3":[36,0,0,0],"4":[18,16],"5":[54,36],"6":[54,18],"7":[0,0],"8":[54,36],"9":[54,36],"10":[54,36],"11":[54,18,18],"12":[54,18,0],"13":[54,36]}}
,"C:\\Users\\Azer\\RideMobile\\src\\constants\\index.ts": {"path":"C:\\Users\\Azer\\RideMobile\\src\\constants\\index.ts","statementMap":{"0":{"start":{"line":2,"column":13},"end":{"line":6,"column":11}},"1":{"start":{"line":9,"column":13},"end":{"line":13,"column":11}},"2":{"start":{"line":16,"column":13},"end":{"line":20,"column":11}}},"fnMap":{},"branchMap":{"0":{"loc":{"start":{"line":3,"column":12},"end":{"line":3,"column":74}},"type":"binary-expr","locations":[{"start":{"line":3,"column":12},"end":{"line":3,"column":43}},{"start":{"line":3,"column":47},"end":{"line":3,"column":74}}]},"1":{"loc":{"start":{"line":4,"column":10},"end":{"line":4,"column":65}},"type":"binary-expr","locations":[{"start":{"line":4,"column":10},"end":{"line":4,"column":40}},{"start":{"line":4,"column":44},"end":{"line":4,"column":65}}]},"2":{"loc":{"start":{"line":19,"column":15},"end":{"line":19,"column":53}},"type":"cond-expr","locations":[{"start":{"line":19,"column":25},"end":{"line":19,"column":38}},{"start":{"line":19,"column":41},"end":{"line":19,"column":53}}]}},"s":{"0":0,"1":0,"2":0},"f":{},"b":{"0":[0,0],"1":[0,0],"2":[0,0]}}
,"C:\\Users\\Azer\\RideMobile\\src\\contexts\\AuthContext.tsx": {"path":"C:\\Users\\Azer\\RideMobile\\src\\contexts\\AuthContext.tsx","statementMap":{"0":{"start":{"line":1,"column":0},"end":{"line":1,"column":89}},"1":{"start":{"line":2,"column":0},"end":{"line":2,"column":85}},"2":{"start":{"line":3,"column":0},"end":{"line":3,"column":63}},"3":{"start":{"line":15,"column":20},"end":{"line":15,"column":73}},"4":{"start":{"line":21,"column":57},"end":{"line":156,"column":1}},"5":{"start":{"line":22,"column":26},"end":{"line":22,"column":53}},"6":{"start":{"line":23,"column":36},"end":{"line":23,"column":50}},"7":{"start":{"line":26,"column":2},"end":{"line":28,"column":9}},"8":{"start":{"line":27,"column":4},"end":{"line":27,"column":22}},"9":{"start":{"line":30,"column":26},"end":{"line":60,"column":3}},"10":{"start":{"line":31,"column":4},"end":{"line":59,"column":5}},"11":{"start":{"line":32,"column":6},"end":{"line":32,"column":25}},"12":{"start":{"line":35,"column":21},"end":{"line":35,"column":56}},"13":{"start":{"line":37,"column":6},"end":{"line":51,"column":7}},"14":{"start":{"line":39,"column":28},"end":{"line":39,"column":62}},"15":{"start":{"line":40,"column":8},"end":{"line":48,"column":9}},"16":{"start":{"line":41,"column":10},"end":{"line":41,"column":31}},"17":{"start":{"line":43,"column":10},"end":{"line":43,"column":46}},"18":{"start":{"line":46,"column":10},"end":{"line":46,"column":37}},"19":{"start":{"line":47,"column":10},"end":{"line":47,"column":24}},"20":{"start":{"line":50,"column":8},"end":{"line":50,"column":22}},"21":{"start":{"line":53,"column":6},"end":{"line":53,"column":49}},"22":{"start":{"line":55,"column":6},"end":{"line":55,"column":33}},"23":{"start":{"line":56,"column":6},"end":{"line":56,"column":20}},"24":{"start":{"line":58,"column":6},"end":{"line":58,"column":26}},"25":{"start":{"line":63,"column":38},"end":{"line":84,"column":3}},"26":{"start":{"line":64,"column":4},"end":{"line":83,"column":5}},"27":{"start":{"line":65,"column":6},"end":{"line":65,"column":59}},"28":{"start":{"line":68,"column":24},"end":{"line":68,"column":62}},"29":{"start":{"line":70,"column":6},"end":{"line":80,"column":7}},"30":{"start":{"line":72,"column":24},"end":{"line":72,"column":78}},"31":{"start":{"line":73,"column":8},"end":{"line":77,"column":9}},"32":{"start":{"line":74,"column":10},"end":{"line":74,"column":71}},"33":{"start":{"line":76,"column":10},"end":{"line":76,"column":71}},"34":{"start":{"line":79,"column":8},"end":{"line":79,"column":51}},"35":{"start":{"line":82,"column":6},"end":{"line":82,"column":71}},"36":{"start":{"line":86,"column":16},"end":{"line":100,"column":3}},"37":{"start":{"line":87,"column":4},"end":{"line":99,"column":5}},"38":{"start":{"line":88,"column":6},"end":{"line":88,"column":25}},"39":{"start":{"line":89,"column":23},"end":{"line":89,"column":59}},"40":{"start":{"line":90,"column":6},"end":{"line":90,"column":29}},"41":{"start":{"line":93,"column":6},"end":{"line":93,"column":42}},"42":{"start":{"line":95,"column":6},"end":{"line":95,"column":44}},"43":{"start":{"line":96,"column":6},"end":{"line":96,"column":18}},"44":{"start":{"line":98,"column":6},"end":{"line":98,"column":26}},"45":{"start":{"line":102,"column":19},"end":{"line":116,"column":3}},"46":{"start":{"line":103,"column":4},"end":{"line":115,"column":5}},"47":{"start":{"line":104,"column":6},"end":{"line":104,"column":25}},"48":{"start":{"line":105,"column":23},"end":{"line":105,"column":59}},"49":{"start":{"line":106,"column":6},"end":{"line":106,"column":29}},"50":{"start":{"line":109,"column":6},"end":{"line":109,"column":42}},"51":{"start":{"line":111,"column":6},"end":{"line":111,"column":51}},"52":{"start":{"line":112,"column":6},"end":{"line":112,"column":18}},"53":{"start":{"line":114,"column":6},"end":{"line":114,"column":26}},"54":{"start":{"line":118,"column":17},"end":{"line":129,"column":3}},"55":{"start":{"line":119,"column":4},"end":{"line":128,"column":5}},"56":{"start":{"line":120,"column":6},"end":{"line":120,"column":25}},"57":{"start":{"line":121,"column":6},"end":{"line":121,"column":33}},"58":{"start":{"line":123,"column":6},"end":{"line":123,"column":44}},"59":{"start":{"line":126,"column":6},"end":{"line":126,"column":20}},"60":{"start":{"line":127,"column":6},"end":{"line":127,"column":26}},"61":{"start":{"line":131,"column":22},"end":{"line":139,"column":3}},"62":{"start":{"line":132,"column":4},"end":{"line":138,"column":5}},"63":{"start":{"line":133,"column":26},"end":{"line":133,"column":60}},"64":{"start":{"line":134,"column":6},"end":{"line":134,"column":27}},"65":{"start":{"line":136,"column":6},"end":{"line":136,"column":51}},"66":{"start":{"line":137,"column":6},"end":{"line":137,"column":20}},"67":{"start":{"line":141,"column":33},"end":{"line":149,"column":4}},"68":{"start":{"line":151,"column":2},"end":{"line":155,"column":4}},"69":{"start":{"line":21,"column":13},"end":{"line":21,"column":57}},"70":{"start":{"line":158,"column":23},"end":{"line":164,"column":1}},"71":{"start":{"line":159,"column":18},"end":{"line":159,"column":41}},"72":{"start":{"line":160,"column":2},"end":{"line":162,"column":3}},"73":{"start":{"line":161,"column":4},"end":{"line":161,"column":67}},"74":{"start":{"line":163,"column":2},"end":{"line":163,"column":17}},"75":{"start":{"line":158,"column":13},"end":{"line":158,"column":23}}},"fnMap":{"0":{"name":"(anonymous_0)","decl":{"start":{"line":21,"column":57},"end":{"line":21,"column":58}},"loc":{"start":{"line":21,"column":74},"end":{"line":156,"column":1}}},"1":{"name":"(anonymous_1)","decl":{"start":{"line":26,"column":12},"end":{"line":26,"column":15}},"loc":{"start":{"line":26,"column":17},"end":{"line":28,"column":3}}},"2":{"name":"(anonymous_2)","decl":{"start":{"line":30,"column":26},"end":{"line":30,"column":31}},"loc":{"start":{"line":30,"column":37},"end":{"line":60,"column":3}}},"3":{"name":"(anonymous_3)","decl":{"start":{"line":63,"column":38},"end":{"line":63,"column":43}},"loc":{"start":{"line":63,"column":49},"end":{"line":84,"column":3}}},"4":{"name":"(anonymous_4)","decl":{"start":{"line":86,"column":16},"end":{"line":86,"column":21}},"loc":{"start":{"line":86,"column":56},"end":{"line":100,"column":3}}},"5":{"name":"(anonymous_5)","decl":{"start":{"line":102,"column":19},"end":{"line":102,"column":24}},"loc":{"start":{"line":102,"column":52},"end":{"line":116,"column":3}}},"6":{"name":"(anonymous_6)","decl":{"start":{"line":118,"column":17},"end":{"line":118,"column":22}},"loc":{"start":{"line":118,"column":28},"end":{"line":129,"column":3}}},"7":{"name":"(anonymous_7)","decl":{"start":{"line":131,"column":22},"end":{"line":131,"column":27}},"loc":{"start":{"line":131,"column":33},"end":{"line":139,"column":3}}},"8":{"name":"(anonymous_8)","decl":{"start":{"line":158,"column":23},"end":{"line":158,"column":43}},"loc":{"start":{"line":158,"column":45},"end":{"line":164,"column":1}}}},"branchMap":{"0":{"loc":{"start":{"line":37,"column":6},"end":{"line":51,"column":7}},"type":"if","locations":[{"start":{"line":37,"column":6},"end":{"line":51,"column":7}},{"start":{"line":49,"column":13},"end":{"line":51,"column":7}}]},"1":{"loc":{"start":{"line":40,"column":8},"end":{"line":48,"column":9}},"type":"if","locations":[{"start":{"line":40,"column":8},"end":{"line":48,"column":9}},{"start":{"line":44,"column":15},"end":{"line":48,"column":9}}]},"2":{"loc":{"start":{"line":70,"column":6},"end":{"line":80,"column":7}},"type":"if","locations":[{"start":{"line":70,"column":6},"end":{"line":80,"column":7}},{"start":{"line":78,"column":13},"end":{"line":80,"column":7}}]},"3":{"loc":{"start":{"line":73,"column":8},"end":{"line":77,"column":9}},"type":"if","locations":[{"start":{"line":73,"column":8},"end":{"line":77,"column":9}},{"start":{"line":75,"column":15},"end":{"line":77,"column":9}}]},"4":{"loc":{"start":{"line":160,"column":2},"end":{"line":162,"column":3}},"type":"if","locations":[{"start":{"line":160,"column":2},"end":{"line":162,"column":3}},{"start":{},"end":{}}]}},"s":{"0":0,"1":0,"2":0,"3":0,"4":0,"5":0,"6":0,"7":0,"8":0,"9":0,"10":0,"11":0,"12":0,"13":0,"14":0,"15":0,"16":0,"17":0,"18":0,"19":0,"20":0,"21":0,"22":0,"23":0,"24":0,"25":0,"26":0,"27":0,"28":0,"29":0,"30":0,"31":0,"32":0,"33":0,"34":0,"35":0,"36":0,"37":0,"38":0,"39":0,"40":0,"41":0,"42":0,"43":0,"44":0,"45":0,"46":0,"47":0,"48":0,"49":0,"50":0,"51":0,"52":0,"53":0,"54":0,"55":0,"56":0,"57":0,"58":0,"59":0,"60":0,"61":0,"62":0,"63":0,"64":0,"65":0,"66":0,"67":0,"68":0,"69":0,"70":0,"71":0,"72":0,"73":0,"74":0,"75":0},"f":{"0":0,"1":0,"2":0,"3":0,"4":0,"5":0,"6":0,"7":0,"8":0},"b":{"0":[0,0],"1":[0,0],"2":[0,0],"3":[0,0],"4":[0,0]}}
,"C:\\Users\\Azer\\RideMobile\\src\\contexts\\NotificationContext.tsx": {"path":"C:\\Users\\Azer\\RideMobile\\src\\contexts\\NotificationContext.tsx","statementMap":{"0":{"start":{"line":1,"column":0},"end":{"line":1,"column":78}},"1":{"start":{"line":2,"column":0},"end":{"line":2,"column":57}},"2":{"start":{"line":3,"column":0},"end":{"line":3,"column":37}},"3":{"start":{"line":4,"column":0},"end":{"line":4,"column":40}},"4":{"start":{"line":5,"column":0},"end":{"line":5,"column":63}},"5":{"start":{"line":12,"column":28},"end":{"line":12,"column":89}},"6":{"start":{"line":14,"column":31},"end":{"line":20,"column":1}},"7":{"start":{"line":15,"column":18},"end":{"line":15,"column":49}},"8":{"start":{"line":16,"column":2},"end":{"line":18,"column":3}},"9":{"start":{"line":17,"column":4},"end":{"line":17,"column":82}},"10":{"start":{"line":19,"column":2},"end":{"line":19,"column":17}},"11":{"start":{"line":14,"column":13},"end":{"line":14,"column":31}},"12":{"start":{"line":26,"column":73},"end":{"line":97,"column":1}},"13":{"start":{"line":27,"column":60},"end":{"line":27,"column":75}},"14":{"start":{"line":28,"column":36},"end":{"line":28,"column":55}},"15":{"start":{"line":29,"column":19},"end":{"line":29,"column":28}},"16":{"start":{"line":30,"column":21},"end":{"line":30,"column":36}},"17":{"start":{"line":32,"column":2},"end":{"line":42,"column":13}},"18":{"start":{"line":33,"column":4},"end":{"line":37,"column":5}},"19":{"start":{"line":34,"column":6},"end":{"line":34,"column":35}},"20":{"start":{"line":36,"column":6},"end":{"line":36,"column":36}},"21":{"start":{"line":39,"column":4},"end":{"line":41,"column":6}},"22":{"start":{"line":40,"column":6},"end":{"line":40,"column":36}},"23":{"start":{"line":44,"column":37},"end":{"line":65,"column":3}},"24":{"start":{"line":45,"column":4},"end":{"line":45,"column":56}},"25":{"start":{"line":47,"column":34},"end":{"line":47,"column":82}},"26":{"start":{"line":48,"column":4},"end":{"line":48,"column":40}},"27":{"start":{"line":51,"column":4},"end":{"line":51,"column":74}},"28":{"start":{"line":54,"column":55},"end":{"line":54,"column":76}},"29":{"start":{"line":57,"column":41},"end":{"line":57,"column":61}},"30":{"start":{"line":59,"column":37},"end":{"line":59,"column":53}},"31":{"start":{"line":61,"column":4},"end":{"line":64,"column":7}},"32":{"start":{"line":67,"column":38},"end":{"line":73,"column":3}},"33":{"start":{"line":68,"column":4},"end":{"line":72,"column":5}},"34":{"start":{"line":69,"column":6},"end":{"line":69,"column":56}},"35":{"start":{"line":70,"column":6},"end":{"line":70,"column":65}},"36":{"start":{"line":71,"column":6},"end":{"line":71,"column":25}},"37":{"start":{"line":75,"column":31},"end":{"line":85,"column":3}},"38":{"start":{"line":76,"column":4},"end":{"line":84,"column":5}},"39":{"start":{"line":77,"column":6},"end":{"line":80,"column":9}},"40":{"start":{"line":82,"column":6},"end":{"line":82,"column":63}},"41":{"start":{"line":83,"column":6},"end":{"line":83,"column":63}},"42":{"start":{"line":87,"column":41},"end":{"line":90,"column":4}},"43":{"start":{"line":92,"column":2},"end":{"line":96,"column":4}},"44":{"start":{"line":26,"column":13},"end":{"line":26,"column":73}}},"fnMap":{"0":{"name":"(anonymous_0)","decl":{"start":{"line":14,"column":31},"end":{"line":14,"column":34}},"loc":{"start":{"line":14,"column":36},"end":{"line":20,"column":1}}},"1":{"name":"(anonymous_1)","decl":{"start":{"line":26,"column":73},"end":{"line":26,"column":74}},"loc":{"start":{"line":26,"column":90},"end":{"line":97,"column":1}}},"2":{"name":"(anonymous_2)","decl":{"start":{"line":32,"column":12},"end":{"line":32,"column":15}},"loc":{"start":{"line":32,"column":17},"end":{"line":42,"column":3}}},"3":{"name":"(anonymous_3)","decl":{"start":{"line":39,"column":11},"end":{"line":39,"column":14}},"loc":{"start":{"line":39,"column":16},"end":{"line":41,"column":5}}},"4":{"name":"(anonymous_4)","decl":{"start":{"line":44,"column":37},"end":{"line":44,"column":40}},"loc":{"start":{"line":44,"column":42},"end":{"line":65,"column":3}}},"5":{"name":"(anonymous_5)","decl":{"start":{"line":67,"column":38},"end":{"line":67,"column":41}},"loc":{"start":{"line":67,"column":43},"end":{"line":73,"column":3}}},"6":{"name":"(anonymous_6)","decl":{"start":{"line":75,"column":31},"end":{"line":75,"column":36}},"loc":{"start":{"line":75,"column":69},"end":{"line":85,"column":3}}}},"branchMap":{"0":{"loc":{"start":{"line":16,"column":2},"end":{"line":18,"column":3}},"type":"if","locations":[{"start":{"line":16,"column":2},"end":{"line":18,"column":3}},{"start":{},"end":{}}]},"1":{"loc":{"start":{"line":33,"column":4},"end":{"line":37,"column":5}},"type":"if","locations":[{"start":{"line":33,"column":4},"end":{"line":37,"column":5}},{"start":{"line":35,"column":11},"end":{"line":37,"column":5}}]},"2":{"loc":{"start":{"line":68,"column":4},"end":{"line":72,"column":5}},"type":"if","locations":[{"start":{"line":68,"column":4},"end":{"line":72,"column":5}},{"start":{},"end":{}}]}},"s":{"0":0,"1":0,"2":0,"3":0,"4":0,"5":0,"6":0,"7":0,"8":0,"9":0,"10":0,"11":0,"12":0,"13":0,"14":0,"15":0,"16":0,"17":0,"18":0,"19":0,"20":0,"21":0,"22":0,"23":0,"24":0,"25":0,"26":0,"27":0,"28":0,"29":0,"30":0,"31":0,"32":0,"33":0,"34":0,"35":0,"36":0,"37":0,"38":0,"39":0,"40":0,"41":0,"42":0,"43":0,"44":0},"f":{"0":0,"1":0,"2":0,"3":0,"4":0,"5":0,"6":0},"b":{"0":[0,0],"1":[0,0],"2":[0,0]}}
,"C:\\Users\\Azer\\RideMobile\\src\\contexts\\PaymentContext.tsx": {"path":"C:\\Users\\Azer\\RideMobile\\src\\contexts\\PaymentContext.tsx","statementMap":{"0":{"start":{"line":1,"column":0},"end":{"line":1,"column":91}},"1":{"start":{"line":2,"column":0},"end":{"line":2,"column":96}},"2":{"start":{"line":3,"column":0},"end":{"line":3,"column":40}},"3":{"start":{"line":21,"column":23},"end":{"line":21,"column":79}},"4":{"start":{"line":23,"column":26},"end":{"line":29,"column":1}},"5":{"start":{"line":24,"column":18},"end":{"line":24,"column":44}},"6":{"start":{"line":25,"column":2},"end":{"line":27,"column":3}},"7":{"start":{"line":26,"column":4},"end":{"line":26,"column":72}},"8":{"start":{"line":28,"column":2},"end":{"line":28,"column":17}},"9":{"start":{"line":23,"column":13},"end":{"line":23,"column":26}},"10":{"start":{"line":35,"column":63},"end":{"line":170,"column":1}},"11":{"start":{"line":36,"column":19},"end":{"line":36,"column":28}},"12":{"start":{"line":39,"column":60},"end":{"line":40,"column":null}},"13":{"start":{"line":42,"column":36},"end":{"line":43,"column":null}},"14":{"start":{"line":45,"column":56},"end":{"line":45,"column":71}},"15":{"start":{"line":46,"column":54},"end":{"line":46,"column":91}},"16":{"start":{"line":47,"column":46},"end":{"line":47,"column":72}},"17":{"start":{"line":50,"column":30},"end":{"line":57,"column":8}},"18":{"start":{"line":51,"column":4},"end":{"line":54,"column":5}},"19":{"start":{"line":52,"column":6},"end":{"line":52,"column":66}},"20":{"start":{"line":53,"column":6},"end":{"line":53,"column":13}},"21":{"start":{"line":55,"column":4},"end":{"line":55,"column":60}},"22":{"start":{"line":56,"column":4},"end":{"line":56,"column":37}},"23":{"start":{"line":60,"column":29},"end":{"line":115,"column":35}},"24":{"start":{"line":61,"column":4},"end":{"line":63,"column":5}},"25":{"start":{"line":62,"column":6},"end":{"line":62,"column":48}},"26":{"start":{"line":65,"column":4},"end":{"line":67,"column":5}},"27":{"start":{"line":66,"column":6},"end":{"line":66,"column":48}},"28":{"start":{"line":69,"column":4},"end":{"line":69,"column":33}},"29":{"start":{"line":71,"column":4},"end":{"line":114,"column":5}},"30":{"start":{"line":72,"column":6},"end":{"line":72,"column":105}},"31":{"start":{"line":77,"column":6},"end":{"line":101,"column":7}},"32":{"start":{"line":80,"column":10},"end":{"line":88,"column":13}},"33":{"start":{"line":89,"column":10},"end":{"line":89,"column":16}},"34":{"start":{"line":93,"column":10},"end":{"line":93,"column":66}},"35":{"start":{"line":97,"column":10},"end":{"line":97,"column":56}},"36":{"start":{"line":100,"column":10},"end":{"line":100,"column":52}},"37":{"start":{"line":103,"column":6},"end":{"line":103,"column":67}},"38":{"start":{"line":106,"column":6},"end":{"line":106,"column":55}},"39":{"start":{"line":106,"column":32},"end":{"line":106,"column":53}},"40":{"start":{"line":108,"column":6},"end":{"line":108,"column":24}},"41":{"start":{"line":110,"column":6},"end":{"line":110,"column":58}},"42":{"start":{"line":111,"column":6},"end":{"line":111,"column":18}},"43":{"start":{"line":113,"column":6},"end":{"line":113,"column":36}},"44":{"start":{"line":118,"column":30},"end":{"line":128,"column":8}},"45":{"start":{"line":119,"column":4},"end":{"line":127,"column":5}},"46":{"start":{"line":120,"column":6},"end":{"line":120,"column":67}},"47":{"start":{"line":121,"column":22},"end":{"line":121,"column":68}},"48":{"start":{"line":122,"column":6},"end":{"line":122,"column":37}},"49":{"start":{"line":123,"column":6},"end":{"line":123,"column":21}},"50":{"start":{"line":125,"column":6},"end":{"line":125,"column":64}},"51":{"start":{"line":126,"column":6},"end":{"line":126,"column":18}},"52":{"start":{"line":131,"column":32},"end":{"line":141,"column":12}},"53":{"start":{"line":132,"column":4},"end":{"line":132,"column":22}},"54":{"start":{"line":132,"column":15},"end":{"line":132,"column":22}},"55":{"start":{"line":134,"column":4},"end":{"line":140,"column":5}},"56":{"start":{"line":135,"column":6},"end":{"line":135,"column":51}},"57":{"start":{"line":136,"column":22},"end":{"line":136,"column":62}},"58":{"start":{"line":137,"column":6},"end":{"line":137,"column":33}},"59":{"start":{"line":139,"column":6},"end":{"line":139,"column":66}},"60":{"start":{"line":144,"column":27},"end":{"line":149,"column":8}},"61":{"start":{"line":145,"column":4},"end":{"line":145,"column":44}},"62":{"start":{"line":146,"column":4},"end":{"line":146,"column":32}},"63":{"start":{"line":147,"column":4},"end":{"line":147,"column":26}},"64":{"start":{"line":148,"column":4},"end":{"line":148,"column":71}},"65":{"start":{"line":152,"column":36},"end":{"line":163,"column":4}},"66":{"start":{"line":165,"column":2},"end":{"line":169,"column":4}},"67":{"start":{"line":35,"column":13},"end":{"line":35,"column":63}},"68":{"start":{"line":172,"column":0},"end":{"line":172,"column":30}}},"fnMap":{"0":{"name":"(anonymous_0)","decl":{"start":{"line":23,"column":26},"end":{"line":23,"column":49}},"loc":{"start":{"line":23,"column":51},"end":{"line":29,"column":1}}},"1":{"name":"(anonymous_1)","decl":{"start":{"line":35,"column":63},"end":{"line":35,"column":64}},"loc":{"start":{"line":35,"column":80},"end":{"line":170,"column":1}}},"2":{"name":"(anonymous_2)","decl":{"start":{"line":50,"column":42},"end":{"line":50,"column":43}},"loc":{"start":{"line":50,"column":68},"end":{"line":57,"column":3}}},"3":{"name":"(anonymous_3)","decl":{"start":{"line":60,"column":41},"end":{"line":60,"column":46}},"loc":{"start":{"line":60,"column":112},"end":{"line":115,"column":3}}},"4":{"name":"(anonymous_4)","decl":{"start":{"line":106,"column":24},"end":{"line":106,"column":28}},"loc":{"start":{"line":106,"column":32},"end":{"line":106,"column":53}}},"5":{"name":"(anonymous_5)","decl":{"start":{"line":118,"column":42},"end":{"line":118,"column":47}},"loc":{"start":{"line":118,"column":101},"end":{"line":128,"column":3}}},"6":{"name":"(anonymous_6)","decl":{"start":{"line":131,"column":44},"end":{"line":131,"column":49}},"loc":{"start":{"line":131,"column":55},"end":{"line":141,"column":3}}},"7":{"name":"(anonymous_7)","decl":{"start":{"line":144,"column":39},"end":{"line":144,"column":42}},"loc":{"start":{"line":144,"column":44},"end":{"line":149,"column":3}}}},"branchMap":{"0":{"loc":{"start":{"line":25,"column":2},"end":{"line":27,"column":3}},"type":"if","locations":[{"start":{"line":25,"column":2},"end":{"line":27,"column":3}},{"start":{},"end":{}}]},"1":{"loc":{"start":{"line":51,"column":4},"end":{"line":54,"column":5}},"type":"if","locations":[{"start":{"line":51,"column":4},"end":{"line":54,"column":5}},{"start":{},"end":{}}]},"2":{"loc":{"start":{"line":61,"column":4},"end":{"line":63,"column":5}},"type":"if","locations":[{"start":{"line":61,"column":4},"end":{"line":63,"column":5}},{"start":{},"end":{}}]},"3":{"loc":{"start":{"line":65,"column":4},"end":{"line":67,"column":5}},"type":"if","locations":[{"start":{"line":65,"column":4},"end":{"line":67,"column":5}},{"start":{},"end":{}}]},"4":{"loc":{"start":{"line":77,"column":6},"end":{"line":101,"column":7}},"type":"switch","locations":[{"start":{"line":78,"column":8},"end":{"line":89,"column":16}},{"start":{"line":91,"column":8},"end":{"line":93,"column":66}},{"start":{"line":95,"column":8},"end":{"line":97,"column":56}},{"start":{"line":99,"column":8},"end":{"line":100,"column":52}}]},"5":{"loc":{"start":{"line":132,"column":4},"end":{"line":132,"column":22}},"type":"if","locations":[{"start":{"line":132,"column":4},"end":{"line":132,"column":22}},{"start":{},"end":{}}]}},"s":{"0":0,"1":0,"2":0,"3":0,"4":0,"5":0,"6":0,"7":0,"8":0,"9":0,"10":0,"11":0,"12":0,"13":0,"14":0,"15":0,"16":0,"17":0,"18":0,"19":0,"20":0,"21":0,"22":0,"23":0,"24":0,"25":0,"26":0,"27":0,"28":0,"29":0,"30":0,"31":0,"32":0,"33":0,"34":0,"35":0,"36":0,"37":0,"38":0,"39":0,"40":0,"41":0,"42":0,"43":0,"44":0,"45":0,"46":0,"47":0,"48":0,"49":0,"50":0,"51":0,"52":0,"53":0,"54":0,"55":0,"56":0,"57":0,"58":0,"59":0,"60":0,"61":0,"62":0,"63":0,"64":0,"65":0,"66":0,"67":0,"68":0},"f":{"0":0,"1":0,"2":0,"3":0,"4":0,"5":0,"6":0,"7":0},"b":{"0":[0,0],"1":[0,0],"2":[0,0],"3":[0,0],"4":[0,0,0,0],"5":[0,0]}}
,"C:\\Users\\Azer\\RideMobile\\src\\contexts\\SocketContext.tsx": {"path":"C:\\Users\\Azer\\RideMobile\\src\\contexts\\SocketContext.tsx","statementMap":{"0":{"start":{"line":1,"column":0},"end":{"line":1,"column":78}},"1":{"start":{"line":2,"column":0},"end":{"line":2,"column":46}},"2":{"start":{"line":3,"column":0},"end":{"line":3,"column":40}},"3":{"start":{"line":23,"column":22},"end":{"line":23,"column":77}},"4":{"start":{"line":25,"column":25},"end":{"line":31,"column":1}},"5":{"start":{"line":26,"column":18},"end":{"line":26,"column":43}},"6":{"start":{"line":27,"column":2},"end":{"line":29,"column":3}},"7":{"start":{"line":28,"column":4},"end":{"line":28,"column":70}},"8":{"start":{"line":30,"column":2},"end":{"line":30,"column":17}},"9":{"start":{"line":25,"column":13},"end":{"line":25,"column":25}},"10":{"start":{"line":37,"column":61},"end":{"line":230,"column":1}},"11":{"start":{"line":38,"column":30},"end":{"line":38,"column":59}},"12":{"start":{"line":39,"column":40},"end":{"line":39,"column":55}},"13":{"start":{"line":40,"column":28},"end":{"line":40,"column":57}},"14":{"start":{"line":41,"column":19},"end":{"line":41,"column":28}},"15":{"start":{"line":43,"column":2},"end":{"line":53,"column":13}},"16":{"start":{"line":44,"column":4},"end":{"line":48,"column":5}},"17":{"start":{"line":45,"column":6},"end":{"line":45,"column":25}},"18":{"start":{"line":47,"column":6},"end":{"line":47,"column":25}},"19":{"start":{"line":50,"column":4},"end":{"line":52,"column":6}},"20":{"start":{"line":51,"column":6},"end":{"line":51,"column":25}},"21":{"start":{"line":55,"column":27},"end":{"line":129,"column":3}},"22":{"start":{"line":56,"column":4},"end":{"line":128,"column":5}},"23":{"start":{"line":57,"column":21},"end":{"line":57,"column":79}},"24":{"start":{"line":59,"column":29},"end":{"line":65,"column":8}},"25":{"start":{"line":67,"column":6},"end":{"line":78,"column":9}},"26":{"start":{"line":68,"column":8},"end":{"line":68,"column":43}},"27":{"start":{"line":69,"column":8},"end":{"line":69,"column":29}},"28":{"start":{"line":70,"column":8},"end":{"line":70,"column":23}},"29":{"start":{"line":73,"column":8},"end":{"line":73,"column":85}},"30":{"start":{"line":74,"column":8},"end":{"line":77,"column":11}},"31":{"start":{"line":80,"column":6},"end":{"line":83,"column":9}},"32":{"start":{"line":81,"column":8},"end":{"line":81,"column":43}},"33":{"start":{"line":82,"column":8},"end":{"line":82,"column":30}},"34":{"start":{"line":85,"column":6},"end":{"line":89,"column":9}},"35":{"start":{"line":86,"column":8},"end":{"line":86,"column":55}},"36":{"start":{"line":87,"column":8},"end":{"line":87,"column":30}},"37":{"start":{"line":88,"column":8},"end":{"line":88,"column":30}},"38":{"start":{"line":92,"column":6},"end":{"line":94,"column":9}},"39":{"start":{"line":93,"column":8},"end":{"line":93,"column":54}},"40":{"start":{"line":96,"column":6},"end":{"line":98,"column":9}},"41":{"start":{"line":97,"column":8},"end":{"line":97,"column":56}},"42":{"start":{"line":100,"column":6},"end":{"line":102,"column":9}},"43":{"start":{"line":101,"column":8},"end":{"line":101,"column":55}},"44":{"start":{"line":104,"column":6},"end":{"line":106,"column":9}},"45":{"start":{"line":105,"column":8},"end":{"line":105,"column":46}},"46":{"start":{"line":108,"column":6},"end":{"line":110,"column":9}},"47":{"start":{"line":109,"column":8},"end":{"line":109,"column":47}},"48":{"start":{"line":112,"column":6},"end":{"line":114,"column":9}},"49":{"start":{"line":113,"column":8},"end":{"line":113,"column":52}},"50":{"start":{"line":116,"column":6},"end":{"line":118,"column":9}},"51":{"start":{"line":117,"column":8},"end":{"line":117,"column":46}},"52":{"start":{"line":120,"column":6},"end":{"line":122,"column":9}},"53":{"start":{"line":121,"column":8},"end":{"line":121,"column":48}},"54":{"start":{"line":124,"column":6},"end":{"line":124,"column":32}},"55":{"start":{"line":126,"column":6},"end":{"line":126,"column":57}},"56":{"start":{"line":127,"column":6},"end":{"line":127,"column":46}},"57":{"start":{"line":131,"column":27},"end":{"line":138,"column":3}},"58":{"start":{"line":132,"column":4},"end":{"line":137,"column":5}},"59":{"start":{"line":133,"column":6},"end":{"line":133,"column":26}},"60":{"start":{"line":134,"column":6},"end":{"line":134,"column":22}},"61":{"start":{"line":135,"column":6},"end":{"line":135,"column":28}},"62":{"start":{"line":136,"column":6},"end":{"line":136,"column":21}},"63":{"start":{"line":141,"column":23},"end":{"line":145,"column":3}},"64":{"start":{"line":142,"column":4},"end":{"line":144,"column":5}},"65":{"start":{"line":143,"column":6},"end":{"line":143,"column":40}},"66":{"start":{"line":147,"column":27},"end":{"line":151,"column":3}},"67":{"start":{"line":148,"column":4},"end":{"line":150,"column":5}},"68":{"start":{"line":149,"column":6},"end":{"line":149,"column":44}},"69":{"start":{"line":153,"column":25},"end":{"line":157,"column":3}},"70":{"start":{"line":154,"column":4},"end":{"line":156,"column":5}},"71":{"start":{"line":155,"column":6},"end":{"line":155,"column":42}},"72":{"start":{"line":159,"column":25},"end":{"line":163,"column":3}},"73":{"start":{"line":160,"column":4},"end":{"line":162,"column":5}},"74":{"start":{"line":161,"column":6},"end":{"line":161,"column":42}},"75":{"start":{"line":165,"column":26},"end":{"line":169,"column":3}},"76":{"start":{"line":166,"column":4},"end":{"line":168,"column":5}},"77":{"start":{"line":167,"column":6},"end":{"line":167,"column":43}},"78":{"start":{"line":172,"column":19},"end":{"line":177,"column":3}},"79":{"start":{"line":173,"column":4},"end":{"line":176,"column":5}},"80":{"start":{"line":174,"column":6},"end":{"line":174,"column":79}},"81":{"start":{"line":175,"column":6},"end":{"line":175,"column":44}},"82":{"start":{"line":179,"column":29},"end":{"line":184,"column":3}},"83":{"start":{"line":180,"column":4},"end":{"line":183,"column":5}},"84":{"start":{"line":181,"column":6},"end":{"line":181,"column":64}},"85":{"start":{"line":182,"column":6},"end":{"line":182,"column":50}},"86":{"start":{"line":186,"column":26},"end":{"line":191,"column":3}},"87":{"start":{"line":187,"column":4},"end":{"line":190,"column":5}},"88":{"start":{"line":188,"column":6},"end":{"line":188,"column":57}},"89":{"start":{"line":189,"column":6},"end":{"line":189,"column":43}},"90":{"start":{"line":193,"column":25},"end":{"line":198,"column":3}},"91":{"start":{"line":194,"column":4},"end":{"line":197,"column":5}},"92":{"start":{"line":195,"column":6},"end":{"line":195,"column":53}},"93":{"start":{"line":196,"column":6},"end":{"line":196,"column":44}},"94":{"start":{"line":200,"column":25},"end":{"line":205,"column":3}},"95":{"start":{"line":201,"column":4},"end":{"line":204,"column":5}},"96":{"start":{"line":202,"column":6},"end":{"line":202,"column":65}},"97":{"start":{"line":203,"column":6},"end":{"line":203,"column":52}},"98":{"start":{"line":207,"column":35},"end":{"line":223,"column":4}},"99":{"start":{"line":225,"column":2},"end":{"line":229,"column":4}},"100":{"start":{"line":37,"column":13},"end":{"line":37,"column":61}}},"fnMap":{"0":{"name":"(anonymous_0)","decl":{"start":{"line":25,"column":25},"end":{"line":25,"column":28}},"loc":{"start":{"line":25,"column":30},"end":{"line":31,"column":1}}},"1":{"name":"(anonymous_1)","decl":{"start":{"line":37,"column":61},"end":{"line":37,"column":62}},"loc":{"start":{"line":37,"column":78},"end":{"line":230,"column":1}}},"2":{"name":"(anonymous_2)","decl":{"start":{"line":43,"column":12},"end":{"line":43,"column":15}},"loc":{"start":{"line":43,"column":17},"end":{"line":53,"column":3}}},"3":{"name":"(anonymous_3)","decl":{"start":{"line":50,"column":11},"end":{"line":50,"column":14}},"loc":{"start":{"line":50,"column":16},"end":{"line":52,"column":5}}},"4":{"name":"(anonymous_4)","decl":{"start":{"line":55,"column":27},"end":{"line":55,"column":30}},"loc":{"start":{"line":55,"column":32},"end":{"line":129,"column":3}}},"5":{"name":"(anonymous_5)","decl":{"start":{"line":67,"column":35},"end":{"line":67,"column":38}},"loc":{"start":{"line":67,"column":40},"end":{"line":78,"column":7}}},"6":{"name":"(anonymous_6)","decl":{"start":{"line":80,"column":38},"end":{"line":80,"column":41}},"loc":{"start":{"line":80,"column":43},"end":{"line":83,"column":7}}},"7":{"name":"(anonymous_7)","decl":{"start":{"line":85,"column":41},"end":{"line":85,"column":42}},"loc":{"start":{"line":85,"column":49},"end":{"line":89,"column":7}}},"8":{"name":"(anonymous_8)","decl":{"start":{"line":92,"column":38},"end":{"line":92,"column":39}},"loc":{"start":{"line":92,"column":47},"end":{"line":94,"column":7}}},"9":{"name":"(anonymous_9)","decl":{"start":{"line":96,"column":42},"end":{"line":96,"column":43}},"loc":{"start":{"line":96,"column":51},"end":{"line":98,"column":7}}},"10":{"name":"(anonymous_10)","decl":{"start":{"line":100,"column":40},"end":{"line":100,"column":41}},"loc":{"start":{"line":100,"column":49},"end":{"line":102,"column":7}}},"11":{"name":"(anonymous_11)","decl":{"start":{"line":104,"column":40},"end":{"line":104,"column":41}},"loc":{"start":{"line":104,"column":49},"end":{"line":106,"column":7}}},"12":{"name":"(anonymous_12)","decl":{"start":{"line":108,"column":41},"end":{"line":108,"column":42}},"loc":{"start":{"line":108,"column":50},"end":{"line":110,"column":7}}},"13":{"name":"(anonymous_13)","decl":{"start":{"line":112,"column":42},"end":{"line":112,"column":43}},"loc":{"start":{"line":112,"column":51},"end":{"line":114,"column":7}}},"14":{"name":"(anonymous_14)","decl":{"start":{"line":116,"column":39},"end":{"line":116,"column":40}},"loc":{"start":{"line":116,"column":48},"end":{"line":118,"column":7}}},"15":{"name":"(anonymous_15)","decl":{"start":{"line":120,"column":41},"end":{"line":120,"column":42}},"loc":{"start":{"line":120,"column":50},"end":{"line":122,"column":7}}},"16":{"name":"(anonymous_16)","decl":{"start":{"line":131,"column":27},"end":{"line":131,"column":30}},"loc":{"start":{"line":131,"column":32},"end":{"line":138,"column":3}}},"17":{"name":"(anonymous_17)","decl":{"start":{"line":141,"column":23},"end":{"line":141,"column":24}},"loc":{"start":{"line":141,"column":57},"end":{"line":145,"column":3}}},"18":{"name":"(anonymous_18)","decl":{"start":{"line":147,"column":27},"end":{"line":147,"column":28}},"loc":{"start":{"line":147,"column":61},"end":{"line":151,"column":3}}},"19":{"name":"(anonymous_19)","decl":{"start":{"line":153,"column":25},"end":{"line":153,"column":26}},"loc":{"start":{"line":153,"column":59},"end":{"line":157,"column":3}}},"20":{"name":"(anonymous_20)","decl":{"start":{"line":159,"column":25},"end":{"line":159,"column":26}},"loc":{"start":{"line":159,"column":59},"end":{"line":163,"column":3}}},"21":{"name":"(anonymous_21)","decl":{"start":{"line":165,"column":26},"end":{"line":165,"column":27}},"loc":{"start":{"line":165,"column":60},"end":{"line":169,"column":3}}},"22":{"name":"(anonymous_22)","decl":{"start":{"line":172,"column":19},"end":{"line":172,"column":20}},"loc":{"start":{"line":172,"column":61},"end":{"line":177,"column":3}}},"23":{"name":"(anonymous_23)","decl":{"start":{"line":179,"column":29},"end":{"line":179,"column":30}},"loc":{"start":{"line":179,"column":51},"end":{"line":184,"column":3}}},"24":{"name":"(anonymous_24)","decl":{"start":{"line":186,"column":26},"end":{"line":186,"column":27}},"loc":{"start":{"line":186,"column":44},"end":{"line":191,"column":3}}},"25":{"name":"(anonymous_25)","decl":{"start":{"line":193,"column":25},"end":{"line":193,"column":26}},"loc":{"start":{"line":193,"column":53},"end":{"line":198,"column":3}}},"26":{"name":"(anonymous_26)","decl":{"start":{"line":200,"column":25},"end":{"line":200,"column":26}},"loc":{"start":{"line":200,"column":70},"end":{"line":205,"column":3}}}},"branchMap":{"0":{"loc":{"start":{"line":27,"column":2},"end":{"line":29,"column":3}},"type":"if","locations":[{"start":{"line":27,"column":2},"end":{"line":29,"column":3}},{"start":{},"end":{}}]},"1":{"loc":{"start":{"line":44,"column":4},"end":{"line":48,"column":5}},"type":"if","locations":[{"start":{"line":44,"column":4},"end":{"line":48,"column":5}},{"start":{"line":46,"column":11},"end":{"line":48,"column":5}}]},"2":{"loc":{"start":{"line":57,"column":21},"end":{"line":57,"column":79}},"type":"binary-expr","locations":[{"start":{"line":57,"column":21},"end":{"line":57,"column":51}},{"start":{"line":57,"column":55},"end":{"line":57,"column":79}}]},"3":{"loc":{"start":{"line":132,"column":4},"end":{"line":137,"column":5}},"type":"if","locations":[{"start":{"line":132,"column":4},"end":{"line":137,"column":5}},{"start":{},"end":{}}]},"4":{"loc":{"start":{"line":142,"column":4},"end":{"line":144,"column":5}},"type":"if","locations":[{"start":{"line":142,"column":4},"end":{"line":144,"column":5}},{"start":{},"end":{}}]},"5":{"loc":{"start":{"line":148,"column":4},"end":{"line":150,"column":5}},"type":"if","locations":[{"start":{"line":148,"column":4},"end":{"line":150,"column":5}},{"start":{},"end":{}}]},"6":{"loc":{"start":{"line":154,"column":4},"end":{"line":156,"column":5}},"type":"if","locations":[{"start":{"line":154,"column":4},"end":{"line":156,"column":5}},{"start":{},"end":{}}]},"7":{"loc":{"start":{"line":160,"column":4},"end":{"line":162,"column":5}},"type":"if","locations":[{"start":{"line":160,"column":4},"end":{"line":162,"column":5}},{"start":{},"end":{}}]},"8":{"loc":{"start":{"line":166,"column":4},"end":{"line":168,"column":5}},"type":"if","locations":[{"start":{"line":166,"column":4},"end":{"line":168,"column":5}},{"start":{},"end":{}}]},"9":{"loc":{"start":{"line":173,"column":4},"end":{"line":176,"column":5}},"type":"if","locations":[{"start":{"line":173,"column":4},"end":{"line":176,"column":5}},{"start":{},"end":{}}]},"10":{"loc":{"start":{"line":180,"column":4},"end":{"line":183,"column":5}},"type":"if","locations":[{"start":{"line":180,"column":4},"end":{"line":183,"column":5}},{"start":{},"end":{}}]},"11":{"loc":{"start":{"line":187,"column":4},"end":{"line":190,"column":5}},"type":"if","locations":[{"start":{"line":187,"column":4},"end":{"line":190,"column":5}},{"start":{},"end":{}}]},"12":{"loc":{"start":{"line":194,"column":4},"end":{"line":197,"column":5}},"type":"if","locations":[{"start":{"line":194,"column":4},"end":{"line":197,"column":5}},{"start":{},"end":{}}]},"13":{"loc":{"start":{"line":201,"column":4},"end":{"line":204,"column":5}},"type":"if","locations":[{"start":{"line":201,"column":4},"end":{"line":204,"column":5}},{"start":{},"end":{}}]}},"s":{"0":0,"1":0,"2":0,"3":0,"4":0,"5":0,"6":0,"7":0,"8":0,"9":0,"10":0,"11":0,"12":0,"13":0,"14":0,"15":0,"16":0,"17":0,"18":0,"19":0,"20":0,"21":0,"22":0,"23":0,"24":0,"25":0,"26":0,"27":0,"28":0,"29":0,"30":0,"31":0,"32":0,"33":0,"34":0,"35":0,"36":0,"37":0,"38":0,"39":0,"40":0,"41":0,"42":0,"43":0,"44":0,"45":0,"46":0,"47":0,"48":0,"49":0,"50":0,"51":0,"52":0,"53":0,"54":0,"55":0,"56":0,"57":0,"58":0,"59":0,"60":0,"61":0,"62":0,"63":0,"64":0,"65":0,"66":0,"67":0,"68":0,"69":0,"70":0,"71":0,"72":0,"73":0,"74":0,"75":0,"76":0,"77":0,"78":0,"79":0,"80":0,"81":0,"82":0,"83":0,"84":0,"85":0,"86":0,"87":0,"88":0,"89":0,"90":0,"91":0,"92":0,"93":0,"94":0,"95":0,"96":0,"97":0,"98":0,"99":0,"100":0},"f":{"0":0,"1":0,"2":0,"3":0,"4":0,"5":0,"6":0,"7":0,"8":0,"9":0,"10":0,"11":0,"12":0,"13":0,"14":0,"15":0,"16":0,"17":0,"18":0,"19":0,"20":0,"21":0,"22":0,"23":0,"24":0,"25":0,"26":0},"b":{"0":[0,0],"1":[0,0],"2":[0,0],"3":[0,0],"4":[0,0],"5":[0,0],"6":[0,0],"7":[0,0],"8":[0,0],"9":[0,0],"10":[0,0],"11":[0,0],"12":[0,0],"13":[0,0]}}
,"C:\\Users\\Azer\\RideMobile\\src\\navigation\\AppNavigator.tsx": {"path":"C:\\Users\\Azer\\RideMobile\\src\\navigation\\AppNavigator.tsx","statementMap":{"0":{"start":{"line":2,"column":0},"end":{"line":2,"column":63}},"1":{"start":{"line":3,"column":0},"end":{"line":3,"column":76}},"2":{"start":{"line":4,"column":0},"end":{"line":4,"column":50}},"3":{"start":{"line":5,"column":0},"end":{"line":5,"column":59}},"4":{"start":{"line":6,"column":0},"end":{"line":6,"column":67}},"5":{"start":{"line":10,"column":0},"end":{"line":10,"column":54}},"6":{"start":{"line":11,"column":0},"end":{"line":11,"column":60}},"7":{"start":{"line":12,"column":0},"end":{"line":12,"column":57}},"8":{"start":{"line":13,"column":0},"end":{"line":13,"column":53}},"9":{"start":{"line":14,"column":0},"end":{"line":14,"column":69}},"10":{"start":{"line":15,"column":0},"end":{"line":15,"column":67}},"11":{"start":{"line":16,"column":0},"end":{"line":16,"column":66}},"12":{"start":{"line":18,"column":14},"end":{"line":18,"column":62}},"13":{"start":{"line":20,"column":31},"end":{"line":84,"column":1}},"14":{"start":{"line":21,"column":30},"end":{"line":21,"column":39}},"15":{"start":{"line":24,"column":2},"end":{"line":30,"column":3}},"16":{"start":{"line":25,"column":4},"end":{"line":29,"column":6}},"17":{"start":{"line":32,"column":2},"end":{"line":83,"column":4}},"18":{"start":{"line":86,"column":15},"end":{"line":93,"column":2}},"19":{"start":{"line":95,"column":0},"end":{"line":95,"column":28}}},"fnMap":{"0":{"name":"(anonymous_1)","decl":{"start":{"line":20,"column":31},"end":{"line":20,"column":34}},"loc":{"start":{"line":20,"column":36},"end":{"line":84,"column":1}}}},"branchMap":{"0":{"loc":{"start":{"line":24,"column":2},"end":{"line":30,"column":3}},"type":"if","locations":[{"start":{"line":24,"column":2},"end":{"line":30,"column":3}},{"start":{},"end":{}}]},"1":{"loc":{"start":{"line":36,"column":11},"end":{"line":78,"column":null}},"type":"cond-expr","locations":[{"start":{"line":38,"column":12},"end":{"line":63,"column":null}},{"start":{"line":67,"column":12},"end":{"line":77,"column":null}}]},"2":{"loc":{"start":{"line":42,"column":37},"end":{"line":42,"column":80}},"type":"cond-expr","locations":[{"start":{"line":42,"column":62},"end":{"line":42,"column":70}},{"start":{"line":42,"column":73},"end":{"line":42,"column":80}}]}},"s":{"0":0,"1":0,"2":0,"3":0,"4":0,"5":0,"6":0,"7":0,"8":0,"9":0,"10":0,"11":0,"12":0,"13":0,"14":0,"15":0,"16":0,"17":0,"18":0,"19":0},"f":{"0":0},"b":{"0":[0,0],"1":[0,0],"2":[0,0]}}
,"C:\\Users\\Azer\\RideMobile\\src\\screens\\DashboardScreen.tsx": {"path":"C:\\Users\\Azer\\RideMobile\\src\\screens\\DashboardScreen.tsx","statementMap":{"0":{"start":{"line":2,"column":0},"end":{"line":2,"column":48}},"1":{"start":{"line":3,"column":0},"end":{"line":3,"column":null}},"2":{"start":{"line":12,"column":0},"end":{"line":12,"column":50}},"3":{"start":{"line":15,"column":56},"end":{"line":149,"column":1}},"4":{"start":{"line":16,"column":27},"end":{"line":16,"column":36}},"5":{"start":{"line":18,"column":23},"end":{"line":24,"column":3}},"6":{"start":{"line":19,"column":4},"end":{"line":23,"column":5}},"7":{"start":{"line":20,"column":6},"end":{"line":20,"column":21}},"8":{"start":{"line":22,"column":6},"end":{"line":22,"column":44}},"9":{"start":{"line":26,"column":2},"end":{"line":28,"column":3}},"10":{"start":{"line":27,"column":4},"end":{"line":27,"column":16}},"11":{"start":{"line":30,"column":19},"end":{"line":30,"column":41}},"12":{"start":{"line":32,"column":2},"end":{"line":148,"column":4}},"13":{"start":{"line":40,"column":73},"end":{"line":40,"column":84}},"14":{"start":{"line":67,"column":31},"end":{"line":67,"column":64}},"15":{"start":{"line":85,"column":31},"end":{"line":85,"column":58}},"16":{"start":{"line":151,"column":15},"end":{"line":208,"column":2}},"17":{"start":{"line":210,"column":0},"end":{"line":210,"column":31}}},"fnMap":{"0":{"name":"(anonymous_0)","decl":{"start":{"line":15,"column":56},"end":{"line":15,"column":57}},"loc":{"start":{"line":15,"column":75},"end":{"line":149,"column":1}}},"1":{"name":"(anonymous_1)","decl":{"start":{"line":18,"column":23},"end":{"line":18,"column":28}},"loc":{"start":{"line":18,"column":34},"end":{"line":24,"column":3}}},"2":{"name":"(anonymous_2)","decl":{"start":{"line":40,"column":58},"end":{"line":40,"column":59}},"loc":{"start":{"line":40,"column":73},"end":{"line":40,"column":84}}},"3":{"name":"(anonymous_3)","decl":{"start":{"line":67,"column":25},"end":{"line":67,"column":28}},"loc":{"start":{"line":67,"column":31},"end":{"line":67,"column":64}}},"4":{"name":"(anonymous_4)","decl":{"start":{"line":74,"column":25},"end":{"line":74,"column":28}},"loc":{"start":{"line":74,"column":30},"end":{"line":74,"column":65}}},"5":{"name":"(anonymous_5)","decl":{"start":{"line":85,"column":25},"end":{"line":85,"column":28}},"loc":{"start":{"line":85,"column":31},"end":{"line":85,"column":58}}},"6":{"name":"(anonymous_6)","decl":{"start":{"line":92,"column":25},"end":{"line":92,"column":28}},"loc":{"start":{"line":92,"column":30},"end":{"line":92,"column":69}}},"7":{"name":"(anonymous_7)","decl":{"start":{"line":119,"column":23},"end":{"line":119,"column":26}},"loc":{"start":{"line":119,"column":28},"end":{"line":119,"column":73}}}},"branchMap":{"0":{"loc":{"start":{"line":26,"column":2},"end":{"line":28,"column":3}},"type":"if","locations":[{"start":{"line":26,"column":2},"end":{"line":28,"column":3}},{"start":{},"end":{}}]},"1":{"loc":{"start":{"line":40,"column":21},"end":{"line":40,"column":161}},"type":"cond-expr","locations":[{"start":{"line":40,"column":33},"end":{"line":40,"column":124}},{"start":{"line":40,"column":127},"end":{"line":40,"column":161}}]},"2":{"loc":{"start":{"line":43,"column":22},"end":{"line":43,"column":41}},"type":"binary-expr","locations":[{"start":{"line":43,"column":22},"end":{"line":43,"column":31}},{"start":{"line":43,"column":35},"end":{"line":43,"column":41}}]},"3":{"loc":{"start":{"line":47,"column":41},"end":{"line":47,"column":88}},"type":"cond-expr","locations":[{"start":{"line":47,"column":52},"end":{"line":47,"column":69}},{"start":{"line":47,"column":72},"end":{"line":47,"column":88}}]},"4":{"loc":{"start":{"line":49,"column":17},"end":{"line":49,"column":52}},"type":"cond-expr","locations":[{"start":{"line":49,"column":28},"end":{"line":49,"column":39}},{"start":{"line":49,"column":42},"end":{"line":49,"column":52}}]},"5":{"loc":{"start":{"line":59,"column":18},"end":{"line":59,"column":67}},"type":"cond-expr","locations":[{"start":{"line":59,"column":29},"end":{"line":59,"column":47}},{"start":{"line":59,"column":50},"end":{"line":59,"column":67}}]},"6":{"loc":{"start":{"line":61,"column":11},"end":{"line":96,"column":null}},"type":"cond-expr","locations":[{"start":{"line":62,"column":12},"end":{"line":77,"column":null}},{"start":{"line":80,"column":12},"end":{"line":95,"column":null}}]},"7":{"loc":{"start":{"line":109,"column":25},"end":{"line":109,"column":86}},"type":"cond-expr","locations":[{"start":{"line":109,"column":43},"end":{"line":109,"column":62}},{"start":{"line":109,"column":65},"end":{"line":109,"column":86}}]},"8":{"loc":{"start":{"line":111,"column":15},"end":{"line":111,"column":64}},"type":"cond-expr","locations":[{"start":{"line":111,"column":33},"end":{"line":111,"column":45}},{"start":{"line":111,"column":48},"end":{"line":111,"column":64}}]},"9":{"loc":{"start":{"line":115,"column":11},"end":{"line":122,"column":null}},"type":"binary-expr","locations":[{"start":{"line":115,"column":11},"end":{"line":115,"column":27}},{"start":{"line":116,"column":12},"end":{"line":119,"column":null}}]},"10":{"loc":{"start":{"line":137,"column":7},"end":{"line":145,"column":null}},"type":"binary-expr","locations":[{"start":{"line":137,"column":7},"end":{"line":137,"column":14}},{"start":{"line":138,"column":8},"end":{"line":144,"column":null}}]}},"s":{"0":0,"1":0,"2":0,"3":0,"4":0,"5":0,"6":0,"7":0,"8":0,"9":0,"10":0,"11":0,"12":0,"13":0,"14":0,"15":0,"16":0,"17":0},"f":{"0":0,"1":0,"2":0,"3":0,"4":0,"5":0,"6":0,"7":0},"b":{"0":[0,0],"1":[0,0],"2":[0,0],"3":[0,0],"4":[0,0],"5":[0,0],"6":[0,0],"7":[0,0],"8":[0,0],"9":[0,0],"10":[0,0]}}
,"C:\\Users\\Azer\\RideMobile\\src\\screens\\auth\\LoginScreen.tsx": {"path":"C:\\Users\\Azer\\RideMobile\\src\\screens\\auth\\LoginScreen.tsx","statementMap":{"0":{"start":{"line":1,"column":0},"end":{"line":1,"column":40}},"1":{"start":{"line":2,"column":0},"end":{"line":2,"column":null}},"2":{"start":{"line":9,"column":0},"end":{"line":9,"column":null}},"3":{"start":{"line":18,"column":0},"end":{"line":18,"column":53}},"4":{"start":{"line":20,"column":0},"end":{"line":20,"column":44}},"5":{"start":{"line":26,"column":48},"end":{"line":158,"column":1}},"6":{"start":{"line":27,"column":31},"end":{"line":27,"column":40}},"7":{"start":{"line":29,"column":40},"end":{"line":32,"column":4}},"8":{"start":{"line":34,"column":30},"end":{"line":34,"column":67}},"9":{"start":{"line":36,"column":23},"end":{"line":51,"column":3}},"10":{"start":{"line":37,"column":47},"end":{"line":37,"column":49}},"11":{"start":{"line":39,"column":4},"end":{"line":43,"column":5}},"12":{"start":{"line":40,"column":6},"end":{"line":40,"column":44}},"13":{"start":{"line":41,"column":11},"end":{"line":43,"column":5}},"14":{"start":{"line":42,"column":6},"end":{"line":42,"column":53}},"15":{"start":{"line":45,"column":4},"end":{"line":47,"column":5}},"16":{"start":{"line":46,"column":6},"end":{"line":46,"column":50}},"17":{"start":{"line":49,"column":4},"end":{"line":49,"column":25}},"18":{"start":{"line":50,"column":4},"end":{"line":50,"column":47}},"19":{"start":{"line":53,"column":22},"end":{"line":64,"column":3}},"20":{"start":{"line":54,"column":4},"end":{"line":56,"column":5}},"21":{"start":{"line":55,"column":6},"end":{"line":55,"column":13}},"22":{"start":{"line":58,"column":4},"end":{"line":63,"column":5}},"23":{"start":{"line":59,"column":6},"end":{"line":59,"column":31}},"24":{"start":{"line":62,"column":6},"end":{"line":62,"column":49}},"25":{"start":{"line":66,"column":2},"end":{"line":157,"column":4}},"26":{"start":{"line":83,"column":38},"end":{"line":83,"column":83}},"27":{"start":{"line":98,"column":38},"end":{"line":98,"column":86}},"28":{"start":{"line":114,"column":33},"end":{"line":114,"column":100}},"29":{"start":{"line":122,"column":33},"end":{"line":122,"column":101}},"30":{"start":{"line":147,"column":31},"end":{"line":147,"column":62}},"31":{"start":{"line":160,"column":15},"end":{"line":215,"column":2}},"32":{"start":{"line":217,"column":0},"end":{"line":217,"column":27}}},"fnMap":{"0":{"name":"(anonymous_0)","decl":{"start":{"line":26,"column":48},"end":{"line":26,"column":49}},"loc":{"start":{"line":26,"column":67},"end":{"line":158,"column":1}}},"1":{"name":"(anonymous_1)","decl":{"start":{"line":36,"column":23},"end":{"line":36,"column":35}},"loc":{"start":{"line":36,"column":37},"end":{"line":51,"column":3}}},"2":{"name":"(anonymous_2)","decl":{"start":{"line":53,"column":22},"end":{"line":53,"column":27}},"loc":{"start":{"line":53,"column":33},"end":{"line":64,"column":3}}},"3":{"name":"(anonymous_3)","decl":{"start":{"line":83,"column":28},"end":{"line":83,"column":29}},"loc":{"start":{"line":83,"column":38},"end":{"line":83,"column":83}}},"4":{"name":"(anonymous_4)","decl":{"start":{"line":98,"column":28},"end":{"line":98,"column":29}},"loc":{"start":{"line":98,"column":38},"end":{"line":98,"column":86}}},"5":{"name":"(anonymous_5)","decl":{"start":{"line":114,"column":27},"end":{"line":114,"column":30}},"loc":{"start":{"line":114,"column":33},"end":{"line":114,"column":100}}},"6":{"name":"(anonymous_6)","decl":{"start":{"line":122,"column":27},"end":{"line":122,"column":30}},"loc":{"start":{"line":122,"column":33},"end":{"line":122,"column":101}}},"7":{"name":"(anonymous_7)","decl":{"start":{"line":147,"column":25},"end":{"line":147,"column":28}},"loc":{"start":{"line":147,"column":31},"end":{"line":147,"column":62}}}},"branchMap":{"0":{"loc":{"start":{"line":39,"column":4},"end":{"line":43,"column":5}},"type":"if","locations":[{"start":{"line":39,"column":4},"end":{"line":43,"column":5}},{"start":{"line":41,"column":11},"end":{"line":43,"column":5}}]},"1":{"loc":{"start":{"line":41,"column":11},"end":{"line":43,"column":5}},"type":"if","locations":[{"start":{"line":41,"column":11},"end":{"line":43,"column":5}},{"start":{},"end":{}}]},"2":{"loc":{"start":{"line":45,"column":4},"end":{"line":47,"column":5}},"type":"if","locations":[{"start":{"line":45,"column":4},"end":{"line":47,"column":5}},{"start":{},"end":{}}]},"3":{"loc":{"start":{"line":54,"column":4},"end":{"line":56,"column":5}},"type":"if","locations":[{"start":{"line":54,"column":4},"end":{"line":56,"column":5}},{"start":{},"end":{}}]},"4":{"loc":{"start":{"line":69,"column":16},"end":{"line":69,"column":60}},"type":"cond-expr","locations":[{"start":{"line":69,"column":40},"end":{"line":69,"column":49}},{"start":{"line":69,"column":52},"end":{"line":69,"column":60}}]}},"s":{"0":0,"1":0,"2":0,"3":0,"4":0,"5":0,"6":0,"7":0,"8":0,"9":0,"10":0,"11":0,"12":0,"13":0,"14":0,"15":0,"16":0,"17":0,"18":0,"19":0,"20":0,"21":0,"22":0,"23":0,"24":0,"25":0,"26":0,"27":0,"28":0,"29":0,"30":0,"31":0,"32":0},"f":{"0":0,"1":0,"2":0,"3":0,"4":0,"5":0,"6":0,"7":0},"b":{"0":[0,0],"1":[0,0],"2":[0,0],"3":[0,0],"4":[0,0]}}
,"C:\\Users\\Azer\\RideMobile\\src\\screens\\auth\\RegisterScreen.tsx": {"path":"C:\\Users\\Azer\\RideMobile\\src\\screens\\auth\\RegisterScreen.tsx","statementMap":{"0":{"start":{"line":1,"column":0},"end":{"line":1,"column":40}},"1":{"start":{"line":2,"column":0},"end":{"line":2,"column":null}},"2":{"start":{"line":10,"column":0},"end":{"line":10,"column":null}},"3":{"start":{"line":20,"column":0},"end":{"line":20,"column":53}},"4":{"start":{"line":22,"column":0},"end":{"line":22,"column":44}},"5":{"start":{"line":28,"column":54},"end":{"line":245,"column":1}},"6":{"start":{"line":29,"column":34},"end":{"line":29,"column":43}},"7":{"start":{"line":31,"column":34},"end":{"line":38,"column":4}},"8":{"start":{"line":40,"column":48},"end":{"line":40,"column":60}},"9":{"start":{"line":41,"column":30},"end":{"line":41,"column":67}},"10":{"start":{"line":43,"column":23},"end":{"line":80,"column":3}},"11":{"start":{"line":44,"column":47},"end":{"line":44,"column":49}},"12":{"start":{"line":47,"column":4},"end":{"line":49,"column":5}},"13":{"start":{"line":48,"column":6},"end":{"line":48,"column":53}},"14":{"start":{"line":50,"column":4},"end":{"line":52,"column":5}},"15":{"start":{"line":51,"column":6},"end":{"line":51,"column":51}},"16":{"start":{"line":55,"column":4},"end":{"line":59,"column":5}},"17":{"start":{"line":56,"column":6},"end":{"line":56,"column":44}},"18":{"start":{"line":57,"column":11},"end":{"line":59,"column":5}},"19":{"start":{"line":58,"column":6},"end":{"line":58,"column":53}},"20":{"start":{"line":62,"column":4},"end":{"line":66,"column":5}},"21":{"start":{"line":63,"column":6},"end":{"line":63,"column":50}},"22":{"start":{"line":64,"column":11},"end":{"line":66,"column":5}},"23":{"start":{"line":65,"column":6},"end":{"line":65,"column":68}},"24":{"start":{"line":69,"column":4},"end":{"line":71,"column":5}},"25":{"start":{"line":70,"column":6},"end":{"line":70,"column":59}},"26":{"start":{"line":74,"column":4},"end":{"line":76,"column":5}},"27":{"start":{"line":75,"column":6},"end":{"line":75,"column":57}},"28":{"start":{"line":78,"column":4},"end":{"line":78,"column":25}},"29":{"start":{"line":79,"column":4},"end":{"line":79,"column":47}},"30":{"start":{"line":82,"column":25},"end":{"line":102,"column":3}},"31":{"start":{"line":83,"column":4},"end":{"line":85,"column":5}},"32":{"start":{"line":84,"column":6},"end":{"line":84,"column":13}},"33":{"start":{"line":87,"column":4},"end":{"line":101,"column":5}},"34":{"start":{"line":88,"column":6},"end":{"line":88,"column":31}},"35":{"start":{"line":89,"column":6},"end":{"line":98,"column":8}},"36":{"start":{"line":100,"column":6},"end":{"line":100,"column":56}},"37":{"start":{"line":104,"column":2},"end":{"line":244,"column":4}},"38":{"start":{"line":121,"column":42},"end":{"line":121,"column":103}},"39":{"start":{"line":139,"column":38},"end":{"line":139,"column":81}},"40":{"start":{"line":152,"column":38},"end":{"line":152,"column":80}},"41":{"start":{"line":165,"column":38},"end":{"line":165,"column":77}},"42":{"start":{"line":180,"column":38},"end":{"line":180,"column":83}},"43":{"start":{"line":194,"column":38},"end":{"line":194,"column":80}},"44":{"start":{"line":234,"column":31},"end":{"line":234,"column":59}},"45":{"start":{"line":247,"column":15},"end":{"line":294,"column":2}},"46":{"start":{"line":296,"column":0},"end":{"line":296,"column":30}}},"fnMap":{"0":{"name":"(anonymous_0)","decl":{"start":{"line":28,"column":54},"end":{"line":28,"column":55}},"loc":{"start":{"line":28,"column":73},"end":{"line":245,"column":1}}},"1":{"name":"(anonymous_1)","decl":{"start":{"line":43,"column":23},"end":{"line":43,"column":35}},"loc":{"start":{"line":43,"column":37},"end":{"line":80,"column":3}}},"2":{"name":"(anonymous_2)","decl":{"start":{"line":82,"column":25},"end":{"line":82,"column":30}},"loc":{"start":{"line":82,"column":36},"end":{"line":102,"column":3}}},"3":{"name":"(anonymous_3)","decl":{"start":{"line":121,"column":31},"end":{"line":121,"column":32}},"loc":{"start":{"line":121,"column":42},"end":{"line":121,"column":103}}},"4":{"name":"(anonymous_4)","decl":{"start":{"line":139,"column":28},"end":{"line":139,"column":29}},"loc":{"start":{"line":139,"column":38},"end":{"line":139,"column":81}}},"5":{"name":"(anonymous_5)","decl":{"start":{"line":152,"column":28},"end":{"line":152,"column":29}},"loc":{"start":{"line":152,"column":38},"end":{"line":152,"column":80}}},"6":{"name":"(anonymous_6)","decl":{"start":{"line":165,"column":28},"end":{"line":165,"column":29}},"loc":{"start":{"line":165,"column":38},"end":{"line":165,"column":77}}},"7":{"name":"(anonymous_7)","decl":{"start":{"line":180,"column":28},"end":{"line":180,"column":29}},"loc":{"start":{"line":180,"column":38},"end":{"line":180,"column":83}}},"8":{"name":"(anonymous_8)","decl":{"start":{"line":194,"column":28},"end":{"line":194,"column":29}},"loc":{"start":{"line":194,"column":38},"end":{"line":194,"column":80}}},"9":{"name":"(anonymous_9)","decl":{"start":{"line":234,"column":25},"end":{"line":234,"column":28}},"loc":{"start":{"line":234,"column":31},"end":{"line":234,"column":59}}}},"branchMap":{"0":{"loc":{"start":{"line":47,"column":4},"end":{"line":49,"column":5}},"type":"if","locations":[{"start":{"line":47,"column":4},"end":{"line":49,"column":5}},{"start":{},"end":{}}]},"1":{"loc":{"start":{"line":50,"column":4},"end":{"line":52,"column":5}},"type":"if","locations":[{"start":{"line":50,"column":4},"end":{"line":52,"column":5}},{"start":{},"end":{}}]},"2":{"loc":{"start":{"line":55,"column":4},"end":{"line":59,"column":5}},"type":"if","locations":[{"start":{"line":55,"column":4},"end":{"line":59,"column":5}},{"start":{"line":57,"column":11},"end":{"line":59,"column":5}}]},"3":{"loc":{"start":{"line":57,"column":11},"end":{"line":59,"column":5}},"type":"if","locations":[{"start":{"line":57,"column":11},"end":{"line":59,"column":5}},{"start":{},"end":{}}]},"4":{"loc":{"start":{"line":62,"column":4},"end":{"line":66,"column":5}},"type":"if","locations":[{"start":{"line":62,"column":4},"end":{"line":66,"column":5}},{"start":{"line":64,"column":11},"end":{"line":66,"column":5}}]},"5":{"loc":{"start":{"line":64,"column":11},"end":{"line":66,"column":5}},"type":"if","locations":[{"start":{"line":64,"column":11},"end":{"line":66,"column":5}},{"start":{},"end":{}}]},"6":{"loc":{"start":{"line":69,"column":4},"end":{"line":71,"column":5}},"type":"if","locations":[{"start":{"line":69,"column":4},"end":{"line":71,"column":5}},{"start":{},"end":{}}]},"7":{"loc":{"start":{"line":74,"column":4},"end":{"line":76,"column":5}},"type":"if","locations":[{"start":{"line":74,"column":4},"end":{"line":76,"column":5}},{"start":{},"end":{}}]},"8":{"loc":{"start":{"line":83,"column":4},"end":{"line":85,"column":5}},"type":"if","locations":[{"start":{"line":83,"column":4},"end":{"line":85,"column":5}},{"start":{},"end":{}}]},"9":{"loc":{"start":{"line":91,"column":11},"end":{"line":91,"column":57}},"type":"cond-expr","locations":[{"start":{"line":91,"column":39},"end":{"line":91,"column":46}},{"start":{"line":91,"column":49},"end":{"line":91,"column":57}}]},"10":{"loc":{"start":{"line":107,"column":16},"end":{"line":107,"column":60}},"type":"cond-expr","locations":[{"start":{"line":107,"column":40},"end":{"line":107,"column":49}},{"start":{"line":107,"column":52},"end":{"line":107,"column":60}}]},"11":{"loc":{"start":{"line":226,"column":22},"end":{"line":226,"column":68}},"type":"cond-expr","locations":[{"start":{"line":226,"column":50},"end":{"line":226,"column":57}},{"start":{"line":226,"column":60},"end":{"line":226,"column":68}}]}},"s":{"0":0,"1":0,"2":0,"3":0,"4":0,"5":0,"6":0,"7":0,"8":0,"9":0,"10":0,"11":0,"12":0,"13":0,"14":0,"15":0,"16":0,"17":0,"18":0,"19":0,"20":0,"21":0,"22":0,"23":0,"24":0,"25":0,"26":0,"27":0,"28":0,"29":0,"30":0,"31":0,"32":0,"33":0,"34":0,"35":0,"36":0,"37":0,"38":0,"39":0,"40":0,"41":0,"42":0,"43":0,"44":0,"45":0,"46":0},"f":{"0":0,"1":0,"2":0,"3":0,"4":0,"5":0,"6":0,"7":0,"8":0,"9":0},"b":{"0":[0,0],"1":[0,0],"2":[0,0],"3":[0,0],"4":[0,0],"5":[0,0],"6":[0,0],"7":[0,0],"8":[0,0],"9":[0,0],"10":[0,0],"11":[0,0]}}
,"C:\\Users\\Azer\\RideMobile\\src\\screens\\driver\\DriverHomeScreen.tsx": {"path":"C:\\Users\\Azer\\RideMobile\\src\\screens\\driver\\DriverHomeScreen.tsx","statementMap":{"0":{"start":{"line":1,"column":0},"end":{"line":1,"column":59}},"1":{"start":{"line":2,"column":0},"end":{"line":2,"column":77}},"2":{"start":{"line":3,"column":0},"end":{"line":3,"column":null}},"3":{"start":{"line":16,"column":0},"end":{"line":16,"column":60}},"4":{"start":{"line":17,"column":0},"end":{"line":17,"column":53}},"5":{"start":{"line":18,"column":0},"end":{"line":18,"column":57}},"6":{"start":{"line":19,"column":0},"end":{"line":19,"column":64}},"7":{"start":{"line":21,"column":0},"end":{"line":21,"column":49}},"8":{"start":{"line":22,"column":0},"end":{"line":22,"column":42}},"9":{"start":{"line":24,"column":26},"end":{"line":24,"column":50}},"10":{"start":{"line":25,"column":21},"end":{"line":25,"column":35}},"11":{"start":{"line":26,"column":23},"end":{"line":26,"column":29}},"12":{"start":{"line":27,"column":24},"end":{"line":27,"column":53}},"13":{"start":{"line":30,"column":33},"end":{"line":30,"column":59}},"14":{"start":{"line":36,"column":58},"end":{"line":455,"column":1}},"15":{"start":{"line":37,"column":19},"end":{"line":37,"column":28}},"16":{"start":{"line":47,"column":6},"end":{"line":47,"column":17}},"17":{"start":{"line":50,"column":40},"end":{"line":50,"column":55}},"18":{"start":{"line":51,"column":54},"end":{"line":51,"column":69}},"19":{"start":{"line":52,"column":48},"end":{"line":52,"column":94}},"20":{"start":{"line":53,"column":54},"end":{"line":53,"column":69}},"21":{"start":{"line":56,"column":44},"end":{"line":56,"column":71}},"22":{"start":{"line":57,"column":50},"end":{"line":57,"column":65}},"23":{"start":{"line":58,"column":52},"end":{"line":58,"column":86}},"24":{"start":{"line":59,"column":44},"end":{"line":59,"column":59}},"25":{"start":{"line":62,"column":38},"end":{"line":66,"column":4}},"26":{"start":{"line":69,"column":30},"end":{"line":74,"column":4}},"27":{"start":{"line":76,"column":17},"end":{"line":76,"column":38}},"28":{"start":{"line":78,"column":2},"end":{"line":86,"column":9}},"29":{"start":{"line":79,"column":4},"end":{"line":79,"column":23}},"30":{"start":{"line":80,"column":4},"end":{"line":80,"column":27}},"31":{"start":{"line":82,"column":4},"end":{"line":85,"column":6}},"32":{"start":{"line":83,"column":6},"end":{"line":83,"column":32}},"33":{"start":{"line":84,"column":6},"end":{"line":84,"column":31}},"34":{"start":{"line":88,"column":2},"end":{"line":99,"column":51}},"35":{"start":{"line":89,"column":4},"end":{"line":98,"column":5}},"36":{"start":{"line":91,"column":6},"end":{"line":97,"column":9}},"37":{"start":{"line":101,"column":27},"end":{"line":116,"column":3}},"38":{"start":{"line":102,"column":4},"end":{"line":115,"column":5}},"39":{"start":{"line":104,"column":28},"end":{"line":104,"column":70}},"40":{"start":{"line":105,"column":6},"end":{"line":105,"column":43}},"41":{"start":{"line":107,"column":6},"end":{"line":109,"column":7}},"42":{"start":{"line":108,"column":8},"end":{"line":108,"column":35}},"43":{"start":{"line":112,"column":6},"end":{"line":112,"column":29}},"44":{"start":{"line":114,"column":6},"end":{"line":114,"column":57}},"45":{"start":{"line":118,"column":29},"end":{"line":139,"column":3}},"46":{"start":{"line":119,"column":4},"end":{"line":138,"column":5}},"47":{"start":{"line":120,"column":23},"end":{"line":122,"column":8}},"48":{"start":{"line":124,"column":6},"end":{"line":124,"column":35}},"49":{"start":{"line":127,"column":24},"end":{"line":132,"column":8}},"50":{"start":{"line":133,"column":6},"end":{"line":133,"column":27}},"51":{"start":{"line":134,"column":6},"end":{"line":134,"column":55}},"52":{"start":{"line":137,"column":6},"end":{"line":137,"column":62}},"53":{"start":{"line":141,"column":31},"end":{"line":153,"column":3}},"54":{"start":{"line":142,"column":4},"end":{"line":142,"column":24}},"55":{"start":{"line":142,"column":17},"end":{"line":142,"column":24}},"56":{"start":{"line":144,"column":4},"end":{"line":144,"column":70}},"57":{"start":{"line":147,"column":4},"end":{"line":147,"column":39}},"58":{"start":{"line":148,"column":4},"end":{"line":148,"column":35}},"59":{"start":{"line":149,"column":4},"end":{"line":149,"column":41}},"60":{"start":{"line":152,"column":4},"end":{"line":152,"column":53}},"61":{"start":{"line":155,"column":33},"end":{"line":161,"column":3}},"62":{"start":{"line":156,"column":4},"end":{"line":156,"column":24}},"63":{"start":{"line":156,"column":17},"end":{"line":156,"column":24}},"64":{"start":{"line":158,"column":4},"end":{"line":158,"column":31}},"65":{"start":{"line":159,"column":4},"end":{"line":159,"column":29}},"66":{"start":{"line":160,"column":4},"end":{"line":160,"column":32}},"67":{"start":{"line":163,"column":29},"end":{"line":177,"column":3}},"68":{"start":{"line":164,"column":4},"end":{"line":164,"column":75}},"69":{"start":{"line":165,"column":4},"end":{"line":165,"column":38}},"70":{"start":{"line":166,"column":4},"end":{"line":166,"column":30}},"71":{"start":{"line":169,"column":4},"end":{"line":176,"column":6}},"72":{"start":{"line":173,"column":59},"end":{"line":173,"column":86}},"73":{"start":{"line":174,"column":41},"end":{"line":174,"column":67}},"74":{"start":{"line":179,"column":27},"end":{"line":182,"column":3}},"75":{"start":{"line":180,"column":4},"end":{"line":180,"column":62}},"76":{"start":{"line":184,"column":30},"end":{"line":189,"column":3}},"77":{"start":{"line":185,"column":4},"end":{"line":185,"column":55}},"78":{"start":{"line":186,"column":4},"end":{"line":186,"column":31}},"79":{"start":{"line":187,"column":4},"end":{"line":187,"column":31}},"80":{"start":{"line":188,"column":4},"end":{"line":188,"column":79}},"81":{"start":{"line":191,"column":29},"end":{"line":213,"column":3}},"82":{"start":{"line":192,"column":4},"end":{"line":212,"column":5}},"83":{"start":{"line":193,"column":6},"end":{"line":208,"column":7}},"84":{"start":{"line":195,"column":8},"end":{"line":198,"column":9}},"85":{"start":{"line":196,"column":10},"end":{"line":196,"column":92}},"86":{"start":{"line":197,"column":10},"end":{"line":197,"column":17}},"87":{"start":{"line":200,"column":8},"end":{"line":200,"column":38}},"88":{"start":{"line":201,"column":8},"end":{"line":201,"column":54}},"89":{"start":{"line":202,"column":8},"end":{"line":202,"column":29}},"90":{"start":{"line":205,"column":8},"end":{"line":205,"column":37}},"91":{"start":{"line":206,"column":8},"end":{"line":206,"column":52}},"92":{"start":{"line":207,"column":8},"end":{"line":207,"column":30}},"93":{"start":{"line":210,"column":6},"end":{"line":210,"column":59}},"94":{"start":{"line":211,"column":6},"end":{"line":211,"column":68}},"95":{"start":{"line":215,"column":32},"end":{"line":256,"column":3}},"96":{"start":{"line":216,"column":4},"end":{"line":255,"column":5}},"97":{"start":{"line":218,"column":6},"end":{"line":239,"column":9}},"98":{"start":{"line":219,"column":8},"end":{"line":222,"column":9}},"99":{"start":{"line":220,"column":10},"end":{"line":220,"column":61}},"100":{"start":{"line":221,"column":10},"end":{"line":221,"column":17}},"101":{"start":{"line":223,"column":8},"end":{"line":238,"column":9}},"102":{"start":{"line":224,"column":32},"end":{"line":224,"column":43}},"103":{"start":{"line":225,"column":27},"end":{"line":225,"column":39}},"104":{"start":{"line":228,"column":10},"end":{"line":237,"column":11}},"105":{"start":{"line":229,"column":12},"end":{"line":236,"column":15}},"106":{"start":{"line":242,"column":6},"end":{"line":250,"column":9}},"107":{"start":{"line":252,"column":6},"end":{"line":252,"column":34}},"108":{"start":{"line":254,"column":6},"end":{"line":254,"column":64}},"109":{"start":{"line":258,"column":31},"end":{"line":265,"column":3}},"110":{"start":{"line":259,"column":4},"end":{"line":264,"column":5}},"111":{"start":{"line":260,"column":6},"end":{"line":260,"column":72}},"112":{"start":{"line":261,"column":6},"end":{"line":261,"column":35}},"113":{"start":{"line":263,"column":6},"end":{"line":263,"column":64}},"114":{"start":{"line":267,"column":34},"end":{"line":271,"column":3}},"115":{"start":{"line":268,"column":4},"end":{"line":270,"column":5}},"116":{"start":{"line":269,"column":6},"end":{"line":269,"column":35}},"117":{"start":{"line":273,"column":21},"end":{"line":294,"column":3}},"118":{"start":{"line":274,"column":4},"end":{"line":274,"column":39}},"119":{"start":{"line":274,"column":32},"end":{"line":274,"column":39}},"120":{"start":{"line":276,"column":4},"end":{"line":276,"column":27}},"121":{"start":{"line":277,"column":4},"end":{"line":293,"column":5}},"122":{"start":{"line":278,"column":6},"end":{"line":278,"column":45}},"123":{"start":{"line":281,"column":6},"end":{"line":281,"column":29}},"124":{"start":{"line":283,"column":6},"end":{"line":283,"column":33}},"125":{"start":{"line":284,"column":6},"end":{"line":284,"column":33}},"126":{"start":{"line":287,"column":6},"end":{"line":287,"column":54}},"127":{"start":{"line":289,"column":6},"end":{"line":289,"column":52}},"128":{"start":{"line":290,"column":6},"end":{"line":290,"column":61}},"129":{"start":{"line":292,"column":6},"end":{"line":292,"column":30}},"130":{"start":{"line":296,"column":22},"end":{"line":304,"column":3}},"131":{"start":{"line":297,"column":4},"end":{"line":303,"column":5}},"132":{"start":{"line":298,"column":6},"end":{"line":298,"column":46}},"133":{"start":{"line":299,"column":6},"end":{"line":299,"column":33}},"134":{"start":{"line":300,"column":6},"end":{"line":300,"column":33}},"135":{"start":{"line":302,"column":6},"end":{"line":302,"column":52}},"136":{"start":{"line":306,"column":25},"end":{"line":313,"column":3}},"137":{"start":{"line":307,"column":4},"end":{"line":312,"column":5}},"138":{"start":{"line":308,"column":20},"end":{"line":308,"column":55}},"139":{"start":{"line":309,"column":6},"end":{"line":309,"column":27}},"140":{"start":{"line":311,"column":6},"end":{"line":311,"column":51}},"141":{"start":{"line":315,"column":2},"end":{"line":322,"column":3}},"142":{"start":{"line":316,"column":4},"end":{"line":321,"column":6}},"143":{"start":{"line":324,"column":2},"end":{"line":454,"column":4}},"144":{"start":{"line":407,"column":28},"end":{"line":407,"column":59}},"145":{"start":{"line":413,"column":28},"end":{"line":413,"column":53}},"146":{"start":{"line":419,"column":28},"end":{"line":419,"column":53}},"147":{"start":{"line":425,"column":28},"end":{"line":425,"column":52}},"148":{"start":{"line":433,"column":33},"end":{"line":433,"column":66}},"149":{"start":{"line":441,"column":33},"end":{"line":441,"column":65}},"150":{"start":{"line":457,"column":15},"end":{"line":562,"column":2}},"151":{"start":{"line":564,"column":0},"end":{"line":564,"column":32}}},"fnMap":{"0":{"name":"(anonymous_9)","decl":{"start":{"line":36,"column":58},"end":{"line":36,"column":59}},"loc":{"start":{"line":36,"column":77},"end":{"line":455,"column":1}}},"1":{"name":"(anonymous_10)","decl":{"start":{"line":78,"column":12},"end":{"line":78,"column":15}},"loc":{"start":{"line":78,"column":17},"end":{"line":86,"column":3}}},"2":{"name":"(anonymous_11)","decl":{"start":{"line":82,"column":11},"end":{"line":82,"column":14}},"loc":{"start":{"line":82,"column":16},"end":{"line":85,"column":5}}},"3":{"name":"(anonymous_12)","decl":{"start":{"line":88,"column":12},"end":{"line":88,"column":15}},"loc":{"start":{"line":88,"column":17},"end":{"line":99,"column":3}}},"4":{"name":"(anonymous_13)","decl":{"start":{"line":101,"column":27},"end":{"line":101,"column":32}},"loc":{"start":{"line":101,"column":38},"end":{"line":116,"column":3}}},"5":{"name":"(anonymous_14)","decl":{"start":{"line":118,"column":29},"end":{"line":118,"column":34}},"loc":{"start":{"line":118,"column":40},"end":{"line":139,"column":3}}},"6":{"name":"(anonymous_15)","decl":{"start":{"line":141,"column":31},"end":{"line":141,"column":34}},"loc":{"start":{"line":141,"column":36},"end":{"line":153,"column":3}}},"7":{"name":"(anonymous_16)","decl":{"start":{"line":155,"column":33},"end":{"line":155,"column":36}},"loc":{"start":{"line":155,"column":38},"end":{"line":161,"column":3}}},"8":{"name":"(anonymous_17)","decl":{"start":{"line":163,"column":29},"end":{"line":163,"column":30}},"loc":{"start":{"line":163,"column":58},"end":{"line":177,"column":3}}},"9":{"name":"(anonymous_18)","decl":{"start":{"line":173,"column":53},"end":{"line":173,"column":56}},"loc":{"start":{"line":173,"column":59},"end":{"line":173,"column":86}}},"10":{"name":"(anonymous_19)","decl":{"start":{"line":174,"column":35},"end":{"line":174,"column":38}},"loc":{"start":{"line":174,"column":41},"end":{"line":174,"column":67}}},"11":{"name":"(anonymous_20)","decl":{"start":{"line":179,"column":27},"end":{"line":179,"column":28}},"loc":{"start":{"line":179,"column":45},"end":{"line":182,"column":3}}},"12":{"name":"(anonymous_21)","decl":{"s
[...]
"end":{"line":219,"column":3}}},"9":{"name":"(anonymous_9)","decl":{"start":{"line":222,"column":2},"end":{"line":222,"column":23}},"loc":{"start":{"line":222,"column":38},"end":{"line":235,"column":3}}},"10":{"name":"(anonymous_10)","decl":{"start":{"line":238,"column":2},"end":{"line":238,"column":22}},"loc":{"start":{"line":238,"column":37},"end":{"line":249,"column":3}}}},"branchMap":{"0":{"loc":{"start":{"line":118,"column":18},"end":{"line":118,"column":47}},"type":"binary-expr","locations":[{"start":{"line":118,"column":18},"end":{"line":118,"column":38}},{"start":{"line":118,"column":42},"end":{"line":118,"column":47}}]},"1":{"loc":{"start":{"line":190,"column":18},"end":{"line":190,"column":47}},"type":"binary-expr","locations":[{"start":{"line":190,"column":18},"end":{"line":190,"column":38}},{"start":{"line":190,"column":42},"end":{"line":190,"column":47}}]},"2":{"loc":{"start":{"line":213,"column":11},"end":{"line":213,"column":39}},"type":"binary-expr","locations":[{"start":{"line":213,"column":11},"end":{"line":213,"column":21}},{"start":{"line":213,"column":25},"end":{"line":213,"column":39}}]},"3":{"loc":{"start":{"line":217,"column":31},"end":{"line":217,"column":55}},"type":"default-arg","locations":[{"start":{"line":217,"column":50},"end":{"line":217,"column":55}}]},"4":{"loc":{"start":{"line":223,"column":4},"end":{"line":234,"column":5}},"type":"switch","locations":[{"start":{"line":224,"column":6},"end":{"line":225,"column":25}},{"start":{"line":226,"column":6},"end":{"line":227,"column":25}},{"start":{"line":228,"column":6},"end":{"line":229,"column":25}},{"start":{"line":230,"column":6},"end":{"line":231,"column":25}},{"start":{"line":232,"column":6},"end":{"line":233,"column":25}}]},"5":{"loc":{"start":{"line":239,"column":4},"end":{"line":248,"column":5}},"type":"switch","locations":[{"start":{"line":240,"column":6},"end":{"line":241,"column":22}},{"start":{"line":242,"column":6},"end":{"line":243,"column":24}},{"start":{"line":244,"column":6},"end":{"line":245,"column":29}},{"start":{"line":246,"column":6},"end":{"line":247,"column":30}}]}},"s":{"0":0,"1":0,"2":0,"3":0,"4":0,"5":0,"6":0,"7":0,"8":0,"9":0,"10":0,"11":0,"12":0,"13":0,"14":0,"15":0,"16":0,"17":0,"18":0,"19":0,"20":0,"21":0,"22":0,"23":0,"24":0,"25":0,"26":0,"27":0,"28":0,"29":0,"30":0,"31":0,"32":0,"33":0,"34":0,"35":0,"36":0,"37":0,"38":0,"39":0,"40":0,"41":0,"42":0,"43":0,"44":0,"45":0,"46":0,"47":0,"48":0},"f":{"0":0,"1":0,"2":0,"3":0,"4":0,"5":0,"6":0,"7":0,"8":0,"9":0,"10":0},"b":{"0":[0,0],"1":[0,0],"2":[0,0],"3":[0],"4":[0,0,0,0,0],"5":[0,0,0,0]}}
,"C:\\Users\\Azer\\RideMobile\\src\\services\\ride.ts": {"path":"C:\\Users\\Azer\\RideMobile\\src\\services\\ride.ts","statementMap":{"0":{"start":{"line":1,"column":0},"end":{"line":1,"column":31}},"1":{"start":{"line":71,"column":4},"end":{"line":95,"column":5}},"2":{"start":{"line":73,"column":22},"end":{"line":73,"column":49}},"3":{"start":{"line":74,"column":22},"end":{"line":74,"column":49}},"4":{"start":{"line":76,"column":18},"end":{"line":76,"column":163}},"5":{"start":{"line":77,"column":6},"end":{"line":77,"column":60}},"6":{"start":{"line":79,"column":23},"end":{"line":79,"column":58}},"7":{"start":{"line":80,"column":6},"end":{"line":80,"column":56}},"8":{"start":{"line":83,"column":6},"end":{"line":86,"column":7}},"9":{"start":{"line":84,"column":8},"end":{"line":84,"column":85}},"10":{"start":{"line":85,"column":8},"end":{"line":85,"column":57}},"11":{"start":{"line":88,"column":6},"end":{"line":88,"column":22}},"12":{"start":{"line":90,"column":6},"end":{"line":90,"column":61}},"13":{"start":{"line":91,"column":6},"end":{"line":91,"column":61}},"14":{"start":{"line":93,"column":6},"end":{"line":93,"column":71}},"15":{"start":{"line":94,"column":6},"end":{"line":94,"column":55}},"16":{"start":{"line":100,"column":4},"end":{"line":155,"column":5}},"17":{"start":{"line":101,"column":6},"end":{"line":101,"column":95}},"18":{"start":{"line":104,"column":26},"end":{"line":112,"column":8}},"19":{"start":{"line":114,"column":6},"end":{"line":114,"column":92}},"20":{"start":{"line":116,"column":23},"end":{"line":116,"column":73}},"21":{"start":{"line":117,"column":6},"end":{"line":117,"column":22}},"22":{"start":{"line":119,"column":6},"end":{"line":119,"column":53}},"23":{"start":{"line":120,"column":6},"end":{"line":120,"column":61}},"24":{"start":{"line":123,"column":6},"end":{"line":123,"column":55}},"25":{"start":{"line":124,"column":29},"end":{"line":152,"column":8}},"26":{"start":{"line":154,"column":6},"end":{"line":154,"column":22}},"27":{"start":{"line":160,"column":4},"end":{"line":166,"column":5}},"28":{"start":{"line":161,"column":23},"end":{"line":161,"column":69}},"29":{"start":{"line":162,"column":6},"end":{"line":162,"column":22}},"30":{"start":{"line":164,"column":6},"end":{"line":164,"column":59}},"31":{"start":{"line":165,"column":6},"end":{"line":165,"column":52}},"32":{"start":{"line":171,"column":4},"end":{"line":203,"column":5}},"33":{"start":{"line":172,"column":6},"end":{"line":172,"column":89}},"34":{"start":{"line":175,"column":24},"end":{"line":175,"column":38}},"35":{"start":{"line":178,"column":6},"end":{"line":181,"column":7}},"36":{"start":{"line":179,"column":8},"end":{"line":179,"column":75}},"37":{"start":{"line":180,"column":8},"end":{"line":180,"column":15}},"38":{"start":{"line":184,"column":6},"end":{"line":187,"column":7}},"39":{"start":{"line":185,"column":8},"end":{"line":185,"column":56}},"40":{"start":{"line":186,"column":8},"end":{"line":186,"column":15}},"41":{"start":{"line":189,"column":6},"end":{"line":189,"column":79}},"42":{"start":{"line":190,"column":6},"end":{"line":190,"column":70}},"43":{"start":{"line":191,"column":6},"end":{"line":191,"column":51}},"44":{"start":{"line":193,"column":6},"end":{"line":193,"column":53}},"45":{"start":{"line":194,"column":6},"end":{"line":194,"column":73}},"46":{"start":{"line":197,"column":24},"end":{"line":197,"column":38}},"47":{"start":{"line":198,"column":6},"end":{"line":200,"column":7}},"48":{"start":{"line":199,"column":8},"end":{"line":199,"column":15}},"49":{"start":{"line":202,"column":6},"end":{"line":202,"column":47}},"50":{"start":{"line":208,"column":4},"end":{"line":214,"column":5}},"51":{"start":{"line":209,"column":23},"end":{"line":209,"column":61}},"52":{"start":{"line":210,"column":6},"end":{"line":210,"column":22}},"53":{"start":{"line":212,"column":6},"end":{"line":212,"column":59}},"54":{"start":{"line":213,"column":6},"end":{"line":213,"column":16}},"55":{"start":{"line":219,"column":4},"end":{"line":224,"column":5}},"56":{"start":{"line":220,"column":6},"end":{"line":220,"column":54}},"57":{"start":{"line":222,"column":6},"end":{"line":222,"column":53}},"58":{"start":{"line":223,"column":6},"end":{"line":223,"column":47}},"59":{"start":{"line":229,"column":4},"end":{"line":235,"column":5}},"60":{"start":{"line":230,"column":23},"end":{"line":230,"column":71}},"61":{"start":{"line":231,"column":6},"end":{"line":231,"column":22}},"62":{"start":{"line":233,"column":6},"end":{"line":233,"column":62}},"63":{"start":{"line":234,"column":6},"end":{"line":234,"column":55}},"64":{"start":{"line":240,"column":4},"end":{"line":298,"column":5}},"65":{"start":{"line":242,"column":23},"end":{"line":242,"column":78}},"66":{"start":{"line":246,"column":33},"end":{"line":268,"column":8}},"67":{"start":{"line":270,"column":20},"end":{"line":270,"column":83}},"68":{"start":{"line":273,"column":26},"end":{"line":273,"column":71}},"69":{"start":{"line":276,"column":6},"end":{"line":276,"column":65}},"70":{"start":{"line":279,"column":26},"end":{"line":279,"column":47}},"71":{"start":{"line":280,"column":26},"end":{"line":280,"column":63}},"72":{"start":{"line":281,"column":24},"end":{"line":281,"column":78}},"73":{"start":{"line":283,"column":6},"end":{"line":285,"column":7}},"74":{"start":{"line":284,"column":8},"end":{"line":284,"column":52}},"75":{"start":{"line":287,"column":6},"end":{"line":289,"column":7}},"76":{"start":{"line":288,"column":8},"end":{"line":288,"column":54}},"77":{"start":{"line":292,"column":6},"end":{"line":292,"column":58}},"78":{"start":{"line":294,"column":6},"end":{"line":294,"column":27}},"79":{"start":{"line":296,"column":6},"end":{"line":296,"column":54}},"80":{"start":{"line":297,"column":6},"end":{"line":297,"column":19}},"81":{"start":{"line":310,"column":21},"end":{"line":310,"column":76}},"82":{"start":{"line":311,"column":31},"end":{"line":315,"column":6}},"83":{"start":{"line":317,"column":18},"end":{"line":317,"column":81}},"84":{"start":{"line":318,"column":21},"end":{"line":318,"column":35}},"85":{"start":{"line":319,"column":25},"end":{"line":319,"column":51}},"86":{"start":{"line":320,"column":16},"end":{"line":320,"column":39}},"87":{"start":{"line":323,"column":4},"end":{"line":323,"column":47}},"88":{"start":{"line":325,"column":61},"end":{"line":325,"column":63}},"89":{"start":{"line":326,"column":24},"end":{"line":326,"column":45}},"90":{"start":{"line":327,"column":24},"end":{"line":327,"column":61}},"91":{"start":{"line":328,"column":22},"end":{"line":328,"column":76}},"92":{"start":{"line":330,"column":4},"end":{"line":333,"column":5}},"93":{"start":{"line":331,"column":6},"end":{"line":331,"column":46}},"94":{"start":{"line":332,"column":6},"end":{"line":332,"column":42}},"95":{"start":{"line":335,"column":4},"end":{"line":338,"column":5}},"96":{"start":{"line":336,"column":6},"end":{"line":336,"column":50}},"97":{"start":{"line":337,"column":6},"end":{"line":337,"column":44}},"98":{"start":{"line":340,"column":4},"end":{"line":340,"column":40}},"99":{"start":{"line":342,"column":4},"end":{"line":349,"column":6}},"100":{"start":{"line":354,"column":14},"end":{"line":354,"column":18}},"101":{"start":{"line":355,"column":17},"end":{"line":355,"column":73}},"102":{"start":{"line":356,"column":17},"end":{"line":356,"column":75}},"103":{"start":{"line":359,"column":6},"end":{"line":361,"column":41}},"104":{"start":{"line":363,"column":14},"end":{"line":363,"column":58}},"105":{"start":{"line":364,"column":21},"end":{"line":364,"column":26}},"106":{"start":{"line":366,"column":4},"end":{"line":366,"column":20}},"107":{"start":{"line":370,"column":4},"end":{"line":370,"column":35}},"108":{"start":{"line":375,"column":4},"end":{"line":430,"column":6}},"109":{"start":{"line":434,"column":0},"end":{"line":434,"column":33}}},"fnMap":{"0":{"name":"(anonymous_1)","decl":{"start":{"line":64,"column":2},"end":{"line":64,"column":7}},"loc":{"start":{"line":69,"column":22},"end":{"line":96,"column":3}}},"1":{"name":"(anonymous_2)","decl":{"start":{"line":99,"column":2},"end":{"line":99,"column":7}},"loc":{"start":{"line":99,"column":44},"end":{"line":156,"column":3}}},"2":{"name":"(anonymous_3)","decl":{"start":{"line":159,"column":2},"end":{"line":159,"column":7}},"loc":{"start":{"line":159,"column":37},"end":{"line":167,"column":3}}},"3":{"name":"(anonymous_4)","decl":{"start":{"line":170,"column":2},"end":{"line":170,"column":7}},"loc":{"start":{"line":170,"column":59},"end":{"line":204,"column":3}}},"4":{"name":"(anonymous_5)","decl":{"start":{"line":207,"column":2},"end":{"line":207,"column":7}},"loc":{"start":{"line":207,"column":22},"end":{"line":215,"column":3}}},"5":{"name":"(anonymous_6)","decl":{"start":{"line":218,"column":2},"end":{"line":218,"column":7}},"loc":{"start":{"line":218,"column":42},"end":{"line":225,"column":3}}},"6":{"name":"(anonymous_7)","decl":{"start":{"line":228,"column":2},"end":{"line":228,"column":7}},"loc":{"start":{"line":228,"column":40},"end":{"line":236,"column":3}}},"7":{"name":"(anonymous_8)","decl":{"start":{"line":239,"column":2},"end":{"line":239,"column":7}},"loc":{"start":{"line":239,"column":99},"end":{"line":299,"column":3}}},"8":{"name":"(anonymous_9)","decl":{"start":{"line":302,"column":2},"end":{"line":302,"column":7}},"loc":{"start":{"line":302,"column":102},"end":{"line":350,"column":3}}},"9":{"name":"(anonymous_10)","decl":{"start":{"line":353,"column":10},"end":{"line":353,"column":27}},"loc":{"start":{"line":353,"column":70},"end":{"line":367,"column":3}}},"10":{"name":"(anonymous_11)","decl":{"start":{"line":369,"column":10},"end":{"line":369,"column":26}},"loc":{"start":{"line":369,"column":42},"end":{"line":371,"column":3}}},"11":{"name":"(anonymous_12)","decl":{"start":{"line":374,"column":10},"end":{"line":374,"column":24}},"loc":{"start":{"line":374,"column":60},"end":{"line":431,"column":3}}}},"branchMap":{"0":{"loc":{"start":{"line":69,"column":4},"end":{"line":69,"column":22}},"type":"default-arg","locations":[{"start":{"line":69,"column":21},"end":{"line":69,"column":22}}]},"1":{"loc":{"start":{"line":73,"column":22},"end":{"line":73,"column":49}},"type":"binary-expr","locations":[{"start":{"line":73,"column":22},"end":{"line":73,"column":36}},{"start":{"line":73,"column":40},"end":{"line":73,"column":49}}]},"2":{"loc":{"start":{"line":74,"column":22},"end":{"line":74,"column":49}},"type":"binary-expr","locations":[{"start":{"line":74,"column":22},"end":{"line":74,"column":36}},{"start":{"line":74,"column":40},"end":{"line":74,"column":49}}]},"3":{"loc":{"start":{"line":83,"column":6},"end":{"line":86,"column":7}},"type":"if","locations":[{"start":{"line":83,"column":6},"end":{"line":86,"column":7}},{"start":{},"end":{}}]},"4":{"loc":{"start":{"line":83,"column":10},"end":{"line":83,"column":44}},"type":"binary-expr","locations":[{"start":{"line":83,"column":10},"end":{"line":83,"column":19}},{"start":{"line":83,"column":23},"end":{"line":83,"column":44}}]},"5":{"loc":{"start":{"line":132,"column":23},"end":{"line":132,"column":54}},"type":"binary-expr","locations":[{"start":{"line":132,"column":23},"end":{"line":132,"column":48}},{"start":{"line":132,"column":52},"end":{"line":132,"column":54}}]},"6":{"loc":{"start":{"line":133,"column":20},"end":{"line":133,"column":51}},"type":"binary-expr","locations":[{"start":{"line":133,"column":20},"end":{"line":133,"column":45}},{"start":{"line":133,"column":49},"end":{"line":133,"column":51}}]},"7":{"loc":{"start":{"line":178,"column":6},"end":{"line":181,"column":7}},"type":"if","locations":[{"start":{"line":178,"column":6},"end":{"line":181,"column":7}},{"start":{},"end":{}}]},"8":{"loc":{"start":{"line":178,"column":10},"end":{"line":178,"column":73}},"type":"binary-expr","locations":[{"start":{"line":178,"column":10},"end":{"line":178,"column":20}},{"start":{"line":178,"column":24},"end":{"line":178,"column":49}},{"start":{"line":178,"column":53},"end":{"line":178,"column":73}}]},"9":{"loc":{"start":{"line":184,"column":6},"end":{"line":187,"column":7}},"type":"if","locations":[{"start":{"line":184,"column":6},"end":{"line":187,"column":7}},{"start":{},"end":{}}]},"10":{"loc":{"start":{"line":198,"column":6},"end":{"line":200,"column":7}},"type":"if","locations":[{"start":{"line":198,"column":6},"end":{"line":200,"column":7}},{"start":{},"end":{}}]},"11":{"loc":{"start":{"line":198,"column":10},"end":{"line":198,"column":57}},"type":"binary-expr","locations":[{"start":{"line":198,"column":10},"end":{"line":198,"column":19}},{"start":{"line":198,"column":23},"end":{"line":198,"column":57}}]},"12":{"loc":{"start":{"line":280,"column":26},"end":{"line":280,"column":63}},"type":"binary-expr","locations":[{"start":{"line":280,"column":26},"end":{"line":280,"column":43}},{"start":{"line":280,"column":47},"end":{"line":280,"column":63}}]},"13":{"loc":{"start":{"line":281,"column":24},"end":{"line":281,"column":78}},"type":"binary-expr","locations":[{"start":{"line":281,"column":24},"end":{"line":281,"column":49}},{"start":{"line":281,"column":53},"end":{"line":281,"column":78}}]},"14":{"loc":{"start":{"line":283,"column":6},"end":{"line":285,"column":7}},"type":"if","locations":[{"start":{"line":283,"column":6},"end":{"line":285,"column":7}},{"start":{},"end":{}}]},"15":{"loc":{"start":{"line":287,"column":6},"end":{"line":289,"column":7}},"type":"if","locations":[{"start":{"line":287,"column":6},"end":{"line":289,"column":7}},{"start":{},"end":{}}]},"16":{"loc":{"start":{"line":327,"column":24},"end":{"line":327,"column":61}},"type":"binary-expr","locations":[{"start":{"line":327,"column":24},"end":{"line":327,"column":41}},{"start":{"line":327,"column":45},"end":{"line":327,"column":61}}]},"17":{"loc":{"start":{"line":328,"column":22},"end":{"line":328,"column":76}},"type":"binary-expr","locations":[{"start":{"line":328,"column":22},"end":{"line":328,"column":47}},{"start":{"line":328,"column":51},"end":{"line":328,"column":76}}]},"18":{"loc":{"start":{"line":330,"column":4},"end":{"line":333,"column":5}},"type":"if","locations":[{"start":{"line":330,"column":4},"end":{"line":333,"column":5}},{"start":{},"end":{}}]},"19":{"loc":{"start":{"line":335,"column":4},"end":{"line":338,"column":5}},"type":"if","locations":[{"start":{"line":335,"column":4},"end":{"line":338,"column":5}},{"start":{},"end":{}}]}},"s":{"0":0,"1":0,"2":0,"3":0,"4":0,"5":0,"6":0,"7":0,"8":0,"9":0,"10":0,"11":0,"12":0,"13":0,"14":0,"15":0,"16":0,"17":0,"18":0,"19":0,"20":0,"21":0,"22":0,"23":0,"24":0,"25":0,"26":0,"27":0,"28":0,"29":0,"30":0,"31":0,"32":0,"33":0,"34":0,"35":0,"36":0,"37":0,"38":0,"39":0,"40":0,"41":0,"42":0,"43":0,"44":0,"45":0,"46":0,"47":0,"48":0,"49":0,"50":0,"51":0,"52":0,"53":0,"54":0,"55":0,"56":0,"57":0,"58":0,"59":0,"60":0,"61":0,"62":0,"63":0,"64":0,"65":0,"66":0,"67":0,"68":0,"69":0,"70":0,"71":0,"72":0,"73":0,"74":0,"75":0,"76":0,"77":0,"78":0,"79":0,"80":0,"81":0,"82":0,"83":0,"84":0,"85":0,"86":0,"87":0,"88":0,"89":0,"90":0,"91":0,"92":0,"93":0,"94":0,"95":0,"96":0,"97":0,"98":0,"99":0,"100":0,"101":0,"102":0,"103":0,"104":0,"105":0,"106":0,"107":0,"108":0,"109":0},"f":{"0":0,"1":0,"2":0,"3":0,"4":0,"5":0,"6":0,"7":0,"8":0,"9":0,"10":0,"11":0},"b":{"0":[0],"1":[0,0],"2":[0,0],"3":[0,0],"4":[0,0],"5":[0,0],"6":[0,0],"7":[0,0],"8":[0,0,0],"9":[0,0],"10":[0,0],"11":[0,0],"12":[0,0],"13":[0,0],"14":[0,0],"15":[0,0],"16":[0,0],"17":[0,0],"18":[0,0],"19":[0,0]}}
,"C:\\Users\\Azer\\RideMobile\\src\\utils\\index.ts": {"path":"C:\\Users\\Azer\\RideMobile\\src\\utils\\index.ts","statementMap":{"0":{"start":{"line":2,"column":29},"end":{"line":5,"column":1}},"1":{"start":{"line":3,"column":21},"end":{"line":3,"column":49}},"2":{"start":{"line":4,"column":2},"end":{"line":4,"column":53}},"3":{"start":{"line":2,"column":13},"end":{"line":2,"column":29}},"4":{"start":{"line":8,"column":30},"end":{"line":13,"column":1}},"5":{"start":{"line":9,"column":2},"end":{"line":12,"column":20}},"6":{"start":{"line":8,"column":13},"end":{"line":8,"column":30}},"7":{"start":{"line":16,"column":30},"end":{"line":22,"column":1}},"8":{"start":{"line":17,"column":2},"end":{"line":19,"column":3}},"9":{"start":{"line":18,"column":4},"end":{"line":18,"column":46}},"10":{"start":{"line":20,"column":13},"end":{"line":20,"column":36}},"11":{"start":{"line":21,"column":2},"end":{"line":21,"column":30}},"12":{"start":{"line":16,"column":13},"end":{"line":16,"column":30}}},"fnMap":{"0":{"name":"(anonymous_0)","decl":{"start":{"line":2,"column":29},"end":{"line":2,"column":30}},"loc":{"start":{"line":2,"column":56},"end":{"line":5,"column":1}}},"1":{"name":"(anonymous_1)","decl":{"start":{"line":8,"column":30},"end":{"line":8,"column":31}},"loc":{"start":{"line":8,"column":75},"end":{"line":13,"column":1}}},"2":{"name":"(anonymous_2)","decl":{"start":{"line":16,"column":30},"end":{"line":16,"column":31}},"loc":{"start":{"line":16,"column":67},"end":{"line":22,"column":1}}}},"branchMap":{"0":{"loc":{"start":{"line":8,"column":47},"end":{"line":8,"column":63}},"type":"default-arg","locations":[{"start":{"line":8,"column":58},"end":{"line":8,"column":63}}]},"1":{"loc":{"start":{"line":17,"column":2},"end":{"line":19,"column":3}},"type":"if","locations":[{"start":{"line":17,"column":2},"end":{"line":19,"column":3}},{"start":{},"end":{}}]}},"s":{"0":0,"1":0,"2":0,"3":0,"4":0,"5":0,"6":0,"7":0,"8":0,"9":0,"10":0,"11":0,"12":0},"f":{"0":0,"1":0,"2":0},"b":{"0":[0],"1":[0,0]}}
}
