TN:
SF:src\components\PaymentMethodSelector.tsx
FN:20,(anonymous_1)
FN:26,(anonymous_2)
FN:39,(anonymous_3)
FN:63,(anonymous_4)
FN:71,(anonymous_5)
FNF:5
FNH:5
FNDA:10,(anonymous_1)
FNDA:40,(anonymous_2)
FNDA:40,(anonymous_3)
FNDA:30,(anonymous_4)
FNDA:2,(anonymous_5)
DA:1,1
DA:2,1
DA:3,1
DA:20,1
DA:26,10
DA:27,40
DA:29,19
DA:31,11
DA:33,10
DA:35,0
DA:39,10
DA:40,40
DA:42,19
DA:44,19
DA:46,0
DA:48,0
DA:50,0
DA:54,10
DA:64,30
DA:71,2
DA:150,1
DA:230,1
LF:22
LH:18
BRDA:24,0,0,8
BRDA:27,1,0,19
BRDA:27,1,1,11
BRDA:27,1,2,10
BRDA:27,1,3,0
BRDA:40,2,0,21
BRDA:42,3,0,19
BRDA:42,3,1,0
BRDA:42,3,2,0
BRDA:42,3,3,0
BRDA:56,4,0,10
BRDA:56,4,1,9
BRDA:68,5,0,30
BRDA:68,5,1,20
BRDA:69,6,0,30
BRDA:69,6,1,10
BRDA:71,7,0,2
BRDA:71,7,1,1
BRDA:86,8,0,30
BRDA:86,8,1,20
BRDA:95,9,0,30
BRDA:95,9,1,20
BRDA:104,10,0,30
BRDA:104,10,1,20
BRDA:115,11,0,30
BRDA:115,11,1,10
BRDA:115,11,2,9
BRDA:119,12,0,30
BRDA:119,12,1,10
BRDA:119,12,2,1
BRDA:126,13,0,30
BRDA:126,13,1,20
BRF:32
BRH:28
end_of_record
TN:
SF:src\constants\index.ts
FNF:0
FNH:0
DA:2,0
DA:9,0
DA:16,0
LF:3
LH:0
BRDA:3,0,0,0
BRDA:3,0,1,0
BRDA:4,1,0,0
BRDA:4,1,1,0
BRDA:19,2,0,0
BRDA:19,2,1,0
BRF:6
BRH:0
end_of_record
TN:
SF:src\contexts\AuthContext.tsx
FN:21,(anonymous_0)
FN:26,(anonymous_1)
FN:30,(anonymous_2)
FN:63,(anonymous_3)
FN:86,(anonymous_4)
FN:102,(anonymous_5)
FN:118,(anonymous_6)
FN:131,(anonymous_7)
FN:158,(anonymous_8)
FNF:9
FNH:0
FNDA:0,(anonymous_0)
FNDA:0,(anonymous_1)
FNDA:0,(anonymous_2)
FNDA:0,(anonymous_3)
FNDA:0,(anonymous_4)
FNDA:0,(anonymous_5)
FNDA:0,(anonymous_6)
FNDA:0,(anonymous_7)
FNDA:0,(anonymous_8)
DA:1,1
DA:2,1
DA:3,1
DA:15,1
DA:21,1
DA:22,0
DA:23,0
DA:26,0
DA:27,0
DA:30,0
DA:31,0
DA:32,0
DA:35,0
DA:37,0
DA:39,0
DA:40,0
DA:41,0
DA:43,0
DA:46,0
DA:47,0
DA:50,0
DA:53,0
DA:55,0
DA:56,0
DA:58,0
DA:63,0
DA:64,0
DA:65,0
DA:68,0
DA:70,0
DA:72,0
DA:73,0
DA:74,0
DA:76,0
DA:79,0
DA:82,0
DA:86,0
DA:87,0
DA:88,0
DA:89,0
DA:90,0
DA:93,0
DA:95,0
DA:96,0
DA:98,0
DA:102,0
DA:103,0
DA:104,0
DA:105,0
DA:106,0
DA:109,0
DA:111,0
DA:112,0
DA:114,0
DA:118,0
DA:119,0
DA:120,0
DA:121,0
DA:123,0
DA:126,0
DA:127,0
DA:131,0
DA:132,0
DA:133,0
DA:134,0
DA:136,0
DA:137,0
DA:141,0
DA:151,0
DA:158,1
DA:159,0
DA:160,0
DA:161,0
DA:163,0
LF:74
LH:6
BRDA:37,0,0,0
BRDA:37,0,1,0
BRDA:40,1,0,0
BRDA:40,1,1,0
BRDA:70,2,0,0
BRDA:70,2,1,0
BRDA:73,3,0,0
BRDA:73,3,1,0
BRDA:160,4,0,0
BRF:9
BRH:0
end_of_record
TN:
SF:src\contexts\NotificationContext.tsx
FN:13,(anonymous_0)
FN:25,(anonymous_1)
FN:30,(anonymous_2)
FN:37,(anonymous_3)
FN:42,(anonymous_4)
FN:65,(anonymous_5)
FN:73,(anonymous_6)
FNF:7
FNH:0
FNDA:0,(anonymous_0)
FNDA:0,(anonymous_1)
FNDA:0,(anonymous_2)
FNDA:0,(anonymous_3)
FNDA:0,(anonymous_4)
FNDA:0,(anonymous_5)
FNDA:0,(anonymous_6)
DA:1,0
DA:2,0
DA:3,0
DA:4,0
DA:11,0
DA:13,0
DA:14,0
DA:15,0
DA:16,0
DA:18,0
DA:25,0
DA:26,0
DA:27,0
DA:28,0
DA:30,0
DA:31,0
DA:32,0
DA:34,0
DA:37,0
DA:38,0
DA:42,0
DA:43,0
DA:45,0
DA:46,0
DA:49,0
DA:52,0
DA:55,0
DA:57,0
DA:59,0
DA:65,0
DA:66,0
DA:67,0
DA:68,0
DA:69,0
DA:73,0
DA:74,0
DA:75,0
DA:80,0
DA:81,0
DA:85,0
DA:90,0
LF:41
LH:0
BRDA:15,0,0,0
BRDA:31,1,0,0
BRDA:31,1,1,0
BRDA:66,2,0,0
BRF:4
BRH:0
end_of_record
TN:
SF:src\contexts\PaymentContext.tsx
FN:23,(anonymous_0)
FN:35,(anonymous_1)
FN:50,(anonymous_2)
FN:60,(anonymous_3)
FN:106,(anonymous_4)
FN:118,(anonymous_5)
FN:131,(anonymous_6)
FN:144,(anonymous_7)
FNF:8
FNH:6
FNDA:11,(anonymous_0)
FNDA:12,(anonymous_1)
FNDA:1,(anonymous_2)
FNDA:4,(anonymous_3)
FNDA:2,(anonymous_4)
FNDA:1,(anonymous_5)
FNDA:0,(anonymous_6)
FNDA:0,(anonymous_7)
DA:1,1
DA:2,1
DA:3,1
DA:21,1
DA:23,1
DA:24,11
DA:25,11
DA:26,0
DA:28,11
DA:35,1
DA:36,12
DA:39,12
DA:42,12
DA:45,12
DA:46,12
DA:47,12
DA:50,12
DA:51,1
DA:52,0
DA:53,0
DA:55,1
DA:56,1
DA:60,12
DA:61,4
DA:62,0
DA:65,4
DA:66,1
DA:69,3
DA:71,3
DA:72,3
DA:77,3
DA:80,3
DA:89,2
DA:93,0
DA:97,0
DA:100,0
DA:103,2
DA:106,2
DA:108,2
DA:110,1
DA:111,1
DA:113,3
DA:118,12
DA:119,1
DA:120,1
DA:121,1
DA:122,1
DA:123,1
DA:125,0
DA:126,0
DA:131,12
DA:132,0
DA:134,0
DA:135,0
DA:136,0
DA:137,0
DA:139,0
DA:144,12
DA:145,0
DA:146,0
DA:147,0
DA:148,0
DA:152,12
DA:165,12
DA:172,1
LF:65
LH:46
BRDA:25,0,0,0
BRDA:51,1,0,0
BRDA:61,2,0,0
BRDA:65,3,0,1
BRDA:77,4,0,3
BRDA:77,4,1,0
BRDA:77,4,2,0
BRDA:77,4,3,0
BRDA:132,5,0,0
BRF:9
BRH:2
end_of_record
TN:
SF:src\contexts\SocketContext.tsx
FN:25,(anonymous_0)
FN:37,(anonymous_1)
FN:43,(anonymous_2)
FN:50,(anonymous_3)
FN:55,(anonymous_4)
FN:67,(anonymous_5)
FN:80,(anonymous_6)
FN:85,(anonymous_7)
FN:92,(anonymous_8)
FN:96,(anonymous_9)
FN:100,(anonymous_10)
FN:104,(anonymous_11)
FN:108,(anonymous_12)
FN:112,(anonymous_13)
FN:116,(anonymous_14)
FN:120,(anonymous_15)
FN:131,(anonymous_16)
FN:141,(anonymous_17)
FN:147,(anonymous_18)
FN:153,(anonymous_19)
FN:159,(anonymous_20)
FN:165,(anonymous_21)
FN:172,(anonymous_22)
FN:179,(anonymous_23)
FN:186,(anonymous_24)
FN:193,(anonymous_25)
FN:200,(anonymous_26)
FNF:27
FNH:0
FNDA:0,(anonymous_0)
FNDA:0,(anonymous_1)
FNDA:0,(anonymous_2)
FNDA:0,(anonymous_3)
FNDA:0,(anonymous_4)
FNDA:0,(anonymous_5)
FNDA:0,(anonymous_6)
FNDA:0,(anonymous_7)
FNDA:0,(anonymous_8)
FNDA:0,(anonymous_9)
FNDA:0,(anonymous_10)
FNDA:0,(anonymous_11)
FNDA:0,(anonymous_12)
FNDA:0,(anonymous_13)
FNDA:0,(anonymous_14)
FNDA:0,(anonymous_15)
FNDA:0,(anonymous_16)
FNDA:0,(anonymous_17)
FNDA:0,(anonymous_18)
FNDA:0,(anonymous_19)
FNDA:0,(anonymous_20)
FNDA:0,(anonymous_21)
FNDA:0,(anonymous_22)
FNDA:0,(anonymous_23)
FNDA:0,(anonymous_24)
FNDA:0,(anonymous_25)
FNDA:0,(anonymous_26)
DA:1,0
DA:2,0
DA:3,0
DA:23,0
DA:25,0
DA:26,0
DA:27,0
DA:28,0
DA:30,0
DA:37,0
DA:38,0
DA:39,0
DA:40,0
DA:41,0
DA:43,0
DA:44,0
DA:45,0
DA:47,0
DA:50,0
DA:51,0
DA:55,0
DA:56,0
DA:57,0
DA:59,0
DA:67,0
DA:68,0
DA:69,0
DA:70,0
DA:73,0
DA:74,0
DA:80,0
DA:81,0
DA:82,0
DA:85,0
DA:86,0
DA:87,0
DA:88,0
DA:92,0
DA:93,0
DA:96,0
DA:97,0
DA:100,0
DA:101,0
DA:104,0
DA:105,0
DA:108,0
DA:109,0
DA:112,0
DA:113,0
DA:116,0
DA:117,0
DA:120,0
DA:121,0
DA:124,0
DA:126,0
DA:127,0
DA:131,0
DA:132,0
DA:133,0
DA:134,0
DA:135,0
DA:136,0
DA:141,0
DA:142,0
DA:143,0
DA:147,0
DA:148,0
DA:149,0
DA:153,0
DA:154,0
DA:155,0
DA:159,0
DA:160,0
DA:161,0
DA:165,0
DA:166,0
DA:167,0
DA:172,0
DA:173,0
DA:174,0
DA:175,0
DA:179,0
DA:180,0
DA:181,0
DA:182,0
DA:186,0
DA:187,0
DA:188,0
DA:189,0
DA:193,0
DA:194,0
DA:195,0
DA:196,0
DA:200,0
DA:201,0
DA:202,0
DA:203,0
DA:207,0
DA:225,0
LF:99
LH:0
BRDA:27,0,0,0
BRDA:44,1,0,0
BRDA:44,1,1,0
BRDA:57,2,0,0
BRDA:57,2,1,0
BRDA:132,3,0,0
BRDA:142,4,0,0
BRDA:148,5,0,0
BRDA:154,6,0,0
BRDA:160,7,0,0
BRDA:166,8,0,0
BRDA:173,9,0,0
BRDA:180,10,0,0
BRDA:187,11,0,0
BRDA:194,12,0,0
BRDA:201,13,0,0
BRF:16
BRH:0
end_of_record
TN:
SF:src\navigation\AppNavigator.tsx
FN:30,(anonymous_1)
FN:33,(anonymous_2)
FN:141,(anonymous_3)
FNF:3
FNH:0
FNDA:0,(anonymous_1)
FNDA:0,(anonymous_2)
FNDA:0,(anonymous_3)
DA:1,0
DA:2,0
DA:3,0
DA:4,0
DA:5,0
DA:6,0
DA:8,0
DA:12,0
DA:13,0
DA:14,0
DA:15,0
DA:16,0
DA:17,0
DA:18,0
DA:19,0
DA:20,0
DA:21,0
DA:22,0
DA:23,0
DA:24,0
DA:25,0
DA:26,0
DA:28,0
DA:30,0
DA:31,0
DA:32,0
DA:33,0
DA:36,0
DA:37,0
DA:44,0
DA:141,0
DA:142,0
DA:151,0
LF:33
LH:0
BRDA:36,0,0,0
BRDA:48,1,0,0
BRDA:48,1,1,0
BRDA:51,2,0,0
BRDA:51,2,1,0
BRDA:77,3,0,0
BRDA:77,3,1,0
BRF:7
BRH:0
end_of_record
TN:
SF:src\screens\DashboardScreen.tsx
FN:9,(anonymous_1)
FN:12,(anonymous_2)
FN:14,(anonymous_3)
FN:27,(anonymous_4)
FN:43,(anonymous_5)
FN:51,(anonymous_6)
FN:59,(anonymous_7)
FN:67,(anonymous_8)
FN:94,(anonymous_9)
FN:142,(anonymous_10)
FN:172,(anonymous_11)
FN:252,(anonymous_12)
FN:288,(anonymous_13)
FNF:13
FNH:0
FNDA:0,(anonymous_1)
FNDA:0,(anonymous_2)
FNDA:0,(anonymous_3)
FNDA:0,(anonymous_4)
FNDA:0,(anonymous_5)
FNDA:0,(anonymous_6)
FNDA:0,(anonymous_7)
FNDA:0,(anonymous_8)
FNDA:0,(anonymous_9)
FNDA:0,(anonymous_10)
FNDA:0,(anonymous_11)
FNDA:0,(anonymous_12)
FNDA:0,(anonymous_13)
DA:1,0
DA:2,0
DA:3,0
DA:4,0
DA:6,0
DA:9,0
DA:10,0
DA:11,0
DA:12,0
DA:14,0
DA:15,0
DA:16,0
DA:28,0
DA:29,0
DA:31,0
DA:32,0
DA:39,0
DA:43,0
DA:44,0
DA:51,0
DA:52,0
DA:59,0
DA:60,0
DA:67,0
DA:68,0
DA:75,0
DA:76,0
DA:79,0
DA:81,0
DA:94,0
DA:142,0
DA:172,0
DA:288,0
DA:289,0
DA:431,0
LF:35
LH:0
BRDA:75,0,0,0
BRDA:94,1,0,0
BRDA:94,1,1,0
BRDA:98,2,0,0
BRDA:98,2,1,0
BRDA:105,3,0,0
BRDA:105,3,1,0
BRDA:108,4,0,0
BRDA:108,4,1,0
BRDA:113,5,0,0
BRDA:113,5,1,0
BRDA:128,6,0,0
BRDA:128,6,1,0
BRDA:131,7,0,0
BRDA:131,7,1,0
BRDA:136,8,0,0
BRDA:136,8,1,0
BRDA:204,9,0,0
BRDA:204,9,1,0
BRDA:207,10,0,0
BRDA:207,10,1,0
BRDA:240,11,0,0
BRDA:240,11,1,0
BRDA:241,12,0,0
BRDA:241,12,1,0
BRDA:243,13,0,0
BRDA:243,13,1,0
BRDA:247,14,0,0
BRDA:247,14,1,0
BRDA:273,15,0,0
BRDA:273,15,1,0
BRF:31
BRH:0
end_of_record
TN:
SF:src\screens\ProfileScreen.tsx
FN:16,(anonymous_1)
FN:19,(anonymous_2)
FN:26,(anonymous_3)
FN:31,(anonymous_4)
FN:47,(anonymous_5)
FN:55,(anonymous_6)
FN:149,(anonymous_7)
FN:201,(anonymous_8)
FNF:8
FNH:0
FNDA:0,(anonymous_1)
FNDA:0,(anonymous_2)
FNDA:0,(anonymous_3)
FNDA:0,(anonymous_4)
FNDA:0,(anonymous_5)
FNDA:0,(anonymous_6)
FNDA:0,(anonymous_7)
FNDA:0,(anonymous_8)
DA:1,0
DA:2,0
DA:3,0
DA:11,0
DA:13,0
DA:16,0
DA:17,0
DA:18,0
DA:19,0
DA:21,0
DA:22,0
DA:23,0
DA:24,0
DA:26,0
DA:28,0
DA:31,0
DA:32,0
DA:33,0
DA:34,0
DA:37,0
DA:47,0
DA:149,0
DA:201,0
DA:202,0
DA:319,0
LF:25
LH:0
BRDA:21,0,0,0
BRDA:21,0,1,0
BRDA:22,1,0,0
BRDA:22,1,1,0
BRDA:32,2,0,0
BRDA:32,2,1,0
BRDA:33,3,0,0
BRDA:33,3,1,0
BRDA:45,4,0,0
BRDA:45,4,1,0
BRDA:122,5,0,0
BRDA:122,5,1,0
BRDA:129,6,0,0
BRDA:129,6,1,0
BRF:14
BRH:0
end_of_record
TN:
SF:src\screens\RequestRideScreen.tsx
FN:43,(anonymous_10)
FN:46,(anonymous_11)
FN:48,(anonymous_12)
FN:55,(anonymous_13)
FN:72,(anonymous_14)
FN:77,(anonymous_15)
FN:91,(anonymous_16)
FN:95,(anonymous_17)
FN:112,(anonymous_18)
FN:120,(anonymous_19)
FN:121,(anonymous_20)
FN:136,(anonymous_21)
FN:154,(anonymous_22)
FN:156,(anonymous_23)
FN:159,(anonymous_24)
FN:169,(anonymous_25)
FNF:16
FNH:0
FNDA:0,(anonymous_10)
FNDA:0,(anonymous_11)
FNDA:0,(anonymous_12)
FNDA:0,(anonymous_13)
FNDA:0,(anonymous_14)
FNDA:0,(anonymous_15)
FNDA:0,(anonymous_16)
FNDA:0,(anonymous_17)
FNDA:0,(anonymous_18)
FNDA:0,(anonymous_19)
FNDA:0,(anonymous_20)
FNDA:0,(anonymous_21)
FNDA:0,(anonymous_22)
FNDA:0,(anonymous_23)
FNDA:0,(anonymous_24)
FNDA:0,(anonymous_25)
DA:1,0
DA:2,0
DA:3,0
DA:4,0
DA:11,0
DA:13,0
DA:16,0
DA:18,0
DA:35,0
DA:43,0
DA:44,0
DA:45,0
DA:46,0
DA:48,0
DA:55,0
DA:56,0
DA:59,0
DA:72,0
DA:77,0
DA:91,0
DA:95,0
DA:112,0
DA:121,0
DA:137,0
DA:154,0
DA:156,0
DA:159,0
DA:169,0
DA:170,0
DA:381,0
LF:30
LH:0
BRDA:75,0,0,0
BRDA:75,0,1,0
BRDA:84,1,0,0
BRDA:84,1,1,0
BRF:4
BRH:0
end_of_record
TN:
SF:src\screens\SettingsScreen.tsx
FN:18,(anonymous_1)
FN:21,(anonymous_2)
FN:26,(anonymous_3)
FN:34,(anonymous_4)
FN:53,(anonymous_5)
FN:85,(anonymous_6)
FN:86,(anonymous_7)
FN:93,(anonymous_8)
FN:94,(anonymous_9)
FN:95,(anonymous_10)
FN:101,(anonymous_11)
FN:102,(anonymous_12)
FN:103,(anonymous_13)
FN:109,(anonymous_14)
FN:110,(anonymous_15)
FN:111,(anonymous_16)
FN:117,(anonymous_17)
FN:118,(anonymous_18)
FN:119,(anonymous_19)
FN:134,(anonymous_20)
FN:135,(anonymous_21)
FN:146,(anonymous_22)
FN:147,(anonymous_23)
FN:158,(anonymous_24)
FN:159,(anonymous_25)
FN:160,(anonymous_26)
FN:175,(anonymous_27)
FN:176,(anonymous_28)
FN:177,(anonymous_29)
FN:183,(anonymous_30)
FN:184,(anonymous_31)
FN:185,(anonymous_32)
FN:191,(anonymous_33)
FN:192,(anonymous_34)
FN:193,(anonymous_35)
FN:207,(anonymous_36)
FN:208,(anonymous_37)
FN:209,(anonymous_38)
FN:214,(anonymous_39)
FN:215,(anonymous_40)
FN:216,(anonymous_41)
FN:241,(anonymous_42)
FNF:42
FNH:0
FNDA:0,(anonymous_1)
FNDA:0,(anonymous_2)
FNDA:0,(anonymous_3)
FNDA:0,(anonymous_4)
FNDA:0,(anonymous_5)
FNDA:0,(anonymous_6)
FNDA:0,(anonymous_7)
FNDA:0,(anonymous_8)
FNDA:0,(anonymous_9)
FNDA:0,(anonymous_10)
FNDA:0,(anonymous_11)
FNDA:0,(anonymous_12)
FNDA:0,(anonymous_13)
FNDA:0,(anonymous_14)
FNDA:0,(anonymous_15)
FNDA:0,(anonymous_16)
FNDA:0,(anonymous_17)
FNDA:0,(anonymous_18)
FNDA:0,(anonymous_19)
FNDA:0,(anonymous_20)
FNDA:0,(anonymous_21)
FNDA:0,(anonymous_22)
FNDA:0,(anonymous_23)
FNDA:0,(anonymous_24)
FNDA:0,(anonymous_25)
FNDA:0,(anonymous_26)
FNDA:0,(anonymous_27)
FNDA:0,(anonymous_28)
FNDA:0,(anonymous_29)
FNDA:0,(anonymous_30)
FNDA:0,(anonymous_31)
FNDA:0,(anonymous_32)
FNDA:0,(anonymous_33)
FNDA:0,(anonymous_34)
FNDA:0,(anonymous_35)
FNDA:0,(anonymous_36)
FNDA:0,(anonymous_37)
FNDA:0,(anonymous_38)
FNDA:0,(anonymous_39)
FNDA:0,(anonymous_40)
FNDA:0,(anonymous_41)
FNDA:0,(anonymous_42)
DA:1,0
DA:2,0
DA:3,0
DA:13,0
DA:15,0
DA:18,0
DA:19,0
DA:20,0
DA:21,0
DA:23,0
DA:24,0
DA:26,0
DA:27,0
DA:28,0
DA:30,0
DA:34,0
DA:35,0
DA:38,0
DA:53,0
DA:85,0
DA:86,0
DA:93,0
DA:94,0
DA:95,0
DA:101,0
DA:102,0
DA:103,0
DA:109,0
DA:110,0
DA:111,0
DA:117,0
DA:118,0
DA:119,0
DA:134,0
DA:136,0
DA:146,0
DA:148,0
DA:158,0
DA:159,0
DA:175,0
DA:176,0
DA:177,0
DA:183,0
DA:184,0
DA:185,0
DA:191,0
DA:192,0
DA:193,0
DA:207,0
DA:208,0
DA:214,0
DA:215,0
DA:241,0
DA:242,0
DA:321,0
LF:55
LH:0
BRDA:51,0,0,0
BRDA:51,0,1,0
BRDA:61,1,0,0
BRDA:61,1,1,0
BRDA:64,2,0,0
BRDA:64,2,1,0
BRDA:67,3,0,0
BRDA:67,3,1,0
BRF:8
BRH:0
end_of_record
TN:
SF:src\screens\auth\LoginScreen.tsx
FN:26,(anonymous_9)
FN:29,(anonymous_10)
FN:38,(anonymous_11)
FN:55,(anonymous_12)
FN:93,(anonymous_13)
FN:108,(anonymous_14)
FN:124,(anonymous_15)
FN:132,(anonymous_16)
FN:160,(anonymous_17)
FN:174,(anonymous_18)
FNF:10
FNH:0
FNDA:0,(anonymous_9)
FNDA:0,(anonymous_10)
FNDA:0,(anonymous_11)
FNDA:0,(anonymous_12)
FNDA:0,(anonymous_13)
FNDA:0,(anonymous_14)
FNDA:0,(anonymous_15)
FNDA:0,(anonymous_16)
FNDA:0,(anonymous_17)
FNDA:0,(anonymous_18)
DA:1,0
DA:2,0
DA:9,0
DA:16,0
DA:18,0
DA:19,0
DA:26,0
DA:27,0
DA:28,0
DA:29,0
DA:31,0
DA:36,0
DA:38,0
DA:39,0
DA:41,0
DA:42,0
DA:43,0
DA:44,0
DA:47,0
DA:48,0
DA:51,0
DA:52,0
DA:55,0
DA:56,0
DA:57,0
DA:60,0
DA:61,0
DA:64,0
DA:68,0
DA:93,0
DA:108,0
DA:124,0
DA:132,0
DA:160,0
DA:174,0
DA:175,0
DA:257,0
LF:37
LH:0
BRDA:41,0,0,0
BRDA:41,0,1,0
BRDA:43,1,0,0
BRDA:47,2,0,0
BRDA:56,3,0,0
BRDA:71,4,0,0
BRDA:71,4,1,0
BRF:7
BRH:0
end_of_record
TN:
SF:src\screens\auth\RegisterScreen.tsx
FN:28,(anonymous_9)
FN:31,(anonymous_10)
FN:45,(anonymous_11)
FN:84,(anonymous_12)
FN:128,(anonymous_13)
FN:146,(anonymous_14)
FN:159,(anonymous_15)
FN:172,(anonymous_16)
FN:187,(anonymous_17)
FN:201,(anonymous_18)
FN:242,(anonymous_19)
FN:256,(anonymous_20)
FNF:12
FNH:0
FNDA:0,(anonymous_9)
FNDA:0,(anonymous_10)
FNDA:0,(anonymous_11)
FNDA:0,(anonymous_12)
FNDA:0,(anonymous_13)
FNDA:0,(anonymous_14)
FNDA:0,(anonymous_15)
FNDA:0,(anonymous_16)
FNDA:0,(anonymous_17)
FNDA:0,(anonymous_18)
FNDA:0,(anonymous_19)
FNDA:0,(anonymous_20)
DA:1,0
DA:2,0
DA:10,0
DA:18,0
DA:20,0
DA:21,0
DA:28,0
DA:29,0
DA:30,0
DA:31,0
DA:33,0
DA:42,0
DA:43,0
DA:45,0
DA:46,0
DA:49,0
DA:50,0
DA:52,0
DA:53,0
DA:57,0
DA:58,0
DA:59,0
DA:60,0
DA:64,0
DA:65,0
DA:66,0
DA:67,0
DA:71,0
DA:72,0
DA:76,0
DA:77,0
DA:80,0
DA:81,0
DA:84,0
DA:85,0
DA:86,0
DA:89,0
DA:90,0
DA:91,0
DA:102,0
DA:106,0
DA:128,0
DA:146,0
DA:159,0
DA:172,0
DA:187,0
DA:201,0
DA:242,0
DA:256,0
DA:257,0
DA:328,0
LF:51
LH:0
BRDA:49,0,0,0
BRDA:52,1,0,0
BRDA:57,2,0,0
BRDA:57,2,1,0
BRDA:59,3,0,0
BRDA:64,4,0,0
BRDA:64,4,1,0
BRDA:66,5,0,0
BRDA:71,6,0,0
BRDA:76,7,0,0
BRDA:85,8,0,0
BRDA:93,9,0,0
BRDA:93,9,1,0
BRDA:109,10,0,0
BRDA:109,10,1,0
BRDA:234,11,0,0
BRDA:234,11,1,0
BRF:17
BRH:0
end_of_record
TN:
SF:src\screens\driver\DriverHomeScreen.tsx
FN:37,(anonymous_9)
FN:50,(anonymous_10)
FN:81,(anonymous_11)
FN:85,(anonymous_12)
FN:91,(anonymous_13)
FN:104,(anonymous_14)
FN:121,(anonymous_15)
FN:144,(anonymous_16)
FN:158,(anonymous_17)
FN:166,(anonymous_18)
FN:176,(anonymous_19)
FN:177,(anonymous_20)
FN:182,(anonymous_21)
FN:187,(anonymous_22)
FN:194,(anonymous_23)
FN:218,(anonymous_24)
FN:221,(anonymous_25)
FN:261,(anonymous_26)
FN:270,(anonymous_27)
FN:276,(anonymous_28)
FN:299,(anonymous_29)
FN:309,(anonymous_30)
FN:410,(anonymous_31)
FN:416,(anonymous_32)
FN:422,(anonymous_33)
FN:428,(anonymous_34)
FN:436,(anonymous_35)
FN:444,(anonymous_36)
FN:460,(anonymous_37)
FNF:29
FNH:0
FNDA:0,(anonymous_9)
FNDA:0,(anonymous_10)
FNDA:0,(anonymous_11)
FNDA:0,(anonymous_12)
FNDA:0,(anonymous_13)
FNDA:0,(anonymous_14)
FNDA:0,(anonymous_15)
FNDA:0,(anonymous_16)
FNDA:0,(anonymous_17)
FNDA:0,(anonymous_18)
FNDA:0,(anonymous_19)
FNDA:0,(anonymous_20)
FNDA:0,(anonymous_21)
FNDA:0,(anonymous_22)
FNDA:0,(anonymous_23)
FNDA:0,(anonymous_24)
FNDA:0,(anonymous_25)
FNDA:0,(anonymous_26)
FNDA:0,(anonymous_27)
FNDA:0,(anonymous_28)
FNDA:0,(anonymous_29)
FNDA:0,(anonymous_30)
FNDA:0,(anonymous_31)
FNDA:0,(anonymous_32)
FNDA:0,(anonymous_33)
FNDA:0,(anonymous_34)
FNDA:0,(anonymous_35)
FNDA:0,(anonymous_36)
FNDA:0,(anonymous_37)
DA:1,0
DA:2,0
DA:3,0
DA:15,0
DA:16,0
DA:17,0
DA:18,0
DA:20,0
DA:21,0
DA:22,0
DA:25,0
DA:26,0
DA:27,0
DA:28,0
DA:31,0
DA:37,0
DA:38,0
DA:48,0
DA:49,0
DA:50,0
DA:53,0
DA:54,0
DA:55,0
DA:56,0
DA:59,0
DA:60,0
DA:61,0
DA:62,0
DA:65,0
DA:72,0
DA:79,0
DA:81,0
DA:82,0
DA:83,0
DA:85,0
DA:86,0
DA:87,0
DA:91,0
DA:92,0
DA:94,0
DA:104,0
DA:105,0
DA:107,0
DA:108,0
DA:110,0
DA:111,0
DA:115,0
DA:117,0
DA:121,0
DA:122,0
DA:123,0
DA:127,0
DA:130,0
DA:136,0
DA:137,0
DA:140,0
DA:144,0
DA:145,0
DA:147,0
DA:150,0
DA:151,0
DA:152,0
DA:155,0
DA:158,0
DA:159,0
DA:161,0
DA:162,0
DA:163,0
DA:166,0
DA:167,0
DA:168,0
DA:169,0
DA:172,0
DA:176,0
DA:177,0
DA:182,0
DA:183,0
DA:187,0
DA:188,0
DA:189,0
DA:190,0
DA:191,0
DA:194,0
DA:195,0
DA:196,0
DA:198,0
DA:199,0
DA:200,0
DA:203,0
DA:204,0
DA:205,0
DA:208,0
DA:209,0
DA:210,0
DA:213,0
DA:214,0
DA:218,0
DA:219,0
DA:221,0
DA:222,0
DA:223,0
DA:224,0
DA:226,0
DA:227,0
DA:228,0
DA:231,0
DA:232,0
DA:245,0
DA:255,0
DA:257,0
DA:261,0
DA:262,0
DA:263,0
DA:264,0
DA:266,0
DA:270,0
DA:271,0
DA:272,0
DA:276,0
DA:277,0
DA:279,0
DA:280,0
DA:281,0
DA:284,0
DA:286,0
DA:287,0
DA:290,0
DA:292,0
DA:293,0
DA:295,0
DA:299,0
DA:300,0
DA:301,0
DA:302,0
DA:303,0
DA:305,0
DA:309,0
DA:310,0
DA:311,0
DA:312,0
DA:314,0
DA:318,0
DA:319,0
DA:327,0
DA:410,0
DA:416,0
DA:422,0
DA:428,0
DA:436,0
DA:444,0
DA:460,0
DA:461,0
DA:592,0
LF:153
LH:0
BRDA:92,0,0,0
BRDA:92,1,0,0
BRDA:92,1,1,0
BRDA:92,1,2,0
BRDA:96,2,0,0
BRDA:96,2,1,0
BRDA:110,3,0,0
BRDA:145,4,0,0
BRDA:155,5,0,0
BRDA:155,5,1,0
BRDA:155,6,0,0
BRDA:155,6,1,0
BRDA:159,7,0,0
BRDA:174,8,0,0
BRDA:174,8,1,0
BRDA:196,9,0,0
BRDA:196,9,1,0
BRDA:198,10,0,0
BRDA:222,11,0,0
BRDA:226,12,0,0
BRDA:231,13,0,0
BRDA:231,14,0,0
BRDA:231,14,1,0
BRDA:271,15,0,0
BRDA:277,16,0,0
BRDA:277,17,0,0
BRDA:277,17,1,0
BRDA:318,18,0,0
BRDA:337,19,0,0
BRDA:337,19,1,0
BRDA:345,20,0,0
BRDA:345,20,1,0
BRDA:357,21,0,0
BRDA:357,21,1,0
BRDA:360,22,0,0
BRDA:360,22,1,0
BRDA:403,23,0,0
BRDA:403,23,1,0
BRF:38
BRH:0
end_of_record
TN:
SF:src\screens\rider\HomeScreen.tsx
FN:36,(anonymous_10)
FN:59,(anonymous_11)
FN:92,(anonymous_12)
FN:96,(anonymous_13)
FN:102,(anonymous_14)
FN:111,(anonymous_15)
FN:114,(anonymous_16)
FN:120,(anonymous_17)
FN:133,(anonymous_18)
FN:142,(anonymous_19)
FN:178,(anonymous_20)
FN:194,(anonymous_21)
FN:205,(anonymous_22)
FN:221,(anonymous_23)
FN:230,(anonymous_24)
FN:243,(anonymous_25)
FN:249,(anonymous_26)
FN:250,(anonymous_27)
FN:259,(anonymous_28)
FN:265,(anonymous_29)
FN:269,(anonymous_30)
FN:294,(anonymous_31)
FN:301,(anonymous_32)
FN:314,(anonymous_33)
FN:322,(anonymous_34)
FN:326,(anonymous_35)
FN:350,(anonymous_36)
FN:393,(anonymous_37)
FN:419,(anonymous_38)
FN:426,(anonymous_39)
FN:431,(anonymous_40)
FN:449,(anonymous_41)
FN:479,(anonymous_42)
FN:537,(anonymous_43)
FN:580,(anonymous_44)
FN:601,(anonymous_45)
FN:634,(anonymous_46)
FN:641,(anonymous_47)
FN:703,(anonymous_48)
FN:714,(anonymous_49)
FN:721,(anonymous_50)
FN:728,(anonymous_51)
FN:742,(anonymous_52)
FN:755,(anonymous_53)
FN:773,(anonymous_54)
FNF:45
FNH:0
FNDA:0,(anonymous_10)
FNDA:0,(anonymous_11)
FNDA:0,(anonymous_12)
FNDA:0,(anonymous_13)
FNDA:0,(anonymous_14)
FNDA:0,(anonymous_15)
FNDA:0,(anonymous_16)
FNDA:0,(anonymous_17)
FNDA:0,(anonymous_18)
FNDA:0,(anonymous_19)
FNDA:0,(anonymous_20)
FNDA:0,(anonymous_21)
FNDA:0,(anonymous_22)
FNDA:0,(anonymous_23)
FNDA:0,(anonymous_24)
FNDA:0,(anonymous_25)
FNDA:0,(anonymous_26)
FNDA:0,(anonymous_27)
FNDA:0,(anonymous_28)
FNDA:0,(anonymous_29)
FNDA:0,(anonymous_30)
FNDA:0,(anonymous_31)
FNDA:0,(anonymous_32)
FNDA:0,(anonymous_33)
FNDA:0,(anonymous_34)
FNDA:0,(anonymous_35)
FNDA:0,(anonymous_36)
FNDA:0,(anonymous_37)
FNDA:0,(anonymous_38)
FNDA:0,(anonymous_39)
FNDA:0,(anonymous_40)
FNDA:0,(anonymous_41)
FNDA:0,(anonymous_42)
FNDA:0,(anonymous_43)
FNDA:0,(anonymous_44)
FNDA:0,(anonymous_45)
FNDA:0,(anonymous_46)
FNDA:0,(anonymous_47)
FNDA:0,(anonymous_48)
FNDA:0,(anonymous_49)
FNDA:0,(anonymous_50)
FNDA:0,(anonymous_51)
FNDA:0,(anonymous_52)
FNDA:0,(anonymous_53)
FNDA:0,(anonymous_54)
DA:1,0
DA:2,0
DA:3,0
DA:16,0
DA:17,0
DA:18,0
DA:19,0
DA:20,0
DA:21,0
DA:22,0
DA:24,0
DA:27,0
DA:28,0
DA:29,0
DA:30,0
DA:36,0
DA:37,0
DA:38,0
DA:45,0
DA:57,0
DA:58,0
DA:59,0
DA:62,0
DA:70,0
DA:71,0
DA:72,0
DA:75,0
DA:78,0
DA:79,0
DA:80,0
DA:83,0
DA:84,0
DA:85,0
DA:86,0
DA:87,0
DA:88,0
DA:90,0
DA:92,0
DA:93,0
DA:96,0
DA:97,0
DA:98,0
DA:102,0
DA:103,0
DA:104,0
DA:105,0
DA:107,0
DA:111,0
DA:112,0
DA:113,0
DA:114,0
DA:115,0
DA:120,0
DA:121,0
DA:122,0
DA:123,0
DA:125,0
DA:126,0
DA:128,0
DA:133,0
DA:138,0
DA:142,0
DA:143,0
DA:144,0
DA:146,0
DA:147,0
DA:153,0
DA:154,0
DA:155,0
DA:158,0
DA:159,0
DA:162,0
DA:167,0
DA:170,0
DA:173,0
DA:174,0
DA:178,0
DA:179,0
DA:181,0
DA:182,0
DA:188,0
DA:190,0
DA:194,0
DA:195,0
DA:197,0
DA:198,0
DA:199,0
DA:201,0
DA:205,0
DA:206,0
DA:208,0
DA:211,0
DA:212,0
DA:213,0
DA:214,0
DA:217,0
DA:218,0
DA:221,0
DA:222,0
DA:224,0
DA:225,0
DA:226,0
DA:227,0
DA:230,0
DA:231,0
DA:233,0
DA:234,0
DA:235,0
DA:236,0
DA:237,0
DA:238,0
DA:239,0
DA:243,0
DA:244,0
DA:247,0
DA:249,0
DA:250,0
DA:251,0
DA:259,0
DA:260,0
DA:261,0
DA:262,0
DA:265,0
DA:269,0
DA:270,0
DA:271,0
DA:273,0
DA:275,0
DA:277,0
DA:279,0
DA:281,0
DA:284,0
DA:287,0
DA:288,0
DA:294,0
DA:301,0
DA:302,0
DA:303,0
DA:304,0
DA:305,0
DA:307,0
DA:314,0
DA:315,0
DA:316,0
DA:317,0
DA:319,0
DA:322,0
DA:326,0
DA:327,0
DA:329,0
DA:330,0
DA:331,0
DA:336,0
DA:337,0
DA:338,0
DA:339,0
DA:342,0
DA:343,0
DA:346,0
DA:350,0
DA:351,0
DA:352,0
DA:353,0
DA:356,0
DA:357,0
DA:359,0
DA:360,0
DA:362,0
DA:363,0
DA:370,0
DA:371,0
DA:372,0
DA:373,0
DA:376,0
DA:386,0
DA:387,0
DA:388,0
DA:389,0
DA:393,0
DA:394,0
DA:395,0
DA:396,0
DA:398,0
DA:399,0
DA:400,0
DA:401,0
DA:402,0
DA:403,0
DA:406,0
DA:409,0
DA:411,0
DA:412,0
DA:413,0
DA:415,0
DA:419,0
DA:420,0
DA:421,0
DA:422,0
DA:423,0
DA:426,0
DA:427,0
DA:431,0
DA:432,0
DA:433,0
DA:434,0
DA:439,0
DA:445,0
DA:449,0
DA:450,0
DA:452,0
DA:453,0
DA:455,0
DA:456,0
DA:458,0
DA:459,0
DA:460,0
DA:461,0
DA:465,0
DA:472,0
DA:475,0
DA:479,0
DA:480,0
DA:481,0
DA:482,0
DA:486,0
DA:487,0
DA:495,0
DA:538,0
DA:580,0
DA:601,0
DA:634,0
DA:641,0
DA:703,0
DA:714,0
DA:721,0
DA:728,0
DA:743,0
DA:744,0
DA:756,0
DA:757,0
DA:759,0
DA:760,0
DA:773,0
DA:774,0
DA:1051,0
LF:245
LH:0
BRDA:97,0,0,0
BRDA:103,1,0,0
BRDA:103,1,1,0
BRDA:103,2,0,0
BRDA:103,2,1,0
BRDA:112,3,0,0
BRDA:112,4,0,0
BRDA:112,4,1,0
BRDA:125,5,0,0
BRDA:125,5,1,0
BRDA:146,6,0,0
BRDA:154,7,0,0
BRDA:179,8,0,0
BRDA:195,9,0,0
BRDA:195,10,0,0
BRDA:195,10,1,0
BRDA:206,11,0,0
BRDA:222,12,0,0
BRDA:233,13,0,0
BRDA:233,13,1,0
BRDA:238,14,0,0
BRDA:247,15,0,0
BRDA:247,16,0,0
BRDA:247,16,1,0
BRDA:251,17,0,0
BRDA:251,17,1,0
BRDA:264,18,0,0
BRDA:264,18,1,0
BRDA:277,19,0,0
BRDA:277,19,1,0
BRDA:277,19,2,0
BRDA:309,20,0,0
BRDA:309,20,1,0
BRDA:321,21,0,0
BRDA:321,21,1,0
BRDA:333,22,0,0
BRDA:333,22,1,0
BRDA:336,23,0,0
BRDA:336,23,1,0
BRDA:338,24,0,0
BRDA:338,24,1,0
BRDA:351,25,0,0
BRDA:351,26,0,0
BRDA:351,26,1,0
BRDA:398,27,0,0
BRDA:398,28,0,0
BRDA:398,28,1,0
BRDA:433,29,0,0
BRDA:433,29,1,0
BRDA:450,30,0,0
BRDA:455,31,0,0
BRDA:458,32,0,0
BRDA:458,32,1,0
BRDA:460,33,0,0
BRDA:480,34,0,0
BRDA:480,34,1,0
BRDA:486,35,0,0
BRDA:507,36,0,0
BRDA:507,36,1,0
BRDA:517,37,0,0
BRDA:517,37,1,0
BRDA:521,38,0,0
BRDA:521,38,1,0
BRDA:527,39,0,0
BRDA:527,39,1,0
BRDA:531,40,0,0
BRDA:531,40,1,0
BRDA:585,41,0,0
BRDA:585,41,1,0
BRDA:606,42,0,0
BRDA:606,42,1,0
BRDA:609,43,0,0
BRDA:609,43,1,0
BRDA:617,44,0,0
BRDA:617,44,1,0
BRDA:617,44,2,0
BRDA:617,44,3,0
BRDA:649,45,0,0
BRDA:649,45,1,0
BRDA:676,46,0,0
BRDA:676,46,1,0
BRDA:690,47,0,0
BRDA:690,47,1,0
BRDA:707,48,0,0
BRDA:707,48,1,0
BRDA:756,49,0,0
BRDA:756,49,1,0
BRF:87
BRH:0
end_of_record
TN:
SF:src\screens\rider\PaymentMethodsScreen.tsx
FN:40,(anonymous_1)
FN:42,(anonymous_2)
FN:61,(anonymous_3)
FN:63,(anonymous_4)
FN:69,(anonymous_5)
FN:77,(anonymous_6)
FN:84,(anonymous_7)
FN:95,(anonymous_8)
FN:101,(anonymous_9)
FN:102,(anonymous_10)
FN:113,(anonymous_11)
FNF:11
FNH:0
FNDA:0,(anonymous_1)
FNDA:0,(anonymous_2)
FNDA:0,(anonymous_3)
FNDA:0,(anonymous_4)
FNDA:0,(anonymous_5)
FNDA:0,(anonymous_6)
FNDA:0,(anonymous_7)
FNDA:0,(anonymous_8)
FNDA:0,(anonymous_9)
FNDA:0,(anonymous_10)
FNDA:0,(anonymous_11)
DA:1,0
DA:2,0
DA:3,0
DA:4,0
DA:8,0
DA:25,0
DA:40,0
DA:41,0
DA:42,0
DA:44,0
DA:64,0
DA:70,0
DA:78,0
DA:96,0
DA:101,0
DA:102,0
DA:113,0
DA:114,0
DA:192,0
LF:19
LH:0
BRDA:79,0,0,0
BRDA:79,0,1,0
BRDA:104,1,0,0
BRDA:104,1,1,0
BRF:4
BRH:0
end_of_record
TN:
SF:src\screens\rider\PromotionsScreen.tsx
FN:27,(anonymous_1)
FN:29,(anonymous_2)
FN:43,(anonymous_3)
FN:49,(anonymous_4)
FN:67,(anonymous_5)
FN:77,(anonymous_6)
FNF:6
FNH:0
FNDA:0,(anonymous_1)
FNDA:0,(anonymous_2)
FNDA:0,(anonymous_3)
FNDA:0,(anonymous_4)
FNDA:0,(anonymous_5)
FNDA:0,(anonymous_6)
DA:1,0
DA:2,0
DA:3,0
DA:4,0
DA:8,0
DA:25,0
DA:27,0
DA:28,0
DA:29,0
DA:31,0
DA:50,0
DA:68,0
DA:77,0
DA:78,0
DA:173,0
LF:15
LH:0
BRF:0
BRH:0
end_of_record
TN:
SF:src\screens\rider\RideHistoryScreen.tsx
FN:52,(anonymous_1)
FN:54,(anonymous_2)
FN:56,(anonymous_3)
FN:103,(anonymous_4)
FN:106,(anonymous_5)
FN:118,(anonymous_6)
FNF:6
FNH:0
FNDA:0,(anonymous_1)
FNDA:0,(anonymous_2)
FNDA:0,(anonymous_3)
FNDA:0,(anonymous_4)
FNDA:0,(anonymous_5)
FNDA:0,(anonymous_6)
DA:1,0
DA:2,0
DA:3,0
DA:4,0
DA:19,0
DA:52,0
DA:53,0
DA:54,0
DA:56,0
DA:57,0
DA:99,0
DA:103,0
DA:106,0
DA:118,0
DA:119,0
DA:211,0
LF:16
LH:0
BRDA:68,0,0,0
BRDA:68,0,1,0
BRDA:70,1,0,0
BRDA:70,1,1,0
BRF:4
BRH:0
end_of_record
TN:
SF:src\screens\rider\RideReceiptScreen.tsx
FN:21,(anonymous_9)
FN:25,(anonymous_10)
FN:32,(anonymous_11)
FN:36,(anonymous_12)
FN:104,(anonymous_13)
FN:133,(anonymous_14)
FN:137,(anonymous_15)
FN:141,(anonymous_16)
FN:380,(anonymous_17)
FN:389,(anonymous_18)
FNF:10
FNH:0
FNDA:0,(anonymous_9)
FNDA:0,(anonymous_10)
FNDA:0,(anonymous_11)
FNDA:0,(anonymous_12)
FNDA:0,(anonymous_13)
FNDA:0,(anonymous_14)
FNDA:0,(anonymous_15)
FNDA:0,(anonymous_16)
FNDA:0,(anonymous_17)
FNDA:0,(anonymous_18)
DA:1,0
DA:2,0
DA:3,0
DA:16,0
DA:18,0
DA:21,0
DA:22,0
DA:23,0
DA:24,0
DA:25,0
DA:27,0
DA:28,0
DA:29,0
DA:30,0
DA:32,0
DA:33,0
DA:36,0
DA:37,0
DA:38,0
DA:39,0
DA:41,0
DA:42,0
DA:43,0
DA:46,0
DA:47,0
DA:50,0
DA:98,0
DA:100,0
DA:104,0
DA:105,0
DA:107,0
DA:108,0
DA:123,0
DA:128,0
DA:129,0
DA:133,0
DA:134,0
DA:137,0
DA:138,0
DA:141,0
DA:142,0
DA:145,0
DA:146,0
DA:154,0
DA:155,0
DA:169,0
DA:380,0
DA:389,0
DA:390,0
DA:576,0
LF:50
LH:0
BRDA:105,0,0,0
BRDA:145,1,0,0
BRDA:154,2,0,0
BRDA:160,3,0,0
BRDA:160,3,1,0
BRDA:318,4,0,0
BRDA:318,4,1,0
BRDA:318,5,0,0
BRDA:318,5,1,0
BRDA:322,6,0,0
BRDA:322,6,1,0
BRDA:327,7,0,0
BRDA:327,7,1,0
BRDA:327,8,0,0
BRDA:327,8,1,0
BRDA:331,9,0,0
BRDA:331,9,1,0
BRDA:348,10,0,0
BRDA:348,10,1,0
BRDA:352,11,0,0
BRDA:352,11,1,0
BRF:21
BRH:0
end_of_record
TN:
SF:src\screens\rider\RideTrackingScreen.tsx
FN:41,(anonymous_9)
FN:46,(anonymous_10)
FN:63,(anonymous_11)
FN:72,(anonymous_12)
FN:79,(anonymous_13)
FN:94,(anonymous_14)
FN:108,(anonymous_15)
FN:120,(anonymous_16)
FN:129,(anonymous_17)
FN:138,(anonymous_18)
FN:148,(anonymous_19)
FN:172,(anonymous_20)
FN:185,(anonymous_21)
FN:243,(anonymous_22)
FN:257,(anonymous_23)
FN:276,(anonymous_24)
FN:276,(anonymous_25)
FN:307,(anonymous_26)
FN:320,(anonymous_27)
FN:406,(anonymous_28)
FN:417,(anonymous_29)
FN:425,(anonymous_30)
FN:433,(anonymous_31)
FN:510,(anonymous_32)
FNF:24
FNH:0
FNDA:0,(anonymous_9)
FNDA:0,(anonymous_10)
FNDA:0,(anonymous_11)
FNDA:0,(anonymous_12)
FNDA:0,(anonymous_13)
FNDA:0,(anonymous_14)
FNDA:0,(anonymous_15)
FNDA:0,(anonymous_16)
FNDA:0,(anonymous_17)
FNDA:0,(anonymous_18)
FNDA:0,(anonymous_19)
FNDA:0,(anonymous_20)
FNDA:0,(anonymous_21)
FNDA:0,(anonymous_22)
FNDA:0,(anonymous_23)
FNDA:0,(anonymous_24)
FNDA:0,(anonymous_25)
FNDA:0,(anonymous_26)
FNDA:0,(anonymous_27)
FNDA:0,(anonymous_28)
FNDA:0,(anonymous_29)
FNDA:0,(anonymous_30)
FNDA:0,(anonymous_31)
FNDA:0,(anonymous_32)
DA:1,0
DA:2,0
DA:3,0
DA:16,0
DA:17,0
DA:18,0
DA:20,0
DA:23,0
DA:24,0
DA:25,0
DA:26,0
DA:41,0
DA:42,0
DA:43,0
DA:44,0
DA:45,0
DA:46,0
DA:49,0
DA:50,0
DA:51,0
DA:52,0
DA:58,0
DA:59,0
DA:61,0
DA:63,0
DA:64,0
DA:66,0
DA:67,0
DA:70,0
DA:72,0
DA:73,0
DA:74,0
DA:79,0
DA:81,0
DA:82,0
DA:83,0
DA:84,0
DA:90,0
DA:94,0
DA:95,0
DA:96,0
DA:104,0
DA:108,0
DA:109,0
DA:110,0
DA:112,0
DA:113,0
DA:114,0
DA:115,0
DA:120,0
DA:121,0
DA:122,0
DA:129,0
DA:130,0
DA:140,0
DA:141,0
DA:148,0
DA:149,0
DA:153,0
DA:154,0
DA:167,0
DA:168,0
DA:172,0
DA:173,0
DA:175,0
DA:177,0
DA:179,0
DA:181,0
DA:185,0
DA:186,0
DA:187,0
DA:188,0
DA:189,0
DA:190,0
DA:194,0
DA:243,0
DA:276,0
DA:320,0
DA:510,0
DA:511,0
DA:796,0
LF:81
LH:0
BRDA:64,0,0,0
BRDA:64,1,0,0
BRDA:64,1,1,0
BRDA:81,2,0,0
BRDA:81,3,0,0
BRDA:81,3,1,0
BRDA:83,4,0,0
BRDA:95,5,0,0
BRDA:109,6,0,0
BRDA:112,7,0,0
BRDA:112,7,1,0
BRDA:114,8,0,0
BRDA:121,9,0,0
BRDA:121,10,0,0
BRDA:121,10,1,0
BRDA:158,11,0,0
BRDA:158,11,1,0
BRDA:159,12,0,0
BRDA:159,12,1,0
BRDA:173,13,0,0
BRDA:173,13,1,0
BRDA:173,13,2,0
BRDA:173,13,3,0
BRDA:186,14,0,0
BRDA:186,14,1,0
BRDA:186,14,2,0
BRDA:186,14,3,0
BRDA:216,15,0,0
BRDA:216,15,1,0
BRDA:220,16,0,0
BRDA:220,16,1,0
BRDA:229,17,0,0
BRDA:229,17,1,0
BRDA:251,18,0,0
BRDA:251,18,1,0
BRDA:269,19,0,0
BRDA:269,19,1,0
BRDA:281,20,0,0
BRDA:281,20,1,0
BRDA:293,21,0,0
BRDA:293,21,1,0
BRDA:352,22,0,0
BRDA:352,22,1,0
BRDA:364,23,0,0
BRDA:364,23,1,0
BRDA:461,24,0,0
BRDA:461,24,1,0
BRDA:565,25,0,0
BRDA:565,25,1,0
BRF:49
BRH:0
end_of_record
TN:
SF:src\screens\rider\SavedPlacesScreen.tsx
FN:36,(anonymous_1)
FN:38,(anonymous_2)
FN:54,(anonymous_3)
FN:62,(anonymous_4)
FN:72,(anonymous_5)
FN:81,(anonymous_6)
FN:85,(anonymous_7)
FN:94,(anonymous_8)
FNF:8
FNH:0
FNDA:0,(anonymous_1)
FNDA:0,(anonymous_2)
FNDA:0,(anonymous_3)
FNDA:0,(anonymous_4)
FNDA:0,(anonymous_5)
FNDA:0,(anonymous_6)
FNDA:0,(anonymous_7)
FNDA:0,(anonymous_8)
DA:1,0
DA:2,0
DA:3,0
DA:4,0
DA:8,0
DA:29,0
DA:36,0
DA:37,0
DA:38,0
DA:40,0
DA:54,0
DA:63,0
DA:72,0
DA:82,0
DA:85,0
DA:94,0
DA:95,0
DA:184,0
LF:18
LH:0
BRDA:74,0,0,0
BRDA:74,0,1,0
BRF:2
BRH:0
end_of_record
TN:
SF:src\screens\rider\SupportScreen.tsx
FN:21,(anonymous_1)
FN:23,(anonymous_2)
FN:34,(anonymous_3)
FN:48,(anonymous_4)
FN:53,(anonymous_5)
FN:54,(anonymous_6)
FN:71,(anonymous_7)
FNF:7
FNH:0
FNDA:0,(anonymous_1)
FNDA:0,(anonymous_2)
FNDA:0,(anonymous_3)
FNDA:0,(anonymous_4)
FNDA:0,(anonymous_5)
FNDA:0,(anonymous_6)
FNDA:0,(anonymous_7)
DA:1,0
DA:2,0
DA:3,0
DA:4,0
DA:8,0
DA:15,0
DA:21,0
DA:22,0
DA:23,0
DA:25,0
DA:35,0
DA:49,0
DA:53,0
DA:54,0
DA:71,0
DA:72,0
DA:152,0
LF:17
LH:0
BRF:0
BRH:0
end_of_record
TN:
SF:src\services\api.ts
FN:33,(anonymous_10)
FN:45,(anonymous_11)
FN:48,(anonymous_12)
FN:59,(anonymous_13)
FN:64,(anonymous_14)
FN:65,(anonymous_15)
FN:90,(anonymous_16)
FN:98,(anonymous_17)
FN:109,(anonymous_18)
FN:130,(anonymous_19)
FN:142,(anonymous_20)
FN:147,(anonymous_21)
FN:152,(anonymous_22)
FN:157,(anonymous_23)
FN:162,(anonymous_24)
FN:168,(anonymous_25)
FN:178,(anonymous_26)
FN:188,(anonymous_27)
FN:196,(anonymous_28)
FN:200,(anonymous_29)
FN:204,(anonymous_30)
FNF:21
FNH:2
FNDA:1,(anonymous_10)
FNDA:1,(anonymous_11)
FNDA:0,(anonymous_12)
FNDA:0,(anonymous_13)
FNDA:0,(anonymous_14)
FNDA:0,(anonymous_15)
FNDA:0,(anonymous_16)
FNDA:0,(anonymous_17)
FNDA:0,(anonymous_18)
FNDA:0,(anonymous_19)
FNDA:0,(anonymous_20)
FNDA:0,(anonymous_21)
FNDA:0,(anonymous_22)
FNDA:0,(anonymous_23)
FNDA:0,(anonymous_24)
FNDA:0,(anonymous_25)
FNDA:0,(anonymous_26)
FNDA:0,(anonymous_27)
FNDA:0,(anonymous_28)
FNDA:0,(anonymous_29)
FNDA:0,(anonymous_30)
DA:1,1
DA:2,1
DA:3,1
DA:6,1
DA:7,1
DA:10,1
DA:31,1
DA:34,1
DA:42,1
DA:47,1
DA:49,0
DA:50,0
DA:53,0
DA:54,0
DA:57,0
DA:59,0
DA:63,1
DA:64,0
DA:66,0
DA:68,0
DA:69,0
DA:71,0
DA:72,0
DA:73,0
DA:74,0
DA:78,0
DA:80,0
DA:84,0
DA:91,0
DA:92,0
DA:94,0
DA:99,0
DA:100,0
DA:101,0
DA:102,0
DA:104,0
DA:105,0
DA:110,0
DA:111,0
DA:112,0
DA:113,0
DA:116,0
DA:120,0
DA:121,0
DA:123,0
DA:125,0
DA:126,0
DA:131,0
DA:132,0
DA:133,0
DA:134,0
DA:135,0
DA:137,0
DA:143,0
DA:144,0
DA:148,0
DA:149,0
DA:153,0
DA:154,0
DA:158,0
DA:159,0
DA:163,0
DA:164,0
DA:169,0
DA:170,0
DA:171,0
DA:173,0
DA:179,0
DA:180,0
DA:181,0
DA:183,0
DA:189,0
DA:190,0
DA:192,0
DA:197,0
DA:201,0
DA:205,0
DA:210,1
DA:211,1
LF:79
LH:13
BRDA:6,0,0,1
BRDA:6,0,1,1
BRDA:7,1,0,1
BRDA:7,1,1,1
BRDA:49,2,0,0
BRDA:53,3,0,0
BRDA:68,4,0,0
BRDA:68,5,0,0
BRDA:68,5,1,0
BRDA:73,6,0,0
BRDA:112,7,0,0
BRDA:181,8,0,0
BRDA:181,8,1,0
BRF:13
BRH:4
end_of_record
TN:
SF:src\services\auth.ts
FN:49,(anonymous_0)
FN:73,(anonymous_1)
FN:89,(anonymous_2)
FN:101,(anonymous_3)
FN:112,(anonymous_4)
FN:117,(anonymous_5)
FNF:6
FNH:0
FNDA:0,(anonymous_0)
FNDA:0,(anonymous_1)
FNDA:0,(anonymous_2)
FNDA:0,(anonymous_3)
FNDA:0,(anonymous_4)
FNDA:0,(anonymous_5)
DA:1,1
DA:50,0
DA:52,0
DA:59,0
DA:62,0
DA:63,0
DA:65,0
DA:67,0
DA:68,0
DA:74,0
DA:75,0
DA:78,0
DA:79,0
DA:81,0
DA:83,0
DA:84,0
DA:90,0
DA:91,0
DA:92,0
DA:93,0
DA:95,0
DA:96,0
DA:102,0
DA:103,0
DA:105,0
DA:107,0
DA:113,0
DA:118,0
DA:119,0
DA:120,0
DA:121,0
DA:123,0
DA:124,0
DA:130,1
DA:131,1
LF:35
LH:3
BRDA:68,0,0,0
BRDA:68,0,1,0
BRDA:84,1,0,0
BRDA:84,1,1,0
BRDA:124,2,0,0
BRDA:124,2,1,0
BRF:6
BRH:0
end_of_record
TN:
SF:src\services\driver.ts
FN:47,(anonymous_0)
FN:63,(anonymous_1)
FN:79,(anonymous_2)
FN:91,(anonymous_3)
FN:102,(anonymous_4)
FN:114,(anonymous_5)
FN:128,(anonymous_6)
FN:145,(anonymous_7)
FN:156,(anonymous_8)
FN:167,(anonymous_9)
FN:178,(anonymous_10)
FN:200,(anonymous_11)
FN:215,(anonymous_12)
FNF:13
FNH:0
FNDA:0,(anonymous_0)
FNDA:0,(anonymous_1)
FNDA:0,(anonymous_2)
FNDA:0,(anonymous_3)
FNDA:0,(anonymous_4)
FNDA:0,(anonymous_5)
FNDA:0,(anonymous_6)
FNDA:0,(anonymous_7)
FNDA:0,(anonymous_8)
FNDA:0,(anonymous_9)
FNDA:0,(anonymous_10)
FNDA:0,(anonymous_11)
FNDA:0,(anonymous_12)
DA:1,0
DA:48,0
DA:49,0
DA:50,0
DA:52,0
DA:53,0
DA:54,0
DA:55,0
DA:57,0
DA:58,0
DA:64,0
DA:65,0
DA:66,0
DA:68,0
DA:69,0
DA:70,0
DA:71,0
DA:73,0
DA:74,0
DA:80,0
DA:81,0
DA:82,0
DA:83,0
DA:85,0
DA:86,0
DA:92,0
DA:93,0
DA:94,0
DA:96,0
DA:97,0
DA:103,0
DA:104,0
DA:105,0
DA:106,0
DA:108,0
DA:109,0
DA:115,0
DA:116,0
DA:119,0
DA:120,0
DA:122,0
DA:123,0
DA:129,0
DA:130,0
DA:131,0
DA:133,0
DA:134,0
DA:146,0
DA:147,0
DA:148,0
DA:150,0
DA:151,0
DA:157,0
DA:158,0
DA:159,0
DA:161,0
DA:162,0
DA:168,0
DA:169,0
DA:170,0
DA:172,0
DA:173,0
DA:189,0
DA:190,0
DA:191,0
DA:192,0
DA:194,0
DA:195,0
DA:205,0
DA:206,0
DA:207,0
DA:209,0
DA:210,0
DA:216,0
DA:217,0
DA:218,0
DA:220,0
DA:221,0
DA:226,0
LF:79
LH:0
BRDA:53,0,0,0
BRDA:69,1,0,0
BRF:2
BRH:0
end_of_record
TN:
SF:src\services\index.ts
FN:2,(anonymous_1)
FN:3,(anonymous_2)
FN:4,(anonymous_3)
FN:5,(anonymous_4)
FN:6,(anonymous_5)
FN:7,(anonymous_6)
FN:8,(anonymous_7)
FN:47,(anonymous_8)
FN:56,(anonymous_9)
FNF:9
FNH:0
FNDA:0,(anonymous_1)
FNDA:0,(anonymous_2)
FNDA:0,(anonymous_3)
FNDA:0,(anonymous_4)
FNDA:0,(anonymous_5)
FNDA:0,(anonymous_6)
FNDA:0,(anonymous_7)
FNDA:0,(anonymous_8)
FNDA:0,(anonymous_9)
DA:2,0
DA:3,0
DA:4,0
DA:5,0
DA:6,0
DA:7,0
DA:8,0
DA:47,0
DA:48,0
DA:49,0
DA:51,0
DA:56,0
DA:57,0
DA:58,0
DA:60,0
LF:15
LH:0
BRF:0
BRH:0
end_of_record
TN:
SF:src\services\location.ts
FN:22,(anonymous_9)
FN:34,(anonymous_10)
FN:60,(anonymous_11)
FN:78,(anonymous_12)
FN:97,(anonymous_13)
FN:136,(anonymous_14)
FN:168,(anonymous_15)
FN:186,(anonymous_16)
FN:199,(anonymous_17)
FN:203,(anonymous_18)
FN:208,(anonymous_19)
FN:218,(anonymous_20)
FNF:12
FNH:0
FNDA:0,(anonymous_9)
FNDA:0,(anonymous_10)
FNDA:0,(anonymous_11)
FNDA:0,(anonymous_12)
FNDA:0,(anonymous_13)
FNDA:0,(anonymous_14)
FNDA:0,(anonymous_15)
FNDA:0,(anonymous_16)
FNDA:0,(anonymous_17)
FNDA:0,(anonymous_18)
FNDA:0,(anonymous_19)
FNDA:0,(anonymous_20)
DA:1,0
DA:19,0
DA:23,0
DA:24,0
DA:25,0
DA:26,0
DA:28,0
DA:29,0
DA:35,0
DA:36,0
DA:37,0
DA:38,0
DA:39,0
DA:43,0
DA:49,0
DA:54,0
DA:55,0
DA:64,0
DA:65,0
DA:66,0
DA:67,0
DA:68,0
DA:72,0
DA:79,0
DA:86,0
DA:88,0
DA:89,0
DA:90,0
DA:92,0
DA:98,0
DA:99,0
DA:104,0
DA:105,0
DA:106,0
DA:113,0
DA:124,0
DA:126,0
DA:127,0
DA:137,0
DA:138,0
DA:140,0
DA:142,0
DA:144,0
DA:149,0
DA:160,0
DA:162,0
DA:163,0
DA:169,0
DA:170,0
DA:171,0
DA:174,0
DA:179,0
DA:180,0
DA:182,0
DA:187,0
DA:188,0
DA:189,0
DA:191,0
DA:192,0
DA:194,0
DA:195,0
DA:200,0
DA:204,0
DA:209,0
DA:210,0
DA:212,0
DA:213,0
DA:220,0
DA:224,0
LF:69
LH:0
BRDA:36,0,0,0
BRDA:38,1,0,0
BRDA:65,2,0,0
BRDA:67,3,0,0
BRDA:89,4,0,0
BRDA:104,5,0,0
BRDA:104,6,0,0
BRDA:104,6,1,0
BRDA:117,7,0,0
BRDA:117,7,1,0
BRDA:118,8,0,0
BRDA:118,8,1,0
BRDA:119,9,0,0
BRDA:119,9,1,0
BRDA:120,10,0,0
BRDA:120,10,1,0
BRDA:152,11,0,0
BRDA:152,11,1,0
BRF:18
BRH:0
end_of_record
TN:
SF:src\services\notification.ts
FN:8,(anonymous_9)
FN:21,(anonymous_10)
FN:89,(anonymous_11)
FN:113,(anonymous_12)
FN:118,(anonymous_13)
FN:132,(anonymous_14)
FN:151,(anonymous_15)
FN:161,(anonymous_16)
FN:179,(anonymous_17)
FN:184,(anonymous_18)
FN:190,(anonymous_19)
FNF:11
FNH:0
FNDA:0,(anonymous_9)
FNDA:0,(anonymous_10)
FNDA:0,(anonymous_11)
FNDA:0,(anonymous_12)
FNDA:0,(anonymous_13)
FNDA:0,(anonymous_14)
FNDA:0,(anonymous_15)
FNDA:0,(anonymous_16)
FNDA:0,(anonymous_17)
FNDA:0,(anonymous_18)
FNDA:0,(anonymous_19)
DA:1,1
DA:2,1
DA:3,1
DA:4,1
DA:7,1
DA:8,0
DA:18,1
DA:22,0
DA:24,0
DA:25,0
DA:26,0
DA:30,0
DA:31,0
DA:34,0
DA:35,0
DA:36,0
DA:39,0
DA:40,0
DA:41,0
DA:44,0
DA:45,0
DA:49,0
DA:50,0
DA:53,0
DA:57,0
DA:61,0
DA:62,0
DA:65,0
DA:66,0
DA:73,0
DA:81,0
DA:83,0
DA:84,0
DA:90,0
DA:91,0
DA:93,0
DA:104,0
DA:105,0
DA:107,0
DA:108,0
DA:118,0
DA:119,0
DA:122,0
DA:124,0
DA:125,0
DA:126,0
DA:127,0
DA:132,0
DA:133,0
DA:135,0
DA:138,0
DA:140,0
DA:141,0
DA:143,0
DA:147,0
DA:152,0
DA:153,0
DA:155,0
DA:156,0
DA:162,0
DA:163,0
DA:172,0
DA:174,0
DA:180,0
DA:185,0
DA:186,0
DA:191,0
DA:192,0
DA:196,1
DA:197,1
LF:70
LH:8
BRDA:24,0,0,0
BRDA:34,1,0,0
BRDA:39,2,0,0
BRDA:45,3,0,0
BRDA:45,3,1,0
BRDA:49,4,0,0
BRDA:65,5,0,0
BRDA:124,6,0,0
BRDA:124,6,1,0
BRDA:126,7,0,0
BRDA:138,8,0,0
BRDA:138,8,1,0
BRDA:138,9,0,0
BRDA:138,9,1,0
BRDA:141,10,0,0
BRDA:141,11,0,0
BRDA:141,11,1,0
BRDA:152,12,0,0
BRDA:155,13,0,0
BRF:19
BRH:0
end_of_record
TN:
SF:src\services\payment.ts
FN:69,(anonymous_0)
FN:99,(anonymous_1)
FN:104,(anonymous_2)
FN:136,(anonymous_3)
FN:151,(anonymous_4)
FN:176,(anonymous_5)
FN:201,(anonymous_6)
FN:212,(anonymous_7)
FN:217,(anonymous_8)
FN:222,(anonymous_9)
FN:238,(anonymous_10)
FNF:11
FNH:11
FNDA:3,(anonymous_0)
FNDA:1,(anonymous_1)
FNDA:3,(anonymous_2)
FNDA:2,(anonymous_3)
FNDA:1,(anonymous_4)
FNDA:1,(anonymous_5)
FNDA:2,(anonymous_6)
FNDA:6,(anonymous_7)
FNDA:4,(anonymous_8)
FNDA:5,(anonymous_9)
FNDA:4,(anonymous_10)
DA:1,1
DA:70,3
DA:100,1
DA:111,3
DA:112,3
DA:114,3
DA:127,2
DA:128,2
DA:130,1
DA:131,1
DA:137,2
DA:138,2
DA:140,2
DA:142,1
DA:143,1
DA:145,1
DA:146,1
DA:157,1
DA:159,1
DA:161,1
DA:168,0
DA:170,1
DA:171,1
DA:182,1
DA:184,1
DA:186,1
DA:193,0
DA:195,1
DA:196,1
DA:202,2
DA:203,2
DA:204,1
DA:206,1
DA:207,1
DA:213,6
DA:218,4
DA:223,5
DA:225,1
DA:227,1
DA:229,1
DA:231,1
DA:233,1
DA:239,4
DA:241,1
DA:243,1
DA:245,1
DA:247,1
DA:252,1
DA:253,1
LF:49
LH:47
BRDA:118,0,0,3
BRDA:118,0,1,3
BRDA:190,1,0,1
BRDA:190,1,1,1
BRDA:213,2,0,6
BRDA:213,2,1,4
BRDA:217,3,0,2
BRDA:223,4,0,1
BRDA:223,4,1,1
BRDA:223,4,2,1
BRDA:223,4,3,1
BRDA:223,4,4,1
BRDA:239,5,0,1
BRDA:239,5,1,1
BRDA:239,5,2,1
BRDA:239,5,3,1
BRF:16
BRH:16
end_of_record
TN:
SF:src\services\ride.ts
FN:64,(anonymous_1)
FN:99,(anonymous_2)
FN:159,(anonymous_3)
FN:170,(anonymous_4)
FN:207,(anonymous_5)
FN:218,(anonymous_6)
FN:228,(anonymous_7)
FN:239,(anonymous_8)
FN:302,(anonymous_9)
FN:353,(anonymous_10)
FN:369,(anonymous_11)
FN:374,(anonymous_12)
FNF:12
FNH:0
FNDA:0,(anonymous_1)
FNDA:0,(anonymous_2)
FNDA:0,(anonymous_3)
FNDA:0,(anonymous_4)
FNDA:0,(anonymous_5)
FNDA:0,(anonymous_6)
FNDA:0,(anonymous_7)
FNDA:0,(anonymous_8)
FNDA:0,(anonymous_9)
FNDA:0,(anonymous_10)
FNDA:0,(anonymous_11)
FNDA:0,(anonymous_12)
DA:1,0
DA:71,0
DA:73,0
DA:74,0
DA:76,0
DA:77,0
DA:79,0
DA:80,0
DA:83,0
DA:84,0
DA:85,0
DA:88,0
DA:90,0
DA:91,0
DA:93,0
DA:94,0
DA:100,0
DA:101,0
DA:104,0
DA:114,0
DA:116,0
DA:117,0
DA:119,0
DA:120,0
DA:123,0
DA:124,0
DA:154,0
DA:160,0
DA:161,0
DA:162,0
DA:164,0
DA:165,0
DA:171,0
DA:172,0
DA:175,0
DA:178,0
DA:179,0
DA:180,0
DA:184,0
DA:185,0
DA:186,0
DA:189,0
DA:190,0
DA:191,0
DA:193,0
DA:194,0
DA:197,0
DA:198,0
DA:199,0
DA:202,0
DA:208,0
DA:209,0
DA:210,0
DA:212,0
DA:213,0
DA:219,0
DA:220,0
DA:222,0
DA:223,0
DA:229,0
DA:230,0
DA:231,0
DA:233,0
DA:234,0
DA:240,0
DA:242,0
DA:246,0
DA:270,0
DA:273,0
DA:276,0
DA:279,0
DA:280,0
DA:281,0
DA:283,0
DA:284,0
DA:287,0
DA:288,0
DA:292,0
DA:294,0
DA:296,0
DA:297,0
DA:310,0
DA:311,0
DA:317,0
DA:318,0
DA:319,0
DA:320,0
DA:323,0
DA:325,0
DA:326,0
DA:327,0
DA:328,0
DA:330,0
DA:331,0
DA:332,0
DA:335,0
DA:336,0
DA:337,0
DA:340,0
DA:342,0
DA:354,0
DA:355,0
DA:356,0
DA:359,0
DA:363,0
DA:364,0
DA:366,0
DA:370,0
DA:375,0
DA:434,0
LF:110
LH:0
BRDA:69,0,0,0
BRDA:73,1,0,0
BRDA:73,1,1,0
BRDA:74,2,0,0
BRDA:74,2,1,0
BRDA:83,3,0,0
BRDA:83,4,0,0
BRDA:83,4,1,0
BRDA:132,5,0,0
BRDA:132,5,1,0
BRDA:133,6,0,0
BRDA:133,6,1,0
BRDA:178,7,0,0
BRDA:178,8,0,0
BRDA:178,8,1,0
BRDA:178,8,2,0
BRDA:184,9,0,0
BRDA:198,10,0,0
BRDA:198,11,0,0
BRDA:198,11,1,0
BRDA:280,12,0,0
BRDA:280,12,1,0
BRDA:281,13,0,0
BRDA:281,13,1,0
BRDA:283,14,0,0
BRDA:287,15,0,0
BRDA:327,16,0,0
BRDA:327,16,1,0
BRDA:328,17,0,0
BRDA:328,17,1,0
BRDA:330,18,0,0
BRDA:335,19,0,0
BRF:32
BRH:0
end_of_record
TN:
SF:src\theme\index.ts
FN:61,(anonymous_0)
FN:78,(anonymous_1)
FNF:2
FNH:0
FNDA:0,(anonymous_0)
FNDA:0,(anonymous_1)
DA:1,0
DA:2,0
DA:5,0
DA:20,0
DA:22,0
DA:48,0
DA:61,0
DA:63,0
DA:72,0
DA:78,0
DA:80,0
LF:11
LH:0
BRDA:61,0,0,0
BRF:1
BRH:0
end_of_record
TN:
SF:src\utils\index.ts
FN:2,(anonymous_0)
FN:8,(anonymous_1)
FN:16,(anonymous_2)
FNF:3
FNH:0
FNDA:0,(anonymous_0)
FNDA:0,(anonymous_1)
FNDA:0,(anonymous_2)
DA:2,0
DA:3,0
DA:4,0
DA:8,0
DA:9,0
DA:16,0
DA:17,0
DA:18,0
DA:20,0
DA:21,0
LF:10
LH:0
BRDA:8,0,0,0
BRDA:17,1,0,0
BRF:2
BRH:0
end_of_record
