TN:
SF:src\components\PaymentMethodSelector.tsx
FN:20,(anonymous_1)
FN:26,(anonymous_2)
FN:39,(anonymous_3)
FN:63,(anonymous_4)
FN:71,(anonymous_5)
FNF:5
FNH:4
FNDA:18,(anonymous_1)
FNDA:72,(anonymous_2)
FNDA:72,(anonymous_3)
FNDA:54,(anonymous_4)
FNDA:0,(anonymous_5)
DA:1,1
DA:2,1
DA:3,1
DA:20,1
DA:26,18
DA:27,72
DA:29,36
DA:31,18
DA:33,18
DA:35,0
DA:39,18
DA:40,72
DA:42,36
DA:44,36
DA:46,0
DA:48,0
DA:50,0
DA:54,18
DA:64,54
DA:71,0
DA:150,1
DA:230,1
LF:22
LH:17
BRDA:24,0,0,14
BRDA:27,1,0,36
BRDA:27,1,1,18
BRDA:27,1,2,18
BRDA:27,1,3,0
BRDA:40,2,0,36
BRDA:40,2,1,36
BRDA:42,3,0,36
BRDA:42,3,1,0
BRDA:42,3,2,0
BRDA:42,3,3,0
BRDA:56,4,0,18
BRDA:56,4,1,16
BRDA:68,5,0,54
BRDA:68,5,1,36
BRDA:69,6,0,54
BRDA:69,6,1,18
BRDA:71,7,0,0
BRDA:71,7,1,0
BRDA:86,8,0,54
BRDA:86,8,1,36
BRDA:95,9,0,54
BRDA:95,9,1,36
BRDA:104,10,0,54
BRDA:104,10,1,36
BRDA:115,11,0,54
BRDA:115,11,1,18
BRDA:115,11,2,18
BRDA:119,12,0,54
BRDA:119,12,1,18
BRDA:119,12,2,0
BRDA:126,13,0,54
BRDA:126,13,1,36
BRF:33
BRH:26
end_of_record
TN:
SF:src\constants\index.ts
FNF:0
FNH:0
DA:2,0
DA:9,0
DA:16,0
LF:3
LH:0
BRDA:3,0,0,0
BRDA:3,0,1,0
BRDA:4,1,0,0
BRDA:4,1,1,0
BRDA:19,2,0,0
BRDA:19,2,1,0
BRF:6
BRH:0
end_of_record
TN:
SF:src\contexts\AuthContext.tsx
FN:21,(anonymous_0)
FN:26,(anonymous_1)
FN:30,(anonymous_2)
FN:63,(anonymous_3)
FN:86,(anonymous_4)
FN:102,(anonymous_5)
FN:118,(anonymous_6)
FN:131,(anonymous_7)
FN:158,(anonymous_8)
FNF:9
FNH:0
FNDA:0,(anonymous_0)
FNDA:0,(anonymous_1)
FNDA:0,(anonymous_2)
FNDA:0,(anonymous_3)
FNDA:0,(anonymous_4)
FNDA:0,(anonymous_5)
FNDA:0,(anonymous_6)
FNDA:0,(anonymous_7)
FNDA:0,(anonymous_8)
DA:1,0
DA:2,0
DA:3,0
DA:15,0
DA:21,0
DA:22,0
DA:23,0
DA:26,0
DA:27,0
DA:30,0
DA:31,0
DA:32,0
DA:35,0
DA:37,0
DA:39,0
DA:40,0
DA:41,0
DA:43,0
DA:46,0
DA:47,0
DA:50,0
DA:53,0
DA:55,0
DA:56,0
DA:58,0
DA:63,0
DA:64,0
DA:65,0
DA:68,0
DA:70,0
DA:72,0
DA:73,0
DA:74,0
DA:76,0
DA:79,0
DA:82,0
DA:86,0
DA:87,0
DA:88,0
DA:89,0
DA:90,0
DA:93,0
DA:95,0
DA:96,0
DA:98,0
DA:102,0
DA:103,0
DA:104,0
DA:105,0
DA:106,0
DA:109,0
DA:111,0
DA:112,0
DA:114,0
DA:118,0
DA:119,0
DA:120,0
DA:121,0
DA:123,0
DA:126,0
DA:127,0
DA:131,0
DA:132,0
DA:133,0
DA:134,0
DA:136,0
DA:137,0
DA:141,0
DA:151,0
DA:158,0
DA:159,0
DA:160,0
DA:161,0
DA:163,0
LF:74
LH:0
BRDA:37,0,0,0
BRDA:37,0,1,0
BRDA:40,1,0,0
BRDA:40,1,1,0
BRDA:70,2,0,0
BRDA:70,2,1,0
BRDA:73,3,0,0
BRDA:73,3,1,0
BRDA:160,4,0,0
BRDA:160,4,1,0
BRF:10
BRH:0
end_of_record
TN:
SF:src\contexts\NotificationContext.tsx
FN:14,(anonymous_0)
FN:26,(anonymous_1)
FN:32,(anonymous_2)
FN:39,(anonymous_3)
FN:44,(anonymous_4)
FN:67,(anonymous_5)
FN:75,(anonymous_6)
FNF:7
FNH:0
FNDA:0,(anonymous_0)
FNDA:0,(anonymous_1)
FNDA:0,(anonymous_2)
FNDA:0,(anonymous_3)
FNDA:0,(anonymous_4)
FNDA:0,(anonymous_5)
FNDA:0,(anonymous_6)
DA:1,0
DA:2,0
DA:3,0
DA:4,0
DA:5,0
DA:12,0
DA:14,0
DA:15,0
DA:16,0
DA:17,0
DA:19,0
DA:26,0
DA:27,0
DA:28,0
DA:29,0
DA:30,0
DA:32,0
DA:33,0
DA:34,0
DA:36,0
DA:39,0
DA:40,0
DA:44,0
DA:45,0
DA:47,0
DA:48,0
DA:51,0
DA:54,0
DA:57,0
DA:59,0
DA:61,0
DA:67,0
DA:68,0
DA:69,0
DA:70,0
DA:71,0
DA:75,0
DA:76,0
DA:77,0
DA:82,0
DA:83,0
DA:87,0
DA:92,0
LF:43
LH:0
BRDA:16,0,0,0
BRDA:16,0,1,0
BRDA:33,1,0,0
BRDA:33,1,1,0
BRDA:68,2,0,0
BRDA:68,2,1,0
BRF:6
BRH:0
end_of_record
TN:
SF:src\contexts\PaymentContext.tsx
FN:23,(anonymous_0)
FN:35,(anonymous_1)
FN:50,(anonymous_2)
FN:60,(anonymous_3)
FN:106,(anonymous_4)
FN:118,(anonymous_5)
FN:131,(anonymous_6)
FN:144,(anonymous_7)
FNF:8
FNH:0
FNDA:0,(anonymous_0)
FNDA:0,(anonymous_1)
FNDA:0,(anonymous_2)
FNDA:0,(anonymous_3)
FNDA:0,(anonymous_4)
FNDA:0,(anonymous_5)
FNDA:0,(anonymous_6)
FNDA:0,(anonymous_7)
DA:1,0
DA:2,0
DA:3,0
DA:21,0
DA:23,0
DA:24,0
DA:25,0
DA:26,0
DA:28,0
DA:35,0
DA:36,0
DA:39,0
DA:42,0
DA:45,0
DA:46,0
DA:47,0
DA:50,0
DA:51,0
DA:52,0
DA:53,0
DA:55,0
DA:56,0
DA:60,0
DA:61,0
DA:62,0
DA:65,0
DA:66,0
DA:69,0
DA:71,0
DA:72,0
DA:77,0
DA:80,0
DA:89,0
DA:93,0
DA:97,0
DA:100,0
DA:103,0
DA:106,0
DA:108,0
DA:110,0
DA:111,0
DA:113,0
DA:118,0
DA:119,0
DA:120,0
DA:121,0
DA:122,0
DA:123,0
DA:125,0
DA:126,0
DA:131,0
DA:132,0
DA:134,0
DA:135,0
DA:136,0
DA:137,0
DA:139,0
DA:144,0
DA:145,0
DA:146,0
DA:147,0
DA:148,0
DA:152,0
DA:165,0
DA:172,0
LF:65
LH:0
BRDA:25,0,0,0
BRDA:25,0,1,0
BRDA:51,1,0,0
BRDA:51,1,1,0
BRDA:61,2,0,0
BRDA:61,2,1,0
BRDA:65,3,0,0
BRDA:65,3,1,0
BRDA:77,4,0,0
BRDA:77,4,1,0
BRDA:77,4,2,0
BRDA:77,4,3,0
BRDA:132,5,0,0
BRDA:132,5,1,0
BRF:14
BRH:0
end_of_record
TN:
SF:src\contexts\SocketContext.tsx
FN:25,(anonymous_0)
FN:37,(anonymous_1)
FN:43,(anonymous_2)
FN:50,(anonymous_3)
FN:55,(anonymous_4)
FN:67,(anonymous_5)
FN:80,(anonymous_6)
FN:85,(anonymous_7)
FN:92,(anonymous_8)
FN:96,(anonymous_9)
FN:100,(anonymous_10)
FN:104,(anonymous_11)
FN:108,(anonymous_12)
FN:112,(anonymous_13)
FN:116,(anonymous_14)
FN:120,(anonymous_15)
FN:131,(anonymous_16)
FN:141,(anonymous_17)
FN:147,(anonymous_18)
FN:153,(anonymous_19)
FN:159,(anonymous_20)
FN:165,(anonymous_21)
FN:172,(anonymous_22)
FN:179,(anonymous_23)
FN:186,(anonymous_24)
FN:193,(anonymous_25)
FN:200,(anonymous_26)
FNF:27
FNH:0
FNDA:0,(anonymous_0)
FNDA:0,(anonymous_1)
FNDA:0,(anonymous_2)
FNDA:0,(anonymous_3)
FNDA:0,(anonymous_4)
FNDA:0,(anonymous_5)
FNDA:0,(anonymous_6)
FNDA:0,(anonymous_7)
FNDA:0,(anonymous_8)
FNDA:0,(anonymous_9)
FNDA:0,(anonymous_10)
FNDA:0,(anonymous_11)
FNDA:0,(anonymous_12)
FNDA:0,(anonymous_13)
FNDA:0,(anonymous_14)
FNDA:0,(anonymous_15)
FNDA:0,(anonymous_16)
FNDA:0,(anonymous_17)
FNDA:0,(anonymous_18)
FNDA:0,(anonymous_19)
FNDA:0,(anonymous_20)
FNDA:0,(anonymous_21)
FNDA:0,(anonymous_22)
FNDA:0,(anonymous_23)
FNDA:0,(anonymous_24)
FNDA:0,(anonymous_25)
FNDA:0,(anonymous_26)
DA:1,0
DA:2,0
DA:3,0
DA:23,0
DA:25,0
DA:26,0
DA:27,0
DA:28,0
DA:30,0
DA:37,0
DA:38,0
DA:39,0
DA:40,0
DA:41,0
DA:43,0
DA:44,0
DA:45,0
DA:47,0
DA:50,0
DA:51,0
DA:55,0
DA:56,0
DA:57,0
DA:59,0
DA:67,0
DA:68,0
DA:69,0
DA:70,0
DA:73,0
DA:74,0
DA:80,0
DA:81,0
DA:82,0
DA:85,0
DA:86,0
DA:87,0
DA:88,0
DA:92,0
DA:93,0
DA:96,0
DA:97,0
DA:100,0
DA:101,0
DA:104,0
DA:105,0
DA:108,0
DA:109,0
DA:112,0
DA:113,0
DA:116,0
DA:117,0
DA:120,0
DA:121,0
DA:124,0
DA:126,0
DA:127,0
DA:131,0
DA:132,0
DA:133,0
DA:134,0
DA:135,0
DA:136,0
DA:141,0
DA:142,0
DA:143,0
DA:147,0
DA:148,0
DA:149,0
DA:153,0
DA:154,0
DA:155,0
DA:159,0
DA:160,0
DA:161,0
DA:165,0
DA:166,0
DA:167,0
DA:172,0
DA:173,0
DA:174,0
DA:175,0
DA:179,0
DA:180,0
DA:181,0
DA:182,0
DA:186,0
DA:187,0
DA:188,0
DA:189,0
DA:193,0
DA:194,0
DA:195,0
DA:196,0
DA:200,0
DA:201,0
DA:202,0
DA:203,0
DA:207,0
DA:225,0
LF:99
LH:0
BRDA:27,0,0,0
BRDA:27,0,1,0
BRDA:44,1,0,0
BRDA:44,1,1,0
BRDA:57,2,0,0
BRDA:57,2,1,0
BRDA:132,3,0,0
BRDA:132,3,1,0
BRDA:142,4,0,0
BRDA:142,4,1,0
BRDA:148,5,0,0
BRDA:148,5,1,0
BRDA:154,6,0,0
BRDA:154,6,1,0
BRDA:160,7,0,0
BRDA:160,7,1,0
BRDA:166,8,0,0
BRDA:166,8,1,0
BRDA:173,9,0,0
BRDA:173,9,1,0
BRDA:180,10,0,0
BRDA:180,10,1,0
BRDA:187,11,0,0
BRDA:187,11,1,0
BRDA:194,12,0,0
BRDA:194,12,1,0
BRDA:201,13,0,0
BRDA:201,13,1,0
BRF:28
BRH:0
end_of_record
TN:
SF:src\navigation\AppNavigator.tsx
FN:20,(anonymous_1)
FNF:1
FNH:0
FNDA:0,(anonymous_1)
DA:2,0
DA:3,0
DA:4,0
DA:5,0
DA:6,0
DA:10,0
DA:11,0
DA:12,0
DA:13,0
DA:14,0
DA:15,0
DA:16,0
DA:18,0
DA:20,0
DA:21,0
DA:24,0
DA:25,0
DA:32,0
DA:86,0
DA:95,0
LF:20
LH:0
BRDA:24,0,0,0
BRDA:24,0,1,0
BRDA:36,1,0,0
BRDA:36,1,1,0
BRDA:42,2,0,0
BRDA:42,2,1,0
BRF:6
BRH:0
end_of_record
TN:
SF:src\screens\DashboardScreen.tsx
FN:15,(anonymous_0)
FN:18,(anonymous_1)
FN:40,(anonymous_2)
FN:67,(anonymous_3)
FN:74,(anonymous_4)
FN:85,(anonymous_5)
FN:92,(anonymous_6)
FN:119,(anonymous_7)
FNF:8
FNH:0
FNDA:0,(anonymous_0)
FNDA:0,(anonymous_1)
FNDA:0,(anonymous_2)
FNDA:0,(anonymous_3)
FNDA:0,(anonymous_4)
FNDA:0,(anonymous_5)
FNDA:0,(anonymous_6)
FNDA:0,(anonymous_7)
DA:2,0
DA:3,0
DA:12,0
DA:15,0
DA:16,0
DA:18,0
DA:19,0
DA:20,0
DA:22,0
DA:26,0
DA:27,0
DA:30,0
DA:32,0
DA:40,0
DA:67,0
DA:85,0
DA:151,0
DA:210,0
LF:18
LH:0
BRDA:26,0,0,0
BRDA:26,0,1,0
BRDA:40,1,0,0
BRDA:40,1,1,0
BRDA:43,2,0,0
BRDA:43,2,1,0
BRDA:47,3,0,0
BRDA:47,3,1,0
BRDA:49,4,0,0
BRDA:49,4,1,0
BRDA:59,5,0,0
BRDA:59,5,1,0
BRDA:61,6,0,0
BRDA:61,6,1,0
BRDA:109,7,0,0
BRDA:109,7,1,0
BRDA:111,8,0,0
BRDA:111,8,1,0
BRDA:115,9,0,0
BRDA:115,9,1,0
BRDA:137,10,0,0
BRDA:137,10,1,0
BRF:22
BRH:0
end_of_record
TN:
SF:src\screens\auth\LoginScreen.tsx
FN:26,(anonymous_0)
FN:36,(anonymous_1)
FN:53,(anonymous_2)
FN:83,(anonymous_3)
FN:98,(anonymous_4)
FN:114,(anonymous_5)
FN:122,(anonymous_6)
FN:147,(anonymous_7)
FNF:8
FNH:0
FNDA:0,(anonymous_0)
FNDA:0,(anonymous_1)
FNDA:0,(anonymous_2)
FNDA:0,(anonymous_3)
FNDA:0,(anonymous_4)
FNDA:0,(anonymous_5)
FNDA:0,(anonymous_6)
FNDA:0,(anonymous_7)
DA:1,0
DA:2,0
DA:9,0
DA:18,0
DA:20,0
DA:26,0
DA:27,0
DA:29,0
DA:34,0
DA:36,0
DA:37,0
DA:39,0
DA:40,0
DA:41,0
DA:42,0
DA:45,0
DA:46,0
DA:49,0
DA:50,0
DA:53,0
DA:54,0
DA:55,0
DA:58,0
DA:59,0
DA:62,0
DA:66,0
DA:83,0
DA:98,0
DA:114,0
DA:122,0
DA:147,0
DA:160,0
DA:217,0
LF:33
LH:0
BRDA:39,0,0,0
BRDA:39,0,1,0
BRDA:41,1,0,0
BRDA:41,1,1,0
BRDA:45,2,0,0
BRDA:45,2,1,0
BRDA:54,3,0,0
BRDA:54,3,1,0
BRDA:69,4,0,0
BRDA:69,4,1,0
BRF:10
BRH:0
end_of_record
TN:
SF:src\screens\auth\RegisterScreen.tsx
FN:28,(anonymous_0)
FN:43,(anonymous_1)
FN:82,(anonymous_2)
FN:121,(anonymous_3)
FN:139,(anonymous_4)
FN:152,(anonymous_5)
FN:165,(anonymous_6)
FN:180,(anonymous_7)
FN:194,(anonymous_8)
FN:234,(anonymous_9)
FNF:10
FNH:0
FNDA:0,(anonymous_0)
FNDA:0,(anonymous_1)
FNDA:0,(anonymous_2)
FNDA:0,(anonymous_3)
FNDA:0,(anonymous_4)
FNDA:0,(anonymous_5)
FNDA:0,(anonymous_6)
FNDA:0,(anonymous_7)
FNDA:0,(anonymous_8)
FNDA:0,(anonymous_9)
DA:1,0
DA:2,0
DA:10,0
DA:20,0
DA:22,0
DA:28,0
DA:29,0
DA:31,0
DA:40,0
DA:41,0
DA:43,0
DA:44,0
DA:47,0
DA:48,0
DA:50,0
DA:51,0
DA:55,0
DA:56,0
DA:57,0
DA:58,0
DA:62,0
DA:63,0
DA:64,0
DA:65,0
DA:69,0
DA:70,0
DA:74,0
DA:75,0
DA:78,0
DA:79,0
DA:82,0
DA:83,0
DA:84,0
DA:87,0
DA:88,0
DA:89,0
DA:100,0
DA:104,0
DA:121,0
DA:139,0
DA:152,0
DA:165,0
DA:180,0
DA:194,0
DA:234,0
DA:247,0
DA:296,0
LF:47
LH:0
BRDA:47,0,0,0
BRDA:47,0,1,0
BRDA:50,1,0,0
BRDA:50,1,1,0
BRDA:55,2,0,0
BRDA:55,2,1,0
BRDA:57,3,0,0
BRDA:57,3,1,0
BRDA:62,4,0,0
BRDA:62,4,1,0
BRDA:64,5,0,0
BRDA:64,5,1,0
BRDA:69,6,0,0
BRDA:69,6,1,0
BRDA:74,7,0,0
BRDA:74,7,1,0
BRDA:83,8,0,0
BRDA:83,8,1,0
BRDA:91,9,0,0
BRDA:91,9,1,0
BRDA:107,10,0,0
BRDA:107,10,1,0
BRDA:226,11,0,0
BRDA:226,11,1,0
BRF:24
BRH:0
end_of_record
TN:
SF:src\screens\driver\DriverHomeScreen.tsx
FN:36,(anonymous_9)
FN:78,(anonymous_10)
FN:82,(anonymous_11)
FN:88,(anonymous_12)
FN:101,(anonymous_13)
FN:118,(anonymous_14)
FN:141,(anonymous_15)
FN:155,(anonymous_16)
FN:163,(anonymous_17)
FN:173,(anonymous_18)
FN:174,(anonymous_19)
FN:179,(anonymous_20)
FN:184,(anonymous_21)
FN:191,(anonymous_22)
FN:215,(anonymous_23)
FN:218,(anonymous_24)
FN:258,(anonymous_25)
FN:267,(anonymous_26)
FN:273,(anonymous_27)
FN:296,(anonymous_28)
FN:306,(anonymous_29)
FN:407,(anonymous_30)
FN:413,(anonymous_31)
FN:419,(anonymous_32)
FN:425,(anonymous_33)
FN:433,(anonymous_34)
FN:441,(anonymous_35)
FNF:27
FNH:0
FNDA:0,(anonymous_9)
FNDA:0,(anonymous_10)
FNDA:0,(anonymous_11)
FNDA:0,(anonymous_12)
FNDA:0,(anonymous_13)
FNDA:0,(anonymous_14)
FNDA:0,(anonymous_15)
FNDA:0,(anonymous_16)
FNDA:0,(anonymous_17)
FNDA:0,(anonymous_18)
FNDA:0,(anonymous_19)
FNDA:0,(anonymous_20)
FNDA:0,(anonymous_21)
FNDA:0,(anonymous_22)
FNDA:0,(anonymous_23)
FNDA:0,(anonymous_24)
FNDA:0,(anonymous_25)
FNDA:0,(anonymous_26)
FNDA:0,(anonymous_27)
FNDA:0,(anonymous_28)
FNDA:0,(anonymous_29)
FNDA:0,(anonymous_30)
FNDA:0,(anonymous_31)
FNDA:0,(anonymous_32)
FNDA:0,(anonymous_33)
FNDA:0,(anonymous_34)
FNDA:0,(anonymous_35)
DA:1,0
DA:2,0
DA:3,0
DA:16,0
DA:17,0
DA:18,0
DA:19,0
DA:21,0
DA:22,0
DA:24,0
DA:25,0
DA:26,0
DA:27,0
DA:30,0
DA:36,0
DA:37,0
DA:47,0
DA:50,0
DA:51,0
DA:52,0
DA:53,0
DA:56,0
DA:57,0
DA:58,0
DA:59,0
DA:62,0
DA:69,0
DA:76,0
DA:78,0
DA:79,0
DA:80,0
DA:82,0
DA:83,0
DA:84,0
DA:88,0
DA:89,0
DA:91,0
DA:101,0
DA:102,0
DA:104,0
DA:105,0
DA:107,0
DA:108,0
DA:112,0
DA:114,0
DA:118,0
DA:119,0
DA:120,0
DA:124,0
DA:127,0
DA:133,0
DA:134,0
DA:137,0
DA:141,0
DA:142,0
DA:144,0
DA:147,0
DA:148,0
DA:149,0
DA:152,0
DA:155,0
DA:156,0
DA:158,0
DA:159,0
DA:160,0
DA:163,0
DA:164,0
DA:165,0
DA:166,0
DA:169,0
DA:173,0
DA:174,0
DA:179,0
DA:180,0
DA:184,0
DA:185,0
DA:186,0
DA:187,0
DA:188,0
DA:191,0
DA:192,0
DA:193,0
DA:195,0
DA:196,0
DA:197,0
DA:200,0
DA:201,0
DA:202,0
DA:205,0
DA:206,0
DA:207,0
DA:210,0
DA:211,0
DA:215,0
DA:216,0
DA:218,0
DA:219,0
DA:220,0
DA:221,0
DA:223,0
DA:224,0
DA:225,0
DA:228,0
DA:229,0
DA:242,0
DA:252,0
DA:254,0
DA:258,0
DA:259,0
DA:260,0
DA:261,0
DA:263,0
DA:267,0
DA:268,0
DA:269,0
DA:273,0
DA:274,0
DA:276,0
DA:277,0
DA:278,0
DA:281,0
DA:283,0
DA:284,0
DA:287,0
DA:289,0
DA:290,0
DA:292,0
DA:296,0
DA:297,0
DA:298,0
DA:299,0
DA:300,0
DA:302,0
DA:306,0
DA:307,0
DA:308,0
DA:309,0
DA:311,0
DA:315,0
DA:316,0
DA:324,0
DA:407,0
DA:413,0
DA:419,0
DA:425,0
DA:433,0
DA:441,0
DA:457,0
DA:564,0
LF:149
LH:0
BRDA:89,0,0,0
BRDA:89,0,1,0
BRDA:89,1,0,0
BRDA:89,1,1,0
BRDA:89,1,2,0
BRDA:93,2,0,0
BRDA:93,2,1,0
BRDA:107,3,0,0
BRDA:107,3,1,0
BRDA:142,4,0,0
BRDA:142,4,1,0
BRDA:152,5,0,0
BRDA:152,5,1,0
BRDA:152,6,0,0
BRDA:152,6,1,0
BRDA:156,7,0,0
BRDA:156,7,1,0
BRDA:171,8,0,0
BRDA:171,8,1,0
BRDA:193,9,0,0
BRDA:193,9,1,0
BRDA:195,10,0,0
BRDA:195,10,1,0
BRDA:219,11,0,0
BRDA:219,11,1,0
BRDA:223,12,0,0
BRDA:223,12,1,0
BRDA:228,13,0,0
BRDA:228,13,1,0
BRDA:228,14,0,0
BRDA:228,14,1,0
BRDA:268,15,0,0
BRDA:268,15,1,0
BRDA:274,16,0,0
BRDA:274,16,1,0
BRDA:274,17,0,0
BRDA:274,17,1,0
BRDA:315,18,0,0
BRDA:315,18,1,0
BRDA:334,19,0,0
BRDA:334,19,1,0
BRDA:342,20,0,0
BRDA:342,20,1,0
BRDA:354,21,0,0
BRDA:354,21,1,0
BRDA:357,22,0,0
BRDA:357,22,1,0
BRDA:400,23,0,0
BRDA:400,23,1,0
BRF:49
BRH:0
end_of_record
TN:
SF:src\screens\rider\HomeScreen.tsx
FN:34,(anonymous_10)
FN:87,(anonymous_11)
FN:91,(anonymous_12)
FN:97,(anonymous_13)
FN:103,(anonymous_14)
FN:106,(anonymous_15)
FN:112,(anonymous_16)
FN:125,(anonymous_17)
FN:134,(anonymous_18)
FN:170,(anonymous_19)
FN:186,(anonymous_20)
FN:197,(anonymous_21)
FN:213,(anonymous_22)
FN:222,(anonymous_23)
FN:235,(anonymous_24)
FN:241,(anonymous_25)
FN:242,(anonymous_26)
FN:251,(anonymous_27)
FN:257,(anonymous_28)
FN:261,(anonymous_29)
FN:286,(anonymous_30)
FN:293,(anonymous_31)
FN:306,(anonymous_32)
FN:314,(anonymous_33)
FN:318,(anonymous_34)
FN:342,(anonymous_35)
FN:385,(anonymous_36)
FN:411,(anonymous_37)
FN:418,(anonymous_38)
FN:436,(anonymous_39)
FN:466,(anonymous_40)
FN:525,(anonymous_41)
FN:567,(anonymous_42)
FN:587,(anonymous_43)
FN:601,(anonymous_44)
FN:608,(anonymous_45)
FN:615,(anonymous_46)
FN:685,(anonymous_47)
FN:696,(anonymous_48)
FN:703,(anonymous_49)
FN:710,(anonymous_50)
FN:734,(anonymous_51)
FNF:42
FNH:0
FNDA:0,(anonymous_10)
FNDA:0,(anonymous_11)
FNDA:0,(anonymous_12)
FNDA:0,(anonymous_13)
FNDA:0,(anonymous_14)
FNDA:0,(anonymous_15)
FNDA:0,(anonymous_16)
FNDA:0,(anonymous_17)
FNDA:0,(anonymous_18)
FNDA:0,(anonymous_19)
FNDA:0,(anonymous_20)
FNDA:0,(anonymous_21)
FNDA:0,(anonymous_22)
FNDA:0,(anonymous_23)
FNDA:0,(anonymous_24)
FNDA:0,(anonymous_25)
FNDA:0,(anonymous_26)
FNDA:0,(anonymous_27)
FNDA:0,(anonymous_28)
FNDA:0,(anonymous_29)
FNDA:0,(anonymous_30)
FNDA:0,(anonymous_31)
FNDA:0,(anonymous_32)
FNDA:0,(anonymous_33)
FNDA:0,(anonymous_34)
FNDA:0,(anonymous_35)
FNDA:0,(anonymous_36)
FNDA:0,(anonymous_37)
FNDA:0,(anonymous_38)
FNDA:0,(anonymous_39)
FNDA:0,(anonymous_40)
FNDA:0,(anonymous_41)
FNDA:0,(anonymous_42)
FNDA:0,(anonymous_43)
FNDA:0,(anonymous_44)
FNDA:0,(anonymous_45)
FNDA:0,(anonymous_46)
FNDA:0,(anonymous_47)
FNDA:0,(anonymous_48)
FNDA:0,(anonymous_49)
FNDA:0,(anonymous_50)
FNDA:0,(anonymous_51)
DA:1,0
DA:2,0
DA:3,0
DA:16,0
DA:17,0
DA:18,0
DA:19,0
DA:20,0
DA:21,0
DA:22,0
DA:25,0
DA:26,0
DA:27,0
DA:28,0
DA:34,0
DA:35,0
DA:36,0
DA:43,0
DA:55,0
DA:58,0
DA:66,0
DA:67,0
DA:68,0
DA:71,0
DA:74,0
DA:75,0
DA:76,0
DA:79,0
DA:80,0
DA:81,0
DA:82,0
DA:83,0
DA:85,0
DA:87,0
DA:88,0
DA:91,0
DA:92,0
DA:93,0
DA:97,0
DA:98,0
DA:99,0
DA:103,0
DA:104,0
DA:105,0
DA:106,0
DA:107,0
DA:112,0
DA:113,0
DA:114,0
DA:115,0
DA:117,0
DA:118,0
DA:120,0
DA:125,0
DA:130,0
DA:134,0
DA:135,0
DA:136,0
DA:138,0
DA:139,0
DA:145,0
DA:146,0
DA:147,0
DA:150,0
DA:151,0
DA:154,0
DA:159,0
DA:162,0
DA:165,0
DA:166,0
DA:170,0
DA:171,0
DA:173,0
DA:174,0
DA:180,0
DA:182,0
DA:186,0
DA:187,0
DA:189,0
DA:190,0
DA:191,0
DA:193,0
DA:197,0
DA:198,0
DA:200,0
DA:203,0
DA:204,0
DA:205,0
DA:206,0
DA:209,0
DA:210,0
DA:213,0
DA:214,0
DA:216,0
DA:217,0
DA:218,0
DA:219,0
DA:222,0
DA:223,0
DA:225,0
DA:226,0
DA:227,0
DA:228,0
DA:229,0
DA:230,0
DA:231,0
DA:235,0
DA:236,0
DA:239,0
DA:241,0
DA:242,0
DA:243,0
DA:251,0
DA:252,0
DA:253,0
DA:254,0
DA:257,0
DA:261,0
DA:262,0
DA:263,0
DA:265,0
DA:267,0
DA:269,0
DA:271,0
DA:273,0
DA:276,0
DA:279,0
DA:280,0
DA:286,0
DA:293,0
DA:294,0
DA:295,0
DA:296,0
DA:297,0
DA:299,0
DA:306,0
DA:307,0
DA:308,0
DA:309,0
DA:311,0
DA:314,0
DA:318,0
DA:319,0
DA:321,0
DA:322,0
DA:323,0
DA:328,0
DA:329,0
DA:330,0
DA:331,0
DA:334,0
DA:335,0
DA:338,0
DA:342,0
DA:343,0
DA:344,0
DA:345,0
DA:348,0
DA:349,0
DA:351,0
DA:352,0
DA:354,0
DA:355,0
DA:362,0
DA:363,0
DA:364,0
DA:365,0
DA:368,0
DA:378,0
DA:379,0
DA:380,0
DA:381,0
DA:385,0
DA:386,0
DA:387,0
DA:388,0
DA:390,0
DA:391,0
DA:392,0
DA:393,0
DA:394,0
DA:395,0
DA:398,0
DA:401,0
DA:403,0
DA:404,0
DA:405,0
DA:407,0
DA:411,0
DA:412,0
DA:413,0
DA:414,0
DA:418,0
DA:419,0
DA:420,0
DA:421,0
DA:426,0
DA:432,0
DA:436,0
DA:437,0
DA:439,0
DA:440,0
DA:442,0
DA:443,0
DA:445,0
DA:446,0
DA:447,0
DA:448,0
DA:452,0
DA:459,0
DA:462,0
DA:466,0
DA:467,0
DA:468,0
DA:469,0
DA:470,0
DA:474,0
DA:475,0
DA:483,0
DA:526,0
DA:567,0
DA:587,0
DA:601,0
DA:608,0
DA:615,0
DA:685,0
DA:696,0
DA:703,0
DA:710,0
DA:734,0
DA:746,0
DA:922,0
LF:232
LH:0
BRDA:92,0,0,0
BRDA:92,0,1,0
BRDA:98,1,0,0
BRDA:98,1,1,0
BRDA:98,2,0,0
BRDA:98,2,1,0
BRDA:104,3,0,0
BRDA:104,3,1,0
BRDA:104,4,0,0
BRDA:104,4,1,0
BRDA:117,5,0,0
BRDA:117,5,1,0
BRDA:138,6,0,0
BRDA:138,6,1,0
BRDA:146,7,0,0
BRDA:146,7,1,0
BRDA:171,8,0,0
BRDA:171,8,1,0
BRDA:187,9,0,0
BRDA:187,9,1,0
BRDA:187,10,0,0
BRDA:187,10,1,0
BRDA:198,11,0,0
BRDA:198,11,1,0
BRDA:214,12,0,0
BRDA:214,12,1,0
BRDA:225,13,0,0
BRDA:225,13,1,0
BRDA:230,14,0,0
BRDA:230,14,1,0
BRDA:239,15,0,0
BRDA:239,15,1,0
BRDA:239,16,0,0
BRDA:239,16,1,0
BRDA:243,17,0,0
BRDA:243,17,1,0
BRDA:256,18,0,0
BRDA:256,18,1,0
BRDA:269,19,0,0
BRDA:269,19,1,0
BRDA:269,19,2,0
BRDA:301,20,0,0
BRDA:301,20,1,0
BRDA:313,21,0,0
BRDA:313,21,1,0
BRDA:325,22,0,0
BRDA:325,22,1,0
BRDA:328,23,0,0
BRDA:328,23,1,0
BRDA:330,24,0,0
BRDA:330,24,1,0
BRDA:343,25,0,0
BRDA:343,25,1,0
BRDA:343,26,0,0
BRDA:343,26,1,0
BRDA:390,27,0,0
BRDA:390,27,1,0
BRDA:390,28,0,0
BRDA:390,28,1,0
BRDA:420,29,0,0
BRDA:420,29,1,0
BRDA:437,30,0,0
BRDA:437,30,1,0
BRDA:442,31,0,0
BRDA:442,31,1,0
BRDA:445,32,0,0
BRDA:445,32,1,0
BRDA:447,33,0,0
BRDA:447,33,1,0
BRDA:467,34,0,0
BRDA:467,34,1,0
BRDA:467,34,2,0
BRDA:474,35,0,0
BRDA:474,35,1,0
BRDA:495,36,0,0
BRDA:495,36,1,0
BRDA:505,37,0,0
BRDA:505,37,1,0
BRDA:509,38,0,0
BRDA:509,38,1,0
BRDA:515,39,0,0
BRDA:515,39,1,0
BRDA:519,40,0,0
BRDA:519,40,1,0
BRDA:561,41,0,0
BRDA:561,41,1,0
BRDA:581,42,0,0
BRDA:581,42,1,0
BRDA:595,43,0,0
BRDA:595,43,1,0
BRDA:595,43,2,0
BRDA:623,44,0,0
BRDA:623,44,1,0
BRDA:650,45,0,0
BRDA:650,45,1,0
BRDA:672,46,0,0
BRDA:672,46,1,0
BRDA:689,47,0,0
BRDA:689,47,1,0
BRDA:731,48,0,0
BRDA:731,48,1,0
BRF:101
BRH:0
end_of_record
TN:
SF:src\screens\rider\RideReceiptScreen.tsx
FN:19,(anonymous_0)
FN:28,(anonymous_1)
FN:32,(anonymous_2)
FN:100,(anonymous_3)
FN:129,(anonymous_4)
FN:133,(anonymous_5)
FN:137,(anonymous_6)
FN:374,(anonymous_7)
FNF:8
FNH:0
FNDA:0,(anonymous_0)
FNDA:0,(anonymous_1)
FNDA:0,(anonymous_2)
FNDA:0,(anonymous_3)
FNDA:0,(anonymous_4)
FNDA:0,(anonymous_5)
FNDA:0,(anonymous_6)
FNDA:0,(anonymous_7)
DA:1,0
DA:2,0
DA:3,0
DA:16,0
DA:19,0
DA:20,0
DA:21,0
DA:23,0
DA:24,0
DA:25,0
DA:26,0
DA:28,0
DA:29,0
DA:32,0
DA:33,0
DA:34,0
DA:35,0
DA:37,0
DA:38,0
DA:39,0
DA:42,0
DA:43,0
DA:46,0
DA:94,0
DA:96,0
DA:100,0
DA:101,0
DA:103,0
DA:104,0
DA:119,0
DA:124,0
DA:125,0
DA:129,0
DA:130,0
DA:133,0
DA:134,0
DA:137,0
DA:138,0
DA:141,0
DA:142,0
DA:150,0
DA:151,0
DA:165,0
DA:374,0
DA:383,0
DA:529,0
LF:46
LH:0
BRDA:101,0,0,0
BRDA:101,0,1,0
BRDA:141,1,0,0
BRDA:141,1,1,0
BRDA:150,2,0,0
BRDA:150,2,1,0
BRDA:156,3,0,0
BRDA:156,3,1,0
BRDA:314,4,0,0
BRDA:314,4,1,0
BRDA:314,5,0,0
BRDA:314,5,1,0
BRDA:318,6,0,0
BRDA:318,6,1,0
BRDA:323,7,0,0
BRDA:323,7,1,0
BRDA:323,8,0,0
BRDA:323,8,1,0
BRDA:327,9,0,0
BRDA:327,9,1,0
BRDA:344,10,0,0
BRDA:344,10,1,0
BRDA:347,11,0,0
BRDA:347,11,1,0
BRF:24
BRH:0
end_of_record
TN:
SF:src\services\api.ts
FN:33,(anonymous_10)
FN:45,(anonymous_11)
FN:48,(anonymous_12)
FN:59,(anonymous_13)
FN:64,(anonymous_14)
FN:65,(anonymous_15)
FN:90,(anonymous_16)
FN:98,(anonymous_17)
FN:109,(anonymous_18)
FN:130,(anonymous_19)
FN:142,(anonymous_20)
FN:147,(anonymous_21)
FN:152,(anonymous_22)
FN:157,(anonymous_23)
FN:162,(anonymous_24)
FN:168,(anonymous_25)
FN:178,(anonymous_26)
FN:188,(anonymous_27)
FNF:18
FNH:0
FNDA:0,(anonymous_10)
FNDA:0,(anonymous_11)
FNDA:0,(anonymous_12)
FNDA:0,(anonymous_13)
FNDA:0,(anonymous_14)
FNDA:0,(anonymous_15)
FNDA:0,(anonymous_16)
FNDA:0,(anonymous_17)
FNDA:0,(anonymous_18)
FNDA:0,(anonymous_19)
FNDA:0,(anonymous_20)
FNDA:0,(anonymous_21)
FNDA:0,(anonymous_22)
FNDA:0,(anonymous_23)
FNDA:0,(anonymous_24)
FNDA:0,(anonymous_25)
FNDA:0,(anonymous_26)
FNDA:0,(anonymous_27)
DA:1,0
DA:2,0
DA:3,0
DA:6,0
DA:7,0
DA:10,0
DA:31,0
DA:34,0
DA:42,0
DA:47,0
DA:49,0
DA:50,0
DA:53,0
DA:54,0
DA:57,0
DA:59,0
DA:63,0
DA:64,0
DA:66,0
DA:68,0
DA:69,0
DA:71,0
DA:72,0
DA:73,0
DA:74,0
DA:78,0
DA:80,0
DA:84,0
DA:91,0
DA:92,0
DA:94,0
DA:99,0
DA:100,0
DA:101,0
DA:102,0
DA:104,0
DA:105,0
DA:110,0
DA:111,0
DA:112,0
DA:113,0
DA:116,0
DA:120,0
DA:121,0
DA:123,0
DA:125,0
DA:126,0
DA:131,0
DA:132,0
DA:133,0
DA:134,0
DA:135,0
DA:137,0
DA:143,0
DA:144,0
DA:148,0
DA:149,0
DA:153,0
DA:154,0
DA:158,0
DA:159,0
DA:163,0
DA:164,0
DA:169,0
DA:170,0
DA:171,0
DA:173,0
DA:179,0
DA:180,0
DA:181,0
DA:183,0
DA:189,0
DA:190,0
DA:192,0
DA:198,0
DA:199,0
LF:76
LH:0
BRDA:6,0,0,0
BRDA:6,0,1,0
BRDA:7,1,0,0
BRDA:7,1,1,0
BRDA:49,2,0,0
BRDA:49,2,1,0
BRDA:53,3,0,0
BRDA:53,3,1,0
BRDA:68,4,0,0
BRDA:68,4,1,0
BRDA:68,5,0,0
BRDA:68,5,1,0
BRDA:73,6,0,0
BRDA:73,6,1,0
BRDA:112,7,0,0
BRDA:112,7,1,0
BRDA:181,8,0,0
BRDA:181,8,1,0
BRF:18
BRH:0
end_of_record
TN:
SF:src\services\auth.ts
FN:49,(anonymous_0)
FN:73,(anonymous_1)
FN:89,(anonymous_2)
FN:101,(anonymous_3)
FN:112,(anonymous_4)
FN:117,(anonymous_5)
FNF:6
FNH:0
FNDA:0,(anonymous_0)
FNDA:0,(anonymous_1)
FNDA:0,(anonymous_2)
FNDA:0,(anonymous_3)
FNDA:0,(anonymous_4)
FNDA:0,(anonymous_5)
DA:1,0
DA:50,0
DA:52,0
DA:59,0
DA:62,0
DA:63,0
DA:65,0
DA:67,0
DA:68,0
DA:74,0
DA:75,0
DA:78,0
DA:79,0
DA:81,0
DA:83,0
DA:84,0
DA:90,0
DA:91,0
DA:92,0
DA:93,0
DA:95,0
DA:96,0
DA:102,0
DA:103,0
DA:105,0
DA:107,0
DA:113,0
DA:118,0
DA:119,0
DA:120,0
DA:121,0
DA:123,0
DA:124,0
DA:130,0
DA:131,0
LF:35
LH:0
BRDA:68,0,0,0
BRDA:68,0,1,0
BRDA:84,1,0,0
BRDA:84,1,1,0
BRDA:124,2,0,0
BRDA:124,2,1,0
BRF:6
BRH:0
end_of_record
TN:
SF:src\services\driver.ts
FN:47,(anonymous_0)
FN:58,(anonymous_1)
FN:69,(anonymous_2)
FN:81,(anonymous_3)
FN:92,(anonymous_4)
FN:104,(anonymous_5)
FN:118,(anonymous_6)
FN:135,(anonymous_7)
FN:146,(anonymous_8)
FN:157,(anonymous_9)
FN:168,(anonymous_10)
FN:190,(anonymous_11)
FN:205,(anonymous_12)
FNF:13
FNH:0
FNDA:0,(anonymous_0)
FNDA:0,(anonymous_1)
FNDA:0,(anonymous_2)
FNDA:0,(anonymous_3)
FNDA:0,(anonymous_4)
FNDA:0,(anonymous_5)
FNDA:0,(anonymous_6)
FNDA:0,(anonymous_7)
FNDA:0,(anonymous_8)
FNDA:0,(anonymous_9)
FNDA:0,(anonymous_10)
FNDA:0,(anonymous_11)
FNDA:0,(anonymous_12)
DA:1,0
DA:48,0
DA:49,0
DA:50,0
DA:52,0
DA:53,0
DA:59,0
DA:60,0
DA:61,0
DA:63,0
DA:64,0
DA:70,0
DA:71,0
DA:72,0
DA:73,0
DA:75,0
DA:76,0
DA:82,0
DA:83,0
DA:84,0
DA:86,0
DA:87,0
DA:93,0
DA:94,0
DA:95,0
DA:96,0
DA:98,0
DA:99,0
DA:105,0
DA:106,0
DA:109,0
DA:110,0
DA:112,0
DA:113,0
DA:119,0
DA:120,0
DA:121,0
DA:123,0
DA:124,0
DA:136,0
DA:137,0
DA:138,0
DA:140,0
DA:141,0
DA:147,0
DA:148,0
DA:149,0
DA:151,0
DA:152,0
DA:158,0
DA:159,0
DA:160,0
DA:162,0
DA:163,0
DA:179,0
DA:180,0
DA:181,0
DA:182,0
DA:184,0
DA:185,0
DA:195,0
DA:196,0
DA:197,0
DA:199,0
DA:200,0
DA:206,0
DA:207,0
DA:208,0
DA:210,0
DA:211,0
DA:216,0
LF:71
LH:0
BRF:0
BRH:0
end_of_record
TN:
SF:src\services\index.ts
FN:2,(anonymous_1)
FN:3,(anonymous_2)
FN:4,(anonymous_3)
FN:5,(anonymous_4)
FN:6,(anonymous_5)
FN:7,(anonymous_6)
FN:8,(anonymous_7)
FN:47,(anonymous_8)
FN:56,(anonymous_9)
FNF:9
FNH:0
FNDA:0,(anonymous_1)
FNDA:0,(anonymous_2)
FNDA:0,(anonymous_3)
FNDA:0,(anonymous_4)
FNDA:0,(anonymous_5)
FNDA:0,(anonymous_6)
FNDA:0,(anonymous_7)
FNDA:0,(anonymous_8)
FNDA:0,(anonymous_9)
DA:2,0
DA:3,0
DA:4,0
DA:5,0
DA:6,0
DA:7,0
DA:8,0
DA:47,0
DA:48,0
DA:49,0
DA:51,0
DA:56,0
DA:57,0
DA:58,0
DA:60,0
LF:15
LH:0
BRF:0
BRH:0
end_of_record
TN:
SF:src\services\location.ts
FN:22,(anonymous_9)
FN:34,(anonymous_10)
FN:60,(anonymous_11)
FN:78,(anonymous_12)
FN:97,(anonymous_13)
FN:136,(anonymous_14)
FN:168,(anonymous_15)
FN:186,(anonymous_16)
FN:199,(anonymous_17)
FN:203,(anonymous_18)
FN:208,(anonymous_19)
FN:218,(anonymous_20)
FNF:12
FNH:0
FNDA:0,(anonymous_9)
FNDA:0,(anonymous_10)
FNDA:0,(anonymous_11)
FNDA:0,(anonymous_12)
FNDA:0,(anonymous_13)
FNDA:0,(anonymous_14)
FNDA:0,(anonymous_15)
FNDA:0,(anonymous_16)
FNDA:0,(anonymous_17)
FNDA:0,(anonymous_18)
FNDA:0,(anonymous_19)
FNDA:0,(anonymous_20)
DA:1,0
DA:19,0
DA:23,0
DA:24,0
DA:25,0
DA:26,0
DA:28,0
DA:29,0
DA:35,0
DA:36,0
DA:37,0
DA:38,0
DA:39,0
DA:43,0
DA:49,0
DA:54,0
DA:55,0
DA:64,0
DA:65,0
DA:66,0
DA:67,0
DA:68,0
DA:72,0
DA:79,0
DA:86,0
DA:88,0
DA:89,0
DA:90,0
DA:92,0
DA:98,0
DA:99,0
DA:104,0
DA:105,0
DA:106,0
DA:113,0
DA:124,0
DA:126,0
DA:127,0
DA:137,0
DA:138,0
DA:140,0
DA:142,0
DA:144,0
DA:149,0
DA:160,0
DA:162,0
DA:163,0
DA:169,0
DA:170,0
DA:171,0
DA:174,0
DA:179,0
DA:180,0
DA:182,0
DA:187,0
DA:188,0
DA:189,0
DA:191,0
DA:192,0
DA:194,0
DA:195,0
DA:200,0
DA:204,0
DA:209,0
DA:210,0
DA:212,0
DA:213,0
DA:220,0
DA:224,0
LF:69
LH:0
BRDA:36,0,0,0
BRDA:36,0,1,0
BRDA:38,1,0,0
BRDA:38,1,1,0
BRDA:65,2,0,0
BRDA:65,2,1,0
BRDA:67,3,0,0
BRDA:67,3,1,0
BRDA:89,4,0,0
BRDA:89,4,1,0
BRDA:104,5,0,0
BRDA:104,5,1,0
BRDA:104,6,0,0
BRDA:104,6,1,0
BRDA:117,7,0,0
BRDA:117,7,1,0
BRDA:118,8,0,0
BRDA:118,8,1,0
BRDA:119,9,0,0
BRDA:119,9,1,0
BRDA:120,10,0,0
BRDA:120,10,1,0
BRDA:152,11,0,0
BRDA:152,11,1,0
BRF:24
BRH:0
end_of_record
TN:
SF:src\services\notification.ts
FN:8,(anonymous_9)
FN:21,(anonymous_10)
FN:77,(anonymous_11)
FN:101,(anonymous_12)
FN:106,(anonymous_13)
FN:120,(anonymous_14)
FN:139,(anonymous_15)
FN:149,(anonymous_16)
FN:167,(anonymous_17)
FN:172,(anonymous_18)
FN:178,(anonymous_19)
FNF:11
FNH:0
FNDA:0,(anonymous_9)
FNDA:0,(anonymous_10)
FNDA:0,(anonymous_11)
FNDA:0,(anonymous_12)
FNDA:0,(anonymous_13)
FNDA:0,(anonymous_14)
FNDA:0,(anonymous_15)
FNDA:0,(anonymous_16)
FNDA:0,(anonymous_17)
FNDA:0,(anonymous_18)
FNDA:0,(anonymous_19)
DA:1,0
DA:2,0
DA:3,0
DA:4,0
DA:7,0
DA:8,0
DA:18,0
DA:22,0
DA:24,0
DA:25,0
DA:26,0
DA:30,0
DA:31,0
DA:34,0
DA:35,0
DA:36,0
DA:39,0
DA:40,0
DA:41,0
DA:45,0
DA:49,0
DA:50,0
DA:53,0
DA:54,0
DA:61,0
DA:69,0
DA:71,0
DA:72,0
DA:78,0
DA:79,0
DA:81,0
DA:92,0
DA:93,0
DA:95,0
DA:96,0
DA:106,0
DA:107,0
DA:110,0
DA:112,0
DA:113,0
DA:114,0
DA:115,0
DA:120,0
DA:121,0
DA:123,0
DA:126,0
DA:128,0
DA:129,0
DA:131,0
DA:135,0
DA:140,0
DA:141,0
DA:143,0
DA:144,0
DA:150,0
DA:151,0
DA:160,0
DA:162,0
DA:168,0
DA:173,0
DA:174,0
DA:179,0
DA:180,0
DA:184,0
DA:185,0
LF:65
LH:0
BRDA:24,0,0,0
BRDA:24,0,1,0
BRDA:34,1,0,0
BRDA:34,1,1,0
BRDA:39,2,0,0
BRDA:39,2,1,0
BRDA:46,3,0,0
BRDA:46,3,1,0
BRDA:53,4,0,0
BRDA:53,4,1,0
BRDA:112,5,0,0
BRDA:112,5,1,0
BRDA:114,6,0,0
BRDA:114,6,1,0
BRDA:126,7,0,0
BRDA:126,7,1,0
BRDA:126,8,0,0
BRDA:126,8,1,0
BRDA:129,9,0,0
BRDA:129,9,1,0
BRDA:129,10,0,0
BRDA:129,10,1,0
BRDA:140,11,0,0
BRDA:140,11,1,0
BRDA:143,12,0,0
BRDA:143,12,1,0
BRF:26
BRH:0
end_of_record
TN:
SF:src\services\payment.ts
FN:69,(anonymous_0)
FN:99,(anonymous_1)
FN:104,(anonymous_2)
FN:136,(anonymous_3)
FN:151,(anonymous_4)
FN:176,(anonymous_5)
FN:201,(anonymous_6)
FN:212,(anonymous_7)
FN:217,(anonymous_8)
FN:222,(anonymous_9)
FN:238,(anonymous_10)
FNF:11
FNH:0
FNDA:0,(anonymous_0)
FNDA:0,(anonymous_1)
FNDA:0,(anonymous_2)
FNDA:0,(anonymous_3)
FNDA:0,(anonymous_4)
FNDA:0,(anonymous_5)
FNDA:0,(anonymous_6)
FNDA:0,(anonymous_7)
FNDA:0,(anonymous_8)
FNDA:0,(anonymous_9)
FNDA:0,(anonymous_10)
DA:1,0
DA:70,0
DA:100,0
DA:111,0
DA:112,0
DA:114,0
DA:127,0
DA:128,0
DA:130,0
DA:131,0
DA:137,0
DA:138,0
DA:140,0
DA:142,0
DA:143,0
DA:145,0
DA:146,0
DA:157,0
DA:159,0
DA:161,0
DA:168,0
DA:170,0
DA:171,0
DA:182,0
DA:184,0
DA:186,0
DA:193,0
DA:195,0
DA:196,0
DA:202,0
DA:203,0
DA:204,0
DA:206,0
DA:207,0
DA:213,0
DA:218,0
DA:223,0
DA:225,0
DA:227,0
DA:229,0
DA:231,0
DA:233,0
DA:239,0
DA:241,0
DA:243,0
DA:245,0
DA:247,0
DA:252,0
DA:253,0
LF:49
LH:0
BRDA:118,0,0,0
BRDA:118,0,1,0
BRDA:190,1,0,0
BRDA:190,1,1,0
BRDA:213,2,0,0
BRDA:213,2,1,0
BRDA:217,3,0,0
BRDA:223,4,0,0
BRDA:223,4,1,0
BRDA:223,4,2,0
BRDA:223,4,3,0
BRDA:223,4,4,0
BRDA:239,5,0,0
BRDA:239,5,1,0
BRDA:239,5,2,0
BRDA:239,5,3,0
BRF:16
BRH:0
end_of_record
TN:
SF:src\services\ride.ts
FN:64,(anonymous_1)
FN:99,(anonymous_2)
FN:159,(anonymous_3)
FN:170,(anonymous_4)
FN:207,(anonymous_5)
FN:218,(anonymous_6)
FN:228,(anonymous_7)
FN:239,(anonymous_8)
FN:302,(anonymous_9)
FN:353,(anonymous_10)
FN:369,(anonymous_11)
FN:374,(anonymous_12)
FNF:12
FNH:0
FNDA:0,(anonymous_1)
FNDA:0,(anonymous_2)
FNDA:0,(anonymous_3)
FNDA:0,(anonymous_4)
FNDA:0,(anonymous_5)
FNDA:0,(anonymous_6)
FNDA:0,(anonymous_7)
FNDA:0,(anonymous_8)
FNDA:0,(anonymous_9)
FNDA:0,(anonymous_10)
FNDA:0,(anonymous_11)
FNDA:0,(anonymous_12)
DA:1,0
DA:71,0
DA:73,0
DA:74,0
DA:76,0
DA:77,0
DA:79,0
DA:80,0
DA:83,0
DA:84,0
DA:85,0
DA:88,0
DA:90,0
DA:91,0
DA:93,0
DA:94,0
DA:100,0
DA:101,0
DA:104,0
DA:114,0
DA:116,0
DA:117,0
DA:119,0
DA:120,0
DA:123,0
DA:124,0
DA:154,0
DA:160,0
DA:161,0
DA:162,0
DA:164,0
DA:165,0
DA:171,0
DA:172,0
DA:175,0
DA:178,0
DA:179,0
DA:180,0
DA:184,0
DA:185,0
DA:186,0
DA:189,0
DA:190,0
DA:191,0
DA:193,0
DA:194,0
DA:197,0
DA:198,0
DA:199,0
DA:202,0
DA:208,0
DA:209,0
DA:210,0
DA:212,0
DA:213,0
DA:219,0
DA:220,0
DA:222,0
DA:223,0
DA:229,0
DA:230,0
DA:231,0
DA:233,0
DA:234,0
DA:240,0
DA:242,0
DA:246,0
DA:270,0
DA:273,0
DA:276,0
DA:279,0
DA:280,0
DA:281,0
DA:283,0
DA:284,0
DA:287,0
DA:288,0
DA:292,0
DA:294,0
DA:296,0
DA:297,0
DA:310,0
DA:311,0
DA:317,0
DA:318,0
DA:319,0
DA:320,0
DA:323,0
DA:325,0
DA:326,0
DA:327,0
DA:328,0
DA:330,0
DA:331,0
DA:332,0
DA:335,0
DA:336,0
DA:337,0
DA:340,0
DA:342,0
DA:354,0
DA:355,0
DA:356,0
DA:359,0
DA:363,0
DA:364,0
DA:366,0
DA:370,0
DA:375,0
DA:434,0
LF:110
LH:0
BRDA:69,0,0,0
BRDA:73,1,0,0
BRDA:73,1,1,0
BRDA:74,2,0,0
BRDA:74,2,1,0
BRDA:83,3,0,0
BRDA:83,3,1,0
BRDA:83,4,0,0
BRDA:83,4,1,0
BRDA:132,5,0,0
BRDA:132,5,1,0
BRDA:133,6,0,0
BRDA:133,6,1,0
BRDA:178,7,0,0
BRDA:178,7,1,0
BRDA:178,8,0,0
BRDA:178,8,1,0
BRDA:178,8,2,0
BRDA:184,9,0,0
BRDA:184,9,1,0
BRDA:198,10,0,0
BRDA:198,10,1,0
BRDA:198,11,0,0
BRDA:198,11,1,0
BRDA:280,12,0,0
BRDA:280,12,1,0
BRDA:281,13,0,0
BRDA:281,13,1,0
BRDA:283,14,0,0
BRDA:283,14,1,0
BRDA:287,15,0,0
BRDA:287,15,1,0
BRDA:327,16,0,0
BRDA:327,16,1,0
BRDA:328,17,0,0
BRDA:328,17,1,0
BRDA:330,18,0,0
BRDA:330,18,1,0
BRDA:335,19,0,0
BRDA:335,19,1,0
BRF:40
BRH:0
end_of_record
TN:
SF:src\utils\index.ts
FN:2,(anonymous_0)
FN:8,(anonymous_1)
FN:16,(anonymous_2)
FNF:3
FNH:0
FNDA:0,(anonymous_0)
FNDA:0,(anonymous_1)
FNDA:0,(anonymous_2)
DA:2,0
DA:3,0
DA:4,0
DA:8,0
DA:9,0
DA:16,0
DA:17,0
DA:18,0
DA:20,0
DA:21,0
LF:10
LH:0
BRDA:8,0,0,0
BRDA:17,1,0,0
BRDA:17,1,1,0
BRF:3
BRH:0
end_of_record
